            --------------------------------------------------------
                             AMBER SQM VERSION 14
 
                                     By
              Ross C. Walker, Michael F. Crowley, Scott Brozell,
                         Tim Giese, Andreas W. Goetz,
                        Tai-Sung Lee and David A. Case
 
            --------------------------------------------------------
 

--------------------------------------------------------------------------------
  QM CALCULATION INFO
--------------------------------------------------------------------------------

| QMMM: Citation for AMBER QMMM Run:
| QMMM: R.C. Walker, M.F. Crowley and D.A. Case, J. COMP. CHEM. 29:1019, 2008

QMMM: SINGLET STATE CALCULATION
QMMM: RHF CALCULATION, NO. OF DOUBLY OCCUPIED LEVELS = 38

| QMMM: *** Selected Hamiltonian *** 
| QMMM: AM1         

| QMMM: *** Parameter sets in use ***
| QMMM: O : M.J.S.DEWAR et al. JACS, 107, 3902, (1985)
| QMMM: C : M.J.S.DEWAR et al. JACS, 107, 3902, (1985)
| QMMM: N : M.J.S.DEWAR et al. JACS, 107, 3902, (1985)
| QMMM: H : M.J.S.DEWAR et al. JACS, 107, 3902, (1985)

| QMMM: *** SCF convergence criteria ***
| QMMM: Energy change                :  0.1D-09 kcal/mol
| QMMM: Error matrix |FP-PF|         :  0.1D+00 au
| QMMM: Density matrix change        :  0.5D-06
| QMMM: Maximum number of SCF cycles :     1000
 
| QMMM: *** Diagonalization Routine Information ***
| QMMM: Pseudo diagonalizations are allowed.
| QMMM: Auto diagonalization routine selection is in use.
| QMMM:
| QMMM: Timing diagonalization routines:
| QMMM:                              norbs =       68
| QMMM:    diag iterations used for timing =       15
| QMMM:
| QMMM:              Internal diag routine = 0.022205 seconds
| QMMM:                 Dspev diag routine = 0.027210 seconds
| QMMM:                Dspevd diag routine = 0.012788 seconds
| QMMM:                Dspevx diag routine = 0.065283 seconds
| QMMM:                 Dsyev diag routine = 0.008784 seconds
| QMMM:                Dsyevd diag routine = 0.006839 seconds
| QMMM:                Dsyevr diag routine = 0.010181 seconds
| QMMM:
| QMMM:                Pseudo diag routine = 0.003698 seconds
| QMMM:
| QMMM: Using dsyevd routine (diag_routine=6).

  QMMM: QM Region Cartesian Coordinates (*=link atom) 
  QMMM: QM_NO.   MM_NO.  ATOM         X         Y         Z
  QMMM:     1        1      O        1.0060   -0.5570    4.7380
  QMMM:     2        2      C       -0.0530    0.0070    4.5720
  QMMM:     3        3      C       -0.8610    0.4600    5.7610
  QMMM:     4        4      N       -0.5090    0.2310    3.3240
  QMMM:     5        5      C        0.2750   -0.2080    2.1670
  QMMM:     6        6      C       -0.4610    0.1640    0.8790
  QMMM:     7        7      C        0.3580   -0.2940   -0.3270
  QMMM:     8        8      C       -0.3770    0.0780   -1.6150
  QMMM:     9        9      C        0.4420   -0.3810   -2.8230
  QMMM:    10       10      N        1.7550    0.2760   -2.8020
  QMMM:    11       11      C       -0.2830   -0.0130   -4.0920
  QMMM:    12       12      O       -0.0790    1.0560   -4.6160
  QMMM:    13       13      O       -1.1550   -0.8730   -4.6400
  QMMM:    14       14      H       -0.3360    0.1940    6.6790
  QMMM:    15       15      H       -0.9940    1.5410    5.7190
  QMMM:    16       16      H       -1.8350   -0.0270    5.7460
  QMMM:    17       17      H       -1.3570    0.6830    3.1910
  QMMM:    18       18      H        1.2500    0.2780    2.1830
  QMMM:    19       19      H        0.4090   -1.2890    2.2090
  QMMM:    20       20      H       -1.4350   -0.3220    0.8640
  QMMM:    21       21      H       -0.5940    1.2450    0.8370
  QMMM:    22       22      H        1.3330    0.1920   -0.3120
  QMMM:    23       23      H        0.4920   -1.3750   -0.2850
  QMMM:    24       24      H       -1.3520   -0.4090   -1.6310
  QMMM:    25       25      H       -0.5110    1.1590   -1.6570
  QMMM:    26       26      H        0.5750   -1.4620   -2.7810
  QMMM:    27       27      H        1.5830    1.2690   -2.8420
  QMMM:    28       28      H        2.1590    0.0880   -1.8960
  QMMM:    29       29      H       -1.6200   -0.6370   -5.4540

--------------------------------------------------------------------------------
  RESULTS
--------------------------------------------------------------------------------

      iter         sqm energy              rms gradient
      ----    -------------------    -----------------------
xmin    10     -159.1339 kcal/mol        0.4317 kcal/(mol*A)
xmin    20     -159.2716 kcal/mol        0.1869 kcal/(mol*A)
xmin    30     -159.2850 kcal/mol        0.1720 kcal/(mol*A)
xmin    40     -159.3229 kcal/mol        0.2383 kcal/(mol*A)
xmin    50     -159.3844 kcal/mol        0.1120 kcal/(mol*A)
xmin    60     -159.5116 kcal/mol        0.5421 kcal/(mol*A)
xmin    70     -159.6333 kcal/mol        0.1792 kcal/(mol*A)
xmin    80     -159.7382 kcal/mol        0.1047 kcal/(mol*A)
xmin    90     -159.8399 kcal/mol        0.2226 kcal/(mol*A)
xmin   100     -159.8728 kcal/mol        0.5815 kcal/(mol*A)
xmin   110     -159.9119 kcal/mol        0.0816 kcal/(mol*A)
xmin   120     -159.9416 kcal/mol        0.1418 kcal/(mol*A)
xmin   130     -159.9540 kcal/mol        0.0408 kcal/(mol*A)
xmin   140     -159.9636 kcal/mol        0.0530 kcal/(mol*A)
xmin   150     -159.9686 kcal/mol        0.0354 kcal/(mol*A)
xmin   160     -159.9714 kcal/mol        0.0519 kcal/(mol*A)
xmin   170     -159.9726 kcal/mol        0.0275 kcal/(mol*A)
xmin   180     -159.9761 kcal/mol        0.0220 kcal/(mol*A)
xmin   190     -159.9782 kcal/mol        0.0297 kcal/(mol*A)
xmin   200     -159.9806 kcal/mol        0.0138 kcal/(mol*A)
xmin   210     -159.9808 kcal/mol        0.0179 kcal/(mol*A)
xmin   220     -159.9810 kcal/mol        0.0150 kcal/(mol*A)
xmin   230     -159.9815 kcal/mol        0.0103 kcal/(mol*A)
xmin   240     -159.9816 kcal/mol        0.0045 kcal/(mol*A)
xmin   250     -159.9816 kcal/mol        0.0048 kcal/(mol*A)
xmin   260     -159.9816 kcal/mol        0.0038 kcal/(mol*A)
xmin   270     -159.9816 kcal/mol        0.0066 kcal/(mol*A)
xmin   280     -159.9816 kcal/mol        0.0011 kcal/(mol*A)
xmin   290     -159.9816 kcal/mol        0.0012 kcal/(mol*A)
  ... geometry converged !
 
 Final MO eigenvalues (eV):
 -40.9937  -39.7788  -37.9647  -36.7022  -36.1162  -34.0873  -31.3383  -29.7093
 -27.1946  -24.1387  -22.2990  -21.5798  -21.3285  -19.2237  -18.1456  -18.0135
 -17.2431  -16.7975  -16.6594  -15.9809  -15.8542  -15.3504  -15.0339  -14.7949
 -14.2929  -14.0921  -13.7580  -13.2860  -13.1558  -12.9981  -12.6199  -12.4583
 -12.2396  -11.7621  -11.4889  -10.9425  -10.3399  -10.0860    0.9618    1.2906
   1.9364    2.0652    3.1267    3.2457    3.2925    3.4710    3.5668    3.6240
   3.8012    3.8970    3.9158    3.9619    4.0371    4.1450    4.2650    4.3048
   4.3342    4.4249    4.5257    4.6630    4.7518    5.1382    5.3162    5.6310
   5.9070    6.1090    6.5795    6.9872

 Heat of formation   =       -159.98164655 kcal/mol  (       -6.93732477 eV)

 Total SCF energy    =     -60463.64591358 kcal/mol  (    -2621.90043422 eV)
 Electronic energy   =    -306319.32037994 kcal/mol  (   -13283.00248818 eV)
 Core-core repulsion =     245855.67446635 kcal/mol  (    10661.10205396 eV)
 
    Atomic Charges for Step       1 :
  Atom    Element       Mulliken Charge
     1      O                 -0.367
     2      C                  0.298
     3      C                 -0.243
     4      N                 -0.382
     5      C                 -0.030
     6      C                 -0.185
     7      C                 -0.155
     8      C                 -0.199
     9      C                 -0.016
    10      N                 -0.336
    11      C                  0.309
    12      O                 -0.357
    13      O                 -0.312
    14      H                  0.118
    15      H                  0.096
    16      H                  0.102
    17      H                  0.217
    18      H                  0.124
    19      H                  0.080
    20      H                  0.079
    21      H                  0.094
    22      H                  0.083
    23      H                  0.086
    24      H                  0.099
    25      H                  0.098
    26      H                  0.133
    27      H                  0.163
    28      H                  0.159
    29      H                  0.244
 Total Mulliken Charge =       0.000
 
                  X        Y        Z     TOTAL  
  QM DIPOLE    -3.714   -1.527    2.024    4.497
 
 Final Structure

  QMMM: QM Region Cartesian Coordinates (*=link atom) 
  QMMM: QM_NO.   MM_NO.  ATOM         X         Y         Z
  QMMM:     1        1      O        1.1365    0.8280    4.2968
  QMMM:     2        2      C       -0.0368    0.4157    4.3873
  QMMM:     3        3      C       -0.9030    0.7557    5.5758
  QMMM:     4        4      N       -0.5850   -0.4115    3.4214
  QMMM:     5        5      C        0.0953   -0.7258    2.1975
  QMMM:     6        6      C       -0.4564   -0.0131    0.9600
  QMMM:     7        7      C        0.3218   -0.4372   -0.2676
  QMMM:     8        8      C       -0.1980    0.2653   -1.5018
  QMMM:     9        9      C        0.4734   -0.2663   -2.7808
  QMMM:    10       10      N        1.8906   -0.0118   -2.9258
  QMMM:    11       11      C       -0.2875    0.3307   -3.9542
  QMMM:    12       12      O       -0.1660    1.4409   -4.4755
  QMMM:    13       13      O       -1.2442   -0.4960   -4.4566
  QMMM:    14       14      H       -0.3196    1.4098    6.2688
  QMMM:    15       15      H       -1.8212    1.3003    5.2494
  QMMM:    16       16      H       -1.2023   -0.1725    6.1196
  QMMM:    17       17      H       -1.5565   -0.6045    3.4598
  QMMM:    18       18      H        1.1869   -0.4645    2.3149
  QMMM:    19       19      H        0.0169   -1.8400    2.0339
  QMMM:    20       20      H       -1.5416   -0.2599    0.8228
  QMMM:    21       21      H       -0.3782    1.0978    1.0903
  QMMM:    22       22      H        1.4079   -0.1990   -0.1147
  QMMM:    23       23      H        0.2399   -1.5485   -0.4016
  QMMM:    24       24      H       -1.3038    0.0968   -1.5910
  QMMM:    25       25      H       -0.0307    1.3705   -1.4139
  QMMM:    26       26      H        0.3361   -1.3908   -2.8122
  QMMM:    27       27      H        2.0672    0.9575   -3.1090
  QMMM:    28       28      H        2.3760   -0.2924   -2.0965
  QMMM:    29       29      H       -1.6926   -0.0613   -5.2011
 
           --------- Calculation Completed ----------
 
