
          -------------------------------------------------------
          Amber 16 PMEMD                              2016
          -------------------------------------------------------

| PMEMD implementation of SANDER, Release 16

| Run on 11/08/2017 at 19:35:27

|   Executable path: pmemd.MPI
| Working directory: /scratch/kfd233/CompChemLab8/try2/sim2/prod/fastsims
|          Hostname: log-1

  [-O]verwriting output

File Assignments:
|   MDIN: density.in                                                            
|  MDOUT: density.out                                                           
| INPCRD: heat.rst                                                              
|   PARM: 2dvq_sol.prmtop                                                       
| RESTRT: density.rst                                                           
|   REFC: min_all.rst                                                           
|  MDVEL: mdvel                                                                 
|   MDEN: mden                                                                  
|  MDCRD: density.mdcrd                                                         
| MDINFO: mdinfo                                                                
|LOGFILE: logfile                                                               
|  MDFRC: mdfrc                                                                 

 
 Here is the input file:
 
# Equlibrate the density                                                       
&cntrl                                                                         
imin=0,                                                                        
irest=1,                                                                       
ntx=5,                                                                         
nstlim=1000, dt=0.002,                                                         
ntc=2,ntf=2,                                                                   
cut=8.0, ntb=2,                                                                
ntp=1, taup=1.0,                                                               
ntpr=20, ntwx=20,                                                              
ntt=3, gamma_ln=2.0,                                                           
temp0=300.0,                                                                   
ntr=1, restraintmask=':1-218',                                                 
restraint_wt=2.0,                                                              
ioutfm = 1,                                                                    
/                                                                              
                                                                               


Note: ig = -1. Setting random seed to   977886 based on wallclock time in
      microseconds and disabling the synchronization of random numbers 
      between tasks to improve performance.
 
 
| Conditional Compilation Defines Used:
| MPI
| PUBFFT
| BINTRAJ
| MKL
| EMIL
 
| Largest sphere to fit in unit cell has radius =    33.505

| New format PARM file being parsed.
| Version =    1.000 Date = 11/08/17 Time = 16:37:34

| Note: 1-4 EEL scale factors are being read from the topology file.

| Note: 1-4 VDW scale factors are being read from the topology file.
| Duplicated    0 dihedrals

| Duplicated    0 dihedrals

--------------------------------------------------------------------------------
   1.  RESOURCE   USE: 
--------------------------------------------------------------------------------

 getting box info from netcdf restart file
 NATOM  =   29205 NTYPES =      17 NBONH =   28170 MBONA  =    1053
 NTHETH =    2361 MTHETA =    1415 NPHIH =    4706 MPHIA  =    4372
 NHPARM =       0 NPARM  =       0 NNB   =   47559 NRES   =    9178
 NBONA  =    1053 NTHETA =    1415 NPHIA =    4372 NUMBND =      69
 NUMANG =     161 NPTRA  =     197 NATYP =      36 NPHB   =       1
 IFBOX  =       1 NMXRS  =      26 IFCAP =       0 NEXTRA =       0
 NCOPY  =       0

| Coordinate Index Table dimensions:    13   13   16
| Direct force subcell size =     5.2850    5.1546    5.0250

     BOX TYPE: RECTILINEAR

--------------------------------------------------------------------------------
   2.  CONTROL  DATA  FOR  THE  RUN
--------------------------------------------------------------------------------

default_name                                                                    

General flags:
     imin    =       0, nmropt  =       0

Nature and format of input:
     ntx     =       5, irest   =       1, ntrx    =       1

Nature and format of output:
     ntxo    =       2, ntpr    =      20, ntrx    =       1, ntwr    =    1000
     iwrap   =       0, ntwx    =      20, ntwv    =       0, ntwe    =       0
     ioutfm  =       1, ntwprt  =       0, idecomp =       0, rbornstat=      0

Potential function:
     ntf     =       2, ntb     =       2, igb     =       0, nsnb    =      25
     ipol    =       0, gbsa    =       0, iesp    =       0
     dielc   =   1.00000, cut     =   8.00000, intdiel =   1.00000

Frozen or restrained atoms:
     ibelly  =       0, ntr     =       1
     restraint_wt =   2.00000

Molecular dynamics:
     nstlim  =      1000, nscm    =         0, nrespa  =         1
     t       =   0.00000, dt      =   0.00200, vlimit  =  20.00000

Langevin dynamics temperature regulation:
     ig      =  977886
     temp0   = 300.00000, tempi   =   0.00000, gamma_ln=   2.00000

Pressure regulation:
     ntp     =       1
     pres0   =   1.00000, comp    =  44.60000, taup    =   1.00000

SHAKE:
     ntc     =       2, jfastw  =       0
     tol     =   0.00001

| Intermolecular bonds treatment:
|     no_intermolecular_bonds =       1

| Energy averages sample interval:
|     ene_avg_sampling =      20

Ewald parameters:
     verbose =       0, ew_type =       0, nbflag  =       1, use_pme =       1
     vdwmeth =       1, eedmeth =       1, netfrc  =       1
     Box X =   68.705   Box Y =   67.010   Box Z =   80.400
     Alpha =   90.000   Beta  =   90.000   Gamma =   90.000
     NFFT1 =   72       NFFT2 =   72       NFFT3 =   81
     Cutoff=    8.000   Tol   =0.100E-04
     Ewald Coefficient =  0.34864
     Interpolation order =    4

| PMEMD ewald parallel performance parameters:
|     block_fft =    0
|     fft_blk_y_divisor =    2
|     excl_recip =    0
|     excl_master =    0
|     atm_redist_freq =  320

    LOADING THE CONSTRAINED ATOMS AS GROUPS


   5.  REFERENCE ATOM COORDINATES

  default_name                                                                    
     Mask :1-218; matches  2325 atoms

--------------------------------------------------------------------------------
   3.  ATOMIC COORDINATES AND VELOCITIES
--------------------------------------------------------------------------------

default_name                                                                    
 begin time read from input coords =     2.000 ps

 
 Number of triangulated 3-point waters found:     9045

     Sum of charges from parm topology file =  -0.00000208
     Forcing neutrality...

| Dynamic Memory, Types Used:
| Reals             1721611
| Integers          1190791

| Nonbonded Pairs Initial Allocation:     1664685

| Running AMBER/MPI version on    4 MPI task

 
--------------------------------------------------------------------------------
   4.  RESULTS
--------------------------------------------------------------------------------

 ---------------------------------------------------
 APPROXIMATING switch and d/dx switch using CUBIC SPLINE INTERPOLATION
 using   5000.0 points per unit in tabled values
 TESTING RELATIVE ERROR over r ranging from 0.0 to cutoff
| CHECK switch(x): max rel err =   0.3316E-14   at   2.351880
| CHECK d/dx switch(x): max rel err =   0.8336E-11   at   2.782960
 ---------------------------------------------------
|---------------------------------------------------
| APPROXIMATING direct energy using CUBIC SPLINE INTERPOLATION
|  with   50.0 points per unit in tabled values
| Relative Error Limit not exceeded for r .gt.   2.47
| APPROXIMATING direct force using CUBIC SPLINE INTERPOLATION
|  with   50.0 points per unit in tabled values
| Relative Error Limit not exceeded for r .gt.   2.89
|---------------------------------------------------

 NSTEP =       20   TIME(PS) =       2.040  TEMP(K) =    35.37  PRESS =   246.6
 Etot   =   -107280.8010  EKtot   =      2089.1760  EPtot      =   -109369.9770
 BOND   =        99.6108  ANGLE   =       351.3865  DIHED      =      1453.7577
 1-4 NB =       380.0756  1-4 EEL =      5399.8364  VDWAALS    =     21402.6166
 EELEC  =   -138490.3041  EHBOND  =         0.0000  RESTRAINT  =        33.0435
 EAMBER (non-restraint)  =   -109403.0204
 EKCMT  =      1082.3139  VIRIAL  =      -888.4665  VOLUME     =    370077.1464
                                                    Density    =         0.7980
 Ewald error estimate:   0.3639E-03
 ------------------------------------------------------------------------------


 NSTEP =       40   TIME(PS) =       2.080  TEMP(K) =    55.37  PRESS =   478.8
 Etot   =   -104858.1394  EKtot   =      3270.1609  EPtot      =   -108128.3003
 BOND   =       115.1682  ANGLE   =       398.6473  DIHED      =      1463.9855
 1-4 NB =       388.6070  1-4 EEL =      5398.6762  VDWAALS    =     21284.1068
 EELEC  =   -137231.3956  EHBOND  =         0.0000  RESTRAINT  =        53.9043
 EAMBER (non-restraint)  =   -108182.2046
 EKCMT  =      1631.7653  VIRIAL  =     -2196.9264  VOLUME     =    370351.4725
                                                    Density    =         0.7974
 Ewald error estimate:   0.3015E-03
 ------------------------------------------------------------------------------


 NSTEP =       60   TIME(PS) =       2.120  TEMP(K) =    72.86  PRESS =   468.5
 Etot   =   -102596.8642  EKtot   =      4303.4496  EPtot      =   -106900.3139
 BOND   =       136.6933  ANGLE   =       449.8425  DIHED      =      1471.3467
 1-4 NB =       385.2090  1-4 EEL =      5382.4304  VDWAALS    =     20726.1446
 EELEC  =   -135525.1443  EHBOND  =         0.0000  RESTRAINT  =        73.1640
 EAMBER (non-restraint)  =   -106973.4778
 EKCMT  =      2078.8350  VIRIAL  =     -1670.3850  VOLUME     =    370653.3129
                                                    Density    =         0.7967
 Ewald error estimate:   0.4091E-03
 ------------------------------------------------------------------------------


 NSTEP =       80   TIME(PS) =       2.160  TEMP(K) =    89.99  PRESS =   420.9
 Etot   =   -100496.3057  EKtot   =      5315.2104  EPtot      =   -105811.5161
 BOND   =       151.7639  ANGLE   =       514.4981  DIHED      =      1491.2500
 1-4 NB =       389.7169  1-4 EEL =      5394.6464  VDWAALS    =     20080.0875
 EELEC  =   -133917.0002  EHBOND  =         0.0000  RESTRAINT  =        83.5212
 EAMBER (non-restraint)  =   -105895.0374
 EKCMT  =      2490.2400  VIRIAL  =      -881.0358  VOLUME     =    370942.7218
                                                    Density    =         0.7961
 Ewald error estimate:   0.2677E-03
 ------------------------------------------------------------------------------


 NSTEP =      100   TIME(PS) =       2.200  TEMP(K) =   104.84  PRESS =   336.1
 Etot   =    -98535.1192  EKtot   =      6192.5479  EPtot      =   -104727.6670
 BOND   =       170.4214  ANGLE   =       556.1233  DIHED      =      1499.8653
 1-4 NB =       390.0644  1-4 EEL =      5386.6826  VDWAALS    =     19609.1625
 EELEC  =   -132435.0912  EHBOND  =         0.0000  RESTRAINT  =        95.1047
 EAMBER (non-restraint)  =   -104822.7717
 EKCMT  =      2878.7174  VIRIAL  =       184.9356  VOLUME     =    371188.6263
                                                    Density    =         0.7956
 Ewald error estimate:   0.3112E-03
 ------------------------------------------------------------------------------


 NSTEP =      120   TIME(PS) =       2.240  TEMP(K) =   118.57  PRESS =   355.3
 Etot   =    -96741.8200  EKtot   =      7003.2796  EPtot      =   -103745.0996
 BOND   =       186.2589  ANGLE   =       586.3981  DIHED      =      1506.5625
 1-4 NB =       404.0604  1-4 EEL =      5399.8179  VDWAALS    =     19157.4825
 EELEC  =   -131092.5293  EHBOND  =         0.0000  RESTRAINT  =       106.8494
 EAMBER (non-restraint)  =   -103851.9490
 EKCMT  =      3231.6566  VIRIAL  =       382.8389  VOLUME     =    371406.8379
                                                    Density    =         0.7951
 Ewald error estimate:   0.3259E-03
 ------------------------------------------------------------------------------


 NSTEP =      140   TIME(PS) =       2.280  TEMP(K) =   130.97  PRESS =   352.0
 Etot   =    -95060.4764  EKtot   =      7735.9434  EPtot      =   -102796.4198
 BOND   =       203.3836  ANGLE   =       630.7554  DIHED      =      1506.9737
 1-4 NB =       404.3707  1-4 EEL =      5389.4022  VDWAALS    =     18768.2314
 EELEC  =   -129825.2312  EHBOND  =         0.0000  RESTRAINT  =       125.6944
 EAMBER (non-restraint)  =   -102922.1142
 EKCMT  =      3571.9891  VIRIAL  =       747.6916  VOLUME     =    371649.0454
                                                    Density    =         0.7946
 Ewald error estimate:   0.2866E-03
 ------------------------------------------------------------------------------


 NSTEP =      160   TIME(PS) =       2.320  TEMP(K) =   143.97  PRESS =   342.5
 Etot   =    -93479.0485  EKtot   =      8503.4743  EPtot      =   -101982.5228
 BOND   =       225.4856  ANGLE   =       663.7462  DIHED      =      1521.0321
 1-4 NB =       393.3974  1-4 EEL =      5358.0524  VDWAALS    =     18384.9970
 EELEC  =   -128656.1207  EHBOND  =         0.0000  RESTRAINT  =       126.8873
 EAMBER (non-restraint)  =   -102109.4101
 EKCMT  =      3877.5512  VIRIAL  =      1127.6772  VOLUME     =    371883.7270
                                                    Density    =         0.7941
 Ewald error estimate:   0.2657E-03
 ------------------------------------------------------------------------------


 NSTEP =      180   TIME(PS) =       2.360  TEMP(K) =   155.52  PRESS =   271.9
 Etot   =    -91980.8427  EKtot   =      9185.3936  EPtot      =   -101166.2364
 BOND   =       233.7152  ANGLE   =       698.5217  DIHED      =      1536.6221
 1-4 NB =       395.1399  1-4 EEL =      5381.7033  VDWAALS    =     17984.3462
 EELEC  =   -127528.6113  EHBOND  =         0.0000  RESTRAINT  =       132.3265
 EAMBER (non-restraint)  =   -101298.5629
 EKCMT  =      4233.2060  VIRIAL  =      2048.9919  VOLUME     =    372095.4512
                                                    Density    =         0.7936
 Ewald error estimate:   0.2696E-03
 ------------------------------------------------------------------------------


 NSTEP =      200   TIME(PS) =       2.400  TEMP(K) =   164.17  PRESS =   277.8
 Etot   =    -90687.1164  EKtot   =      9696.7354  EPtot      =   -100383.8519
 BOND   =       230.5434  ANGLE   =       700.2498  DIHED      =      1533.7101
 1-4 NB =       415.3328  1-4 EEL =      5383.5823  VDWAALS    =     17693.8807
 EELEC  =   -126484.3570  EHBOND  =         0.0000  RESTRAINT  =       143.2060
 EAMBER (non-restraint)  =   -100527.0579
 EKCMT  =      4443.3242  VIRIAL  =      2209.8933  VOLUME     =    372297.6350
                                                    Density    =         0.7932
 Ewald error estimate:   0.2364E-03
 ------------------------------------------------------------------------------


 NSTEP =      220   TIME(PS) =       2.440  TEMP(K) =   174.61  PRESS =   248.9
 Etot   =    -89351.7697  EKtot   =     10313.0526  EPtot      =    -99664.8224
 BOND   =       259.2731  ANGLE   =       742.2504  DIHED      =      1535.1654
 1-4 NB =       404.2495  1-4 EEL =      5395.7485  VDWAALS    =     17370.3214
 EELEC  =   -125517.1867  EHBOND  =         0.0000  RESTRAINT  =       145.3561
 EAMBER (non-restraint)  =    -99810.1784
 EKCMT  =      4691.9872  VIRIAL  =      2690.3421  VOLUME     =    372479.1602
                                                    Density    =         0.7928
 Ewald error estimate:   0.2559E-03
 ------------------------------------------------------------------------------


 NSTEP =      240   TIME(PS) =       2.480  TEMP(K) =   185.11  PRESS =   198.4
 Etot   =    -88133.6713  EKtot   =     10933.4827  EPtot      =    -99067.1541
 BOND   =       266.7365  ANGLE   =       733.3557  DIHED      =      1539.3247
 1-4 NB =       407.6826  1-4 EEL =      5385.9805  VDWAALS    =     17051.0490
 EELEC  =   -124600.6963  EHBOND  =         0.0000  RESTRAINT  =       149.4133
 EAMBER (non-restraint)  =    -99216.5674
 EKCMT  =      4990.2642  VIRIAL  =      3393.6498  VOLUME     =    372650.3771
                                                    Density    =         0.7924
 Ewald error estimate:   0.2408E-03
 ------------------------------------------------------------------------------


 NSTEP =      260   TIME(PS) =       2.520  TEMP(K) =   192.04  PRESS =   103.7
 Etot   =    -87043.7187  EKtot   =     11342.9127  EPtot      =    -98386.6314
 BOND   =       282.6953  ANGLE   =       797.2405  DIHED      =      1540.1275
 1-4 NB =       411.8358  1-4 EEL =      5385.1707  VDWAALS    =     16748.0147
 EELEC  =   -123715.3201  EHBOND  =         0.0000  RESTRAINT  =       163.6043
 EAMBER (non-restraint)  =    -98550.2357
 EKCMT  =      5184.1642  VIRIAL  =      4349.7927  VOLUME     =    372753.8201
                                                    Density    =         0.7922
 Ewald error estimate:   0.1185E-03
 ------------------------------------------------------------------------------


 NSTEP =      280   TIME(PS) =       2.560  TEMP(K) =   198.66  PRESS =    74.9
 Etot   =    -86088.8935  EKtot   =     11733.6528  EPtot      =    -97822.5463
 BOND   =       283.4705  ANGLE   =       827.9840  DIHED      =      1562.3505
 1-4 NB =       410.9315  1-4 EEL =      5358.5630  VDWAALS    =     16399.5546
 EELEC  =   -122846.7845  EHBOND  =         0.0000  RESTRAINT  =       181.3842
 EAMBER (non-restraint)  =    -98003.9305
 EKCMT  =      5367.6759  VIRIAL  =      4764.4189  VOLUME     =    372832.9015
                                                    Density    =         0.7921
 Ewald error estimate:   0.1060E-03
 ------------------------------------------------------------------------------


 NSTEP =      300   TIME(PS) =       2.600  TEMP(K) =   204.74  PRESS =   -19.5
 Etot   =    -85158.2772  EKtot   =     12092.8736  EPtot      =    -97251.1509
 BOND   =       297.4243  ANGLE   =       823.6442  DIHED      =      1558.7446
 1-4 NB =       410.6895  1-4 EEL =      5392.1570  VDWAALS    =     16033.6705
 EELEC  =   -121954.1658  EHBOND  =         0.0000  RESTRAINT  =       186.6849
 EAMBER (non-restraint)  =    -97437.8358
 EKCMT  =      5531.3269  VIRIAL  =      5688.1024  VOLUME     =    372831.8150
                                                    Density    =         0.7921
 Ewald error estimate:   0.3386E-04
 ------------------------------------------------------------------------------


 NSTEP =      320   TIME(PS) =       2.640  TEMP(K) =   210.96  PRESS =    64.6
 Etot   =    -84294.8239  EKtot   =     12460.0687  EPtot      =    -96754.8926
 BOND   =       283.7522  ANGLE   =       826.6088  DIHED      =      1567.3803
 1-4 NB =       420.3313  1-4 EEL =      5413.4134  VDWAALS    =     15937.5302
 EELEC  =   -121388.3894  EHBOND  =         0.0000  RESTRAINT  =       184.4806
 EAMBER (non-restraint)  =    -96939.3732
 EKCMT  =      5641.1103  VIRIAL  =      5120.8894  VOLUME     =    372849.1258
                                                    Density    =         0.7920
 Ewald error estimate:   0.1348E-03
 ------------------------------------------------------------------------------


 NSTEP =      340   TIME(PS) =       2.680  TEMP(K) =   218.92  PRESS =   147.0
 Etot   =    -83398.5751  EKtot   =     12930.4163  EPtot      =    -96328.9913
 BOND   =       299.4273  ANGLE   =       860.7015  DIHED      =      1567.5977
 1-4 NB =       411.7634  1-4 EEL =      5381.8995  VDWAALS    =     15913.8736
 EELEC  =   -120974.5840  EHBOND  =         0.0000  RESTRAINT  =       210.3297
 EAMBER (non-restraint)  =    -96539.3211
 EKCMT  =      5863.3626  VIRIAL  =      4679.5639  VOLUME     =    372920.5931
                                                    Density    =         0.7919
 Ewald error estimate:   0.6492E-04
 ------------------------------------------------------------------------------


 NSTEP =      360   TIME(PS) =       2.720  TEMP(K) =   221.33  PRESS =   144.2
 Etot   =    -82654.0678  EKtot   =     13072.4723  EPtot      =    -95726.5401
 BOND   =       304.1352  ANGLE   =       902.2822  DIHED      =      1578.6813
 1-4 NB =       425.7596  1-4 EEL =      5390.7604  VDWAALS    =     15587.9578
 EELEC  =   -120131.5217  EHBOND  =         0.0000  RESTRAINT  =       215.4051
 EAMBER (non-restraint)  =    -95941.9452
 EKCMT  =      5978.7676  VIRIAL  =      4817.1788  VOLUME     =    373034.2553
                                                    Density    =         0.7916
 Ewald error estimate:   0.6837E-04
 ------------------------------------------------------------------------------


 NSTEP =      380   TIME(PS) =       2.760  TEMP(K) =   227.23  PRESS =    18.6
 Etot   =    -81957.9852  EKtot   =     13421.3460  EPtot      =    -95379.3311
 BOND   =       291.4143  ANGLE   =       904.1479  DIHED      =      1583.8156
 1-4 NB =       424.5379  1-4 EEL =      5383.8267  VDWAALS    =     15219.2510
 EELEC  =   -119393.0863  EHBOND  =         0.0000  RESTRAINT  =       206.7618
 EAMBER (non-restraint)  =    -95586.0930
 EKCMT  =      6099.4010  VIRIAL  =      5949.8015  VOLUME     =    373069.4929
                                                    Density    =         0.7916
 Ewald error estimate:   0.1068E-03
 ------------------------------------------------------------------------------


 NSTEP =      400   TIME(PS) =       2.800  TEMP(K) =   232.46  PRESS =    31.5
 Etot   =    -81262.8963  EKtot   =     13730.0564  EPtot      =    -94992.9527
 BOND   =       311.3994  ANGLE   =       899.1200  DIHED      =      1573.6928
 1-4 NB =       426.8904  1-4 EEL =      5388.1544  VDWAALS    =     15070.2423
 EELEC  =   -118866.2702  EHBOND  =         0.0000  RESTRAINT  =       203.8182
 EAMBER (non-restraint)  =    -95196.7708
 EKCMT  =      6233.2571  VIRIAL  =      5979.7675  VOLUME     =    373083.0682
                                                    Density    =         0.7915
 Ewald error estimate:   0.5894E-04
 ------------------------------------------------------------------------------


 NSTEP =      420   TIME(PS) =       2.840  TEMP(K) =   234.89  PRESS =  -110.2
 Etot   =    -80697.3366  EKtot   =     13873.3222  EPtot      =    -94570.6588
 BOND   =       311.3649  ANGLE   =       933.3574  DIHED      =      1585.6942
 1-4 NB =       425.5663  1-4 EEL =      5401.7055  VDWAALS    =     14922.4122
 EELEC  =   -118354.8794  EHBOND  =         0.0000  RESTRAINT  =       204.1200
 EAMBER (non-restraint)  =    -94774.7788
 EKCMT  =      6313.3701  VIRIAL  =      7200.7975  VOLUME     =    373062.8961
                                                    Density    =         0.7916
 Ewald error estimate:   0.6935E-04
 ------------------------------------------------------------------------------


 NSTEP =      440   TIME(PS) =       2.880  TEMP(K) =   240.51  PRESS =   -22.5
 Etot   =    -80039.1781  EKtot   =     14205.3228  EPtot      =    -94244.5009
 BOND   =       356.6228  ANGLE   =       950.5358  DIHED      =      1584.2617
 1-4 NB =       413.3425  1-4 EEL =      5384.7835  VDWAALS    =     14930.0091
 EELEC  =   -118067.9129  EHBOND  =         0.0000  RESTRAINT  =       203.8568
 EAMBER (non-restraint)  =    -94448.3577
 EKCMT  =      6493.0189  VIRIAL  =      6674.1291  VOLUME     =    373010.2272
                                                    Density    =         0.7917
 Ewald error estimate:   0.1181E-03
 ------------------------------------------------------------------------------


 NSTEP =      460   TIME(PS) =       2.920  TEMP(K) =   244.64  PRESS =    51.1
 Etot   =    -79514.2718  EKtot   =     14449.3203  EPtot      =    -93963.5922
 BOND   =       344.1145  ANGLE   =       956.7188  DIHED      =      1577.4762
 1-4 NB =       418.8957  1-4 EEL =      5385.4808  VDWAALS    =     14815.7343
 EELEC  =   -117675.8965  EHBOND  =         0.0000  RESTRAINT  =       213.8840
 EAMBER (non-restraint)  =    -94177.4762
 EKCMT  =      6647.9725  VIRIAL  =      6236.0666  VOLUME     =    373091.6424
                                                    Density    =         0.7915
 Ewald error estimate:   0.5808E-04
 ------------------------------------------------------------------------------


 NSTEP =      480   TIME(PS) =       2.960  TEMP(K) =   249.14  PRESS =    29.3
 Etot   =    -78954.0224  EKtot   =     14715.1093  EPtot      =    -93669.1317
 BOND   =       356.1568  ANGLE   =       937.6750  DIHED      =      1597.5519
 1-4 NB =       414.1911  1-4 EEL =      5406.3841  VDWAALS    =     14631.0179
 EELEC  =   -117231.8942  EHBOND  =         0.0000  RESTRAINT  =       219.7857
 EAMBER (non-restraint)  =    -93888.9174
 EKCMT  =      6721.9461  VIRIAL  =      6486.2817  VOLUME     =    373106.2747
                                                    Density    =         0.7915
 Ewald error estimate:   0.1104E-05
 ------------------------------------------------------------------------------


 NSTEP =      500   TIME(PS) =       3.000  TEMP(K) =   248.28  PRESS =  -196.7
 Etot   =    -78533.0646  EKtot   =     14664.4265  EPtot      =    -93197.4911
 BOND   =       340.5053  ANGLE   =       963.1362  DIHED      =      1605.8723
 1-4 NB =       428.8812  1-4 EEL =      5387.1680  VDWAALS    =     14292.7833
 EELEC  =   -116440.8454  EHBOND  =         0.0000  RESTRAINT  =       225.0080
 EAMBER (non-restraint)  =    -93422.4991
 EKCMT  =      6741.8070  VIRIAL  =      8326.4873  VOLUME     =    373072.3277
                                                    Density    =         0.7915
 Ewald error estimate:   0.8345E-04
 ------------------------------------------------------------------------------


 NSTEP =      520   TIME(PS) =       3.040  TEMP(K) =   252.14  PRESS =   -82.9
 Etot   =    -78071.9217  EKtot   =     14892.2190  EPtot      =    -92964.1407
 BOND   =       337.6312  ANGLE   =       950.2924  DIHED      =      1596.2068
 1-4 NB =       419.0650  1-4 EEL =      5386.9500  VDWAALS    =     14186.1529
 EELEC  =   -116069.0473  EHBOND  =         0.0000  RESTRAINT  =       228.6083
 EAMBER (non-restraint)  =    -93192.7489
 EKCMT  =      6846.1327  VIRIAL  =      7513.5466  VOLUME     =    372936.9370
                                                    Density    =         0.7918
 Ewald error estimate:   0.5047E-04
 ------------------------------------------------------------------------------


 NSTEP =      540   TIME(PS) =       3.080  TEMP(K) =   255.30  PRESS =  -246.4
 Etot   =    -77688.5346  EKtot   =     15079.0457  EPtot      =    -92767.5802
 BOND   =       338.2782  ANGLE   =       932.5676  DIHED      =      1598.3561
 1-4 NB =       424.9757  1-4 EEL =      5369.2504  VDWAALS    =     13954.5987
 EELEC  =   -115620.8110  EHBOND  =         0.0000  RESTRAINT  =       235.2040
 EAMBER (non-restraint)  =    -93002.7842
 EKCMT  =      6883.6126  VIRIAL  =      8867.2476  VOLUME     =    372811.1865
                                                    Density    =         0.7921
 Ewald error estimate:   0.1184E-03
 ------------------------------------------------------------------------------


 NSTEP =      560   TIME(PS) =       3.120  TEMP(K) =   256.11  PRESS =  -168.6
 Etot   =    -77262.4805  EKtot   =     15126.7987  EPtot      =    -92389.2791
 BOND   =       365.9015  ANGLE   =       949.5632  DIHED      =      1600.2898
 1-4 NB =       426.2760  1-4 EEL =      5349.7002  VDWAALS    =     13852.5270
 EELEC  =   -115176.5259  EHBOND  =         0.0000  RESTRAINT  =       242.9891
 EAMBER (non-restraint)  =    -92632.2682
 EKCMT  =      6968.3132  VIRIAL  =      8324.6580  VOLUME     =    372680.9258
                                                    Density    =         0.7924
 Ewald error estimate:   0.7761E-04
 ------------------------------------------------------------------------------


 NSTEP =      580   TIME(PS) =       3.160  TEMP(K) =   259.39  PRESS =  -123.0
 Etot   =    -76789.0464  EKtot   =     15320.5406  EPtot      =    -92109.5870
 BOND   =       350.6744  ANGLE   =       963.8187  DIHED      =      1598.3657
 1-4 NB =       435.6554  1-4 EEL =      5394.6790  VDWAALS    =     13811.4454
 EELEC  =   -114902.0080  EHBOND  =         0.0000  RESTRAINT  =       237.7823
 EAMBER (non-restraint)  =    -92347.3693
 EKCMT  =      6997.8681  VIRIAL  =      7987.1485  VOLUME     =    372558.8519
                                                    Density    =         0.7926
 Ewald error estimate:   0.1064E-03
 ------------------------------------------------------------------------------


 NSTEP =      600   TIME(PS) =       3.200  TEMP(K) =   262.54  PRESS =  -106.7
 Etot   =    -76497.5496  EKtot   =     15506.7146  EPtot      =    -92004.2642
 BOND   =       369.5838  ANGLE   =       972.5695  DIHED      =      1597.7028
 1-4 NB =       426.5340  1-4 EEL =      5359.4388  VDWAALS    =     13760.5720
 EELEC  =   -114722.6863  EHBOND  =         0.0000  RESTRAINT  =       232.0212
 EAMBER (non-restraint)  =    -92236.2853
 EKCMT  =      7001.0155  VIRIAL  =      7859.3189  VOLUME     =    372513.2716
                                                    Density    =         0.7927
 Ewald error estimate:   0.1265E-03
 ------------------------------------------------------------------------------


 NSTEP =      620   TIME(PS) =       3.240  TEMP(K) =   264.72  PRESS =  -267.1
 Etot   =    -76046.2041  EKtot   =     15635.6179  EPtot      =    -91681.8220
 BOND   =       384.4212  ANGLE   =       935.9612  DIHED      =      1612.3104
 1-4 NB =       413.6288  1-4 EEL =      5400.2504  VDWAALS    =     13561.6038
 EELEC  =   -114233.8536  EHBOND  =         0.0000  RESTRAINT  =       243.8559
 EAMBER (non-restraint)  =    -91925.6779
 EKCMT  =      7119.4806  VIRIAL  =      9267.2908  VOLUME     =    372394.4483
                                                    Density    =         0.7930
 Ewald error estimate:   0.2172E-04
 ------------------------------------------------------------------------------


 NSTEP =      640   TIME(PS) =       3.280  TEMP(K) =   264.88  PRESS =  -189.4
 Etot   =    -75836.2191  EKtot   =     15644.8129  EPtot      =    -91481.0320
 BOND   =       343.9216  ANGLE   =       963.8037  DIHED      =      1601.7434
 1-4 NB =       425.9954  1-4 EEL =      5348.6724  VDWAALS    =     13613.7650
 EELEC  =   -114027.5710  EHBOND  =         0.0000  RESTRAINT  =       248.6377
 EAMBER (non-restraint)  =    -91729.6697
 EKCMT  =      7099.8925  VIRIAL  =      8622.3742  VOLUME     =    372211.6950
                                                    Density    =         0.7934
 Ewald error estimate:   0.8759E-04
 ------------------------------------------------------------------------------


 NSTEP =      660   TIME(PS) =       3.320  TEMP(K) =   267.95  PRESS =  -164.8
 Etot   =    -75439.7333  EKtot   =     15825.9995  EPtot      =    -91265.7328
 BOND   =       383.6657  ANGLE   =       972.4122  DIHED      =      1615.4100
 1-4 NB =       418.4095  1-4 EEL =      5363.3951  VDWAALS    =     13577.9839
 EELEC  =   -113842.1398  EHBOND  =         0.0000  RESTRAINT  =       245.1306
 EAMBER (non-restraint)  =    -91510.8634
 EKCMT  =      7176.3345  VIRIAL  =      8500.7426  VOLUME     =    372141.3604
                                                    Density    =         0.7935
 Ewald error estimate:   0.1592E-03
 ------------------------------------------------------------------------------


 NSTEP =      680   TIME(PS) =       3.360  TEMP(K) =   269.98  PRESS =  -164.0
 Etot   =    -75096.2690  EKtot   =     15946.1006  EPtot      =    -91042.3696
 BOND   =       350.4704  ANGLE   =      1009.9309  DIHED      =      1621.1620
 1-4 NB =       432.3461  1-4 EEL =      5391.5846  VDWAALS    =     13469.5258
 EELEC  =   -113563.0185  EHBOND  =         0.0000  RESTRAINT  =       245.6291
 EAMBER (non-restraint)  =    -91287.9987
 EKCMT  =      7242.4070  VIRIAL  =      8559.8538  VOLUME     =    372046.0782
                                                    Density    =         0.7937
 Ewald error estimate:   0.7732E-04
 ------------------------------------------------------------------------------


 NSTEP =      700   TIME(PS) =       3.400  TEMP(K) =   270.56  PRESS =  -192.0
 Etot   =    -74852.0311  EKtot   =     15980.2401  EPtot      =    -90832.2712
 BOND   =       373.2374  ANGLE   =       983.2976  DIHED      =      1623.7914
 1-4 NB =       423.0760  1-4 EEL =      5393.4851  VDWAALS    =     13326.1607
 EELEC  =   -113204.6438  EHBOND  =         0.0000  RESTRAINT  =       249.3243
 EAMBER (non-restraint)  =    -91081.5955
 EKCMT  =      7254.3938  VIRIAL  =      8796.3710  VOLUME     =    371917.7805
                                                    Density    =         0.7940
 Ewald error estimate:   0.6524E-04
 ------------------------------------------------------------------------------


 NSTEP =      720   TIME(PS) =       3.440  TEMP(K) =   272.49  PRESS =  -259.4
 Etot   =    -74547.5186  EKtot   =     16094.3264  EPtot      =    -90641.8450
 BOND   =       378.0211  ANGLE   =       980.8878  DIHED      =      1607.2399
 1-4 NB =       418.7416  1-4 EEL =      5383.8676  VDWAALS    =     13240.9178
 EELEC  =   -112906.7708  EHBOND  =         0.0000  RESTRAINT  =       255.2501
 EAMBER (non-restraint)  =    -90897.0950
 EKCMT  =      7262.0774  VIRIAL  =      9344.1487  VOLUME     =    371810.8238
                                                    Density    =         0.7942
 Ewald error estimate:   0.6356E-04
 ------------------------------------------------------------------------------


 NSTEP =      740   TIME(PS) =       3.480  TEMP(K) =   272.81  PRESS =  -174.9
 Etot   =    -74284.5972  EKtot   =     16113.5119  EPtot      =    -90398.1090
 BOND   =       403.9727  ANGLE   =       964.2690  DIHED      =      1602.0479
 1-4 NB =       410.1627  1-4 EEL =      5370.3746  VDWAALS    =     13220.6742
 EELEC  =   -112620.6524  EHBOND  =         0.0000  RESTRAINT  =       251.0423
 EAMBER (non-restraint)  =    -90649.1514
 EKCMT  =      7278.3608  VIRIAL  =      8681.9583  VOLUME     =    371650.8889
                                                    Density    =         0.7946
 Ewald error estimate:   0.8637E-05
 ------------------------------------------------------------------------------


 NSTEP =      760   TIME(PS) =       3.520  TEMP(K) =   275.41  PRESS =  -311.3
 Etot   =    -74100.1301  EKtot   =     16266.7048  EPtot      =    -90366.8350
 BOND   =       369.4740  ANGLE   =       980.7492  DIHED      =      1579.4591
 1-4 NB =       433.5548  1-4 EEL =      5368.8706  VDWAALS    =     13061.4329
 EELEC  =   -112418.2881  EHBOND  =         0.0000  RESTRAINT  =       257.9125
 EAMBER (non-restraint)  =    -90624.7475
 EKCMT  =      7362.7030  VIRIAL  =      9859.2324  VOLUME     =    371456.6723
                                                    Density    =         0.7950
 Ewald error estimate:   0.3385E-04
 ------------------------------------------------------------------------------


 NSTEP =      780   TIME(PS) =       3.560  TEMP(K) =   275.95  PRESS =  -268.2
 Etot   =    -73758.1597  EKtot   =     16298.5137  EPtot      =    -90056.6734
 BOND   =       364.8611  ANGLE   =       984.5375  DIHED      =      1616.9745
 1-4 NB =       420.4761  1-4 EEL =      5388.6883  VDWAALS    =     13017.9816
 EELEC  =   -112105.7993  EHBOND  =         0.0000  RESTRAINT  =       255.6069
 EAMBER (non-restraint)  =    -90312.2803
 EKCMT  =      7493.8366  VIRIAL  =      9644.2183  VOLUME     =    371282.3389
                                                    Density    =         0.7954
 Ewald error estimate:   0.1037E-04
 ------------------------------------------------------------------------------


 NSTEP =      800   TIME(PS) =       3.600  TEMP(K) =   277.61  PRESS =  -149.9
 Etot   =    -73525.7809  EKtot   =     16396.7232  EPtot      =    -89922.5041
 BOND   =       376.9820  ANGLE   =      1011.1389  DIHED      =      1571.6029
 1-4 NB =       430.3679  1-4 EEL =      5401.9740  VDWAALS    =     13041.6020
 EELEC  =   -112001.5849  EHBOND  =         0.0000  RESTRAINT  =       245.4130
 EAMBER (non-restraint)  =    -90167.9172
 EKCMT  =      7441.3291  VIRIAL  =      8642.2259  VOLUME     =    371137.9676
                                                    Density    =         0.7957
 Ewald error estimate:   0.5888E-04
 ------------------------------------------------------------------------------


 NSTEP =      820   TIME(PS) =       3.640  TEMP(K) =   280.03  PRESS =  -185.5
 Etot   =    -73284.7984  EKtot   =     16540.0190  EPtot      =    -89824.8174
 BOND   =       373.1170  ANGLE   =      1043.5948  DIHED      =      1593.0882
 1-4 NB =       419.4444  1-4 EEL =      5351.8060  VDWAALS    =     12908.6306
 EELEC  =   -111765.7741  EHBOND  =         0.0000  RESTRAINT  =       251.2757
 EAMBER (non-restraint)  =    -90076.0931
 EKCMT  =      7599.0620  VIRIAL  =      9085.3066  VOLUME     =    371010.7043
                                                    Density    =         0.7959
 Ewald error estimate:   0.2158E-04
 ------------------------------------------------------------------------------


 NSTEP =      840   TIME(PS) =       3.680  TEMP(K) =   281.68  PRESS =  -300.9
 Etot   =    -73084.0548  EKtot   =     16636.9968  EPtot      =    -89721.0516
 BOND   =       358.2262  ANGLE   =      1036.1170  DIHED      =      1608.3478
 1-4 NB =       429.3544  1-4 EEL =      5372.0991  VDWAALS    =     12770.6174
 EELEC  =   -111552.7818  EHBOND  =         0.0000  RESTRAINT  =       256.9683
 EAMBER (non-restraint)  =    -89978.0199
 EKCMT  =      7709.7789  VIRIAL  =     10119.4669  VOLUME     =    370870.4201
                                                    Density    =         0.7962
 Ewald error estimate:   0.1245E-04
 ------------------------------------------------------------------------------


 NSTEP =      860   TIME(PS) =       3.720  TEMP(K) =   281.41  PRESS =  -236.1
 Etot   =    -73047.9838  EKtot   =     16621.1416  EPtot      =    -89669.1254
 BOND   =       365.8397  ANGLE   =       997.1256  DIHED      =      1604.9927
 1-4 NB =       437.7167  1-4 EEL =      5387.6954  VDWAALS    =     12789.9962
 EELEC  =   -111501.8189  EHBOND  =         0.0000  RESTRAINT  =       249.3271
 EAMBER (non-restraint)  =    -89918.4525
 EKCMT  =      7646.4918  VIRIAL  =      9535.9454  VOLUME     =    370667.0520
                                                    Density    =         0.7967
 Ewald error estimate:   0.4346E-04
 ------------------------------------------------------------------------------


 NSTEP =      880   TIME(PS) =       3.760  TEMP(K) =   282.75  PRESS =  -197.0
 Etot   =    -72832.9373  EKtot   =     16700.3096  EPtot      =    -89533.2469
 BOND   =       379.2360  ANGLE   =      1016.1206  DIHED      =      1636.4758
 1-4 NB =       420.5296  1-4 EEL =      5368.5565  VDWAALS    =     12699.4143
 EELEC  =   -111307.3408  EHBOND  =         0.0000  RESTRAINT  =       253.7612
 EAMBER (non-restraint)  =    -89787.0081
 EKCMT  =      7639.8175  VIRIAL  =      9215.6712  VOLUME     =    370537.2168
                                                    Density    =         0.7970
 Ewald error estimate:   0.1702E-04
 ------------------------------------------------------------------------------


 NSTEP =      900   TIME(PS) =       3.800  TEMP(K) =   282.81  PRESS =  -117.1
 Etot   =    -72638.6792  EKtot   =     16704.2607  EPtot      =    -89342.9400
 BOND   =       386.4848  ANGLE   =       994.7719  DIHED      =      1596.8168
 1-4 NB =       423.7375  1-4 EEL =      5367.8714  VDWAALS    =     12753.3768
 EELEC  =   -111113.5389  EHBOND  =         0.0000  RESTRAINT  =       247.5397
 EAMBER (non-restraint)  =    -89590.4797
 EKCMT  =      7686.4259  VIRIAL  =      8623.1805  VOLUME     =    370414.4308
                                                    Density    =         0.7972
 Ewald error estimate:   0.3367E-04
 ------------------------------------------------------------------------------


 NSTEP =      920   TIME(PS) =       3.840  TEMP(K) =   285.43  PRESS =  -213.9
 Etot   =    -72408.0599  EKtot   =     16858.4893  EPtot      =    -89266.5492
 BOND   =       372.6486  ANGLE   =       987.9431  DIHED      =      1603.1545
 1-4 NB =       428.7870  1-4 EEL =      5416.9580  VDWAALS    =     12734.1820
 EELEC  =   -111070.4685  EHBOND  =         0.0000  RESTRAINT  =       260.2461
 EAMBER (non-restraint)  =    -89526.7953
 EKCMT  =      7668.3133  VIRIAL  =      9378.6728  VOLUME     =    370300.9456
                                                    Density    =         0.7975
 Ewald error estimate:   0.2678E-04
 ------------------------------------------------------------------------------


 NSTEP =      940   TIME(PS) =       3.880  TEMP(K) =   284.89  PRESS =  -326.0
 Etot   =    -72265.2522  EKtot   =     16826.5721  EPtot      =    -89091.8243
 BOND   =       393.6599  ANGLE   =      1024.9457  DIHED      =      1595.4604
 1-4 NB =       419.9794  1-4 EEL =      5352.1852  VDWAALS    =     12658.4010
 EELEC  =   -110801.9574  EHBOND  =         0.0000  RESTRAINT  =       265.5014
 EAMBER (non-restraint)  =    -89357.3258
 EKCMT  =      7671.7609  VIRIAL  =     10276.8872  VOLUME     =    370164.9529
                                                    Density    =         0.7978
 Ewald error estimate:   0.8724E-04
 ------------------------------------------------------------------------------


 NSTEP =      960   TIME(PS) =       3.920  TEMP(K) =   286.81  PRESS =  -259.7
 Etot   =    -72147.7431  EKtot   =     16940.0943  EPtot      =    -89087.8375
 BOND   =       382.1111  ANGLE   =      1019.2280  DIHED      =      1598.6584
 1-4 NB =       417.2089  1-4 EEL =      5383.9585  VDWAALS    =     12446.9869
 EELEC  =   -110610.2126  EHBOND  =         0.0000  RESTRAINT  =       274.2234
 EAMBER (non-restraint)  =    -89362.0608
 EKCMT  =      7701.5691  VIRIAL  =      9776.1043  VOLUME     =    369966.1503
                                                    Density    =         0.7982
 Ewald error estimate:   0.4629E-04
 ------------------------------------------------------------------------------


 NSTEP =      980   TIME(PS) =       3.960  TEMP(K) =   286.56  PRESS =  -345.3
 Etot   =    -72038.1991  EKtot   =     16925.5418  EPtot      =    -88963.7409
 BOND   =       354.4760  ANGLE   =      1004.0880  DIHED      =      1597.9940
 1-4 NB =       435.4307  1-4 EEL =      5408.6160  VDWAALS    =     12347.1877
 EELEC  =   -110371.2809  EHBOND  =         0.0000  RESTRAINT  =       259.7477
 EAMBER (non-restraint)  =    -89223.4886
 EKCMT  =      7674.4036  VIRIAL  =     10430.7643  VOLUME     =    369721.3821
                                                    Density    =         0.7987
 Ewald error estimate:   0.9667E-04
 ------------------------------------------------------------------------------


 NSTEP =     1000   TIME(PS) =       4.000  TEMP(K) =   285.37  PRESS =  -399.8
 Etot   =    -71924.0836  EKtot   =     16855.0062  EPtot      =    -88779.0898
 BOND   =       390.1740  ANGLE   =      1021.0454  DIHED      =      1607.5749
 1-4 NB =       415.2538  1-4 EEL =      5395.4039  VDWAALS    =     12288.5687
 EELEC  =   -110151.3426  EHBOND  =         0.0000  RESTRAINT  =       254.2320
 EAMBER (non-restraint)  =    -89033.3219
 EKCMT  =      7684.2381  VIRIAL  =     10873.6605  VOLUME     =    369472.2335
                                                    Density    =         0.7993
 Ewald error estimate:   0.6724E-04
 ------------------------------------------------------------------------------


      A V E R A G E S   O V E R      50 S T E P S


 NSTEP =     1000   TIME(PS) =       4.000  TEMP(K) =   223.81  PRESS =   -22.7
 Etot   =    -81765.3411  EKtot   =     13219.3901  EPtot      =    -94984.7312
 BOND   =       311.7721  ANGLE   =       866.1941  DIHED      =      1572.5614
 1-4 NB =       416.1646  1-4 EEL =      5383.8471  VDWAALS    =     15182.1757
 EELEC  =   -118920.1427  EHBOND  =         0.0000  RESTRAINT  =       202.6965
 EAMBER (non-restraint)  =    -95187.4277
 EKCMT  =      6042.5730  VIRIAL  =      6224.1696  VOLUME     =    371821.4134
                                                    Density    =         0.7942
 Ewald error estimate:   0.1215E-03
 ------------------------------------------------------------------------------


      R M S  F L U C T U A T I O N S


 NSTEP =     1000   TIME(PS) =       4.000  TEMP(K) =    67.17  PRESS =   238.9
 Etot   =      9608.9301  EKtot   =      3967.2298  EPtot      =      5654.1881
 BOND   =        79.1138  ANGLE   =       177.8268  DIHED      =        43.9027
 1-4 NB =        13.7494  1-4 EEL =        16.5237  VDWAALS    =      2559.3916
 EELEC  =      7848.5570  EHBOND  =         0.0000  RESTRAINT  =        61.7908
 EAMBER (non-restraint)  =      5592.3972
 EKCMT  =      1782.7321  VIRIAL  =      3625.4373  VOLUME     =      1071.8836
                                                    Density    =         0.0023
 Ewald error estimate:   0.1059E-03
 ------------------------------------------------------------------------------

--------------------------------------------------------------------------------
   5.  TIMINGS
--------------------------------------------------------------------------------

|  NonSetup CPU Time in Major Routines, Average for All Tasks:
|
|     Routine           Sec        %
|     ------------------------------
|     DataDistrib       0.74    2.46
|     Nonbond          26.84   89.91
|     Bond              0.01    0.02
|     Angle             0.07    0.25
|     Dihedral          0.31    1.05
|     Shake             0.26    0.87
|     RunMD             1.62    5.43
|     Other             0.00    0.01
|     ------------------------------
|     Total            29.86

|  PME Nonbond Pairlist CPU Time, Average for All Tasks:
|
|     Routine              Sec        %
|     ---------------------------------
|     Set Up Cit           0.04    0.15
|     Build List           2.42    8.12
|     ---------------------------------
|     Total                2.47    8.27

|  PME Direct Force CPU Time, Average for All Tasks:
|
|     Routine              Sec        %
|     ---------------------------------
|     NonBonded Calc      17.46   58.48
|     Exclude Masked       0.35    1.18
|     Other                0.47    1.56
|     ---------------------------------
|     Total               18.28   61.22

|  PME Reciprocal Force CPU Time, Average for All Tasks:
|
|     Routine              Sec        %
|     ---------------------------------
|     1D bspline           0.39    1.30
|     Grid Charges         0.57    1.92
|     Scalar Sum           0.38    1.28
|     Gradient Sum         0.71    2.38
|     FFT                  4.04   13.53
|     ---------------------------------
|     Total                6.09   20.40

|  PME Load Balancing CPU Time, Average for All Tasks:
|
|     Routine                 Sec        %
|     ------------------------------------
|     Atom Reassign           0.00    0.00
|     Image Reassign          0.00    0.00
|     FFT Reassign            0.00    0.00
|     ------------------------------------
|     Total                   0.00    0.00

|  Final Performance Info:
|     -----------------------------------------------------
|     Average timings for last     980 steps:
|     Elapsed(s) =      29.29 Per Step(ms) =      29.89
|         ns/day =       5.78   seconds/ns =   14945.43
|
|     Average timings for all steps:
|     Elapsed(s) =      29.94 Per Step(ms) =      29.94
|         ns/day =       5.77   seconds/ns =   14969.18
|     -----------------------------------------------------

|  Master Setup CPU time:            0.22 seconds
|  Master NonSetup CPU time:        29.82 seconds
|  Master Total CPU time:           30.04 seconds     0.01 hours

|  Master Setup wall time:           0    seconds
|  Master NonSetup wall time:       30    seconds
|  Master Total wall time:          30    seconds     0.01 hours
