
          -------------------------------------------------------
          Amber 16 PMEMD                              2016
          -------------------------------------------------------

| PMEMD implementation of SANDER, Release 16

| Run on 11/08/2017 at 19:37:29

|   Executable path: pmemd.MPI
| Working directory: /scratch/kfd233/CompChemLab8/try2/sim2/prod/fastsims
|          Hostname: log-1

  [-O]verwriting output

File Assignments:
|   MDIN: equil.in                                                              
|  MDOUT: equil.out                                                             
| INPCRD: density.rst                                                           
|   PARM: 2dvq_sol.prmtop                                                       
| RESTRT: equil.rst                                                             
|   REFC: min_all.rst                                                           
|  MDVEL: mdvel                                                                 
|   MDEN: mden                                                                  
|  MDCRD: equil.mdcrd                                                           
| MDINFO: mdinfo                                                                
|LOGFILE: logfile                                                               
|  MDFRC: mdfrc                                                                 

 
 Here is the input file:
 
# Equil.in                                                                     
&cntrl                                                                         
imin = 0, irest = 1,ntx = 5, nstlim = 2000, dt = 0.002,                        
ntc = 2, ntf = 2,                                                              
cut = 10.0, ntb = 2, ntp = 1, taup=2.0,                                        
ntpr = 20, ntwx = 20,                                                          
ntt = 3, gamma_ln = 2.0,                                                       
temp0 = 300.0,                                                                 
ntr = 1, restraintmask = ':1-218',                                             
restraint_wt = 0.5,                                                            
ioutfm = 1,                                                                    
/                                                                              
                                                                               


Note: ig = -1. Setting random seed to   285123 based on wallclock time in
      microseconds and disabling the synchronization of random numbers 
      between tasks to improve performance.
 
 
| Conditional Compilation Defines Used:
| MPI
| PUBFFT
| BINTRAJ
| MKL
| EMIL
 
| Largest sphere to fit in unit cell has radius =    33.484

| New format PARM file being parsed.
| Version =    1.000 Date = 11/08/17 Time = 16:37:34

| Note: 1-4 EEL scale factors are being read from the topology file.

| Note: 1-4 VDW scale factors are being read from the topology file.
| Duplicated    0 dihedrals

| Duplicated    0 dihedrals

--------------------------------------------------------------------------------
   1.  RESOURCE   USE: 
--------------------------------------------------------------------------------

 getting box info from netcdf restart file
 NATOM  =   29205 NTYPES =      17 NBONH =   28170 MBONA  =    1053
 NTHETH =    2361 MTHETA =    1415 NPHIH =    4706 MPHIA  =    4372
 NHPARM =       0 NPARM  =       0 NNB   =   47559 NRES   =    9178
 NBONA  =    1053 NTHETA =    1415 NPHIA =    4372 NUMBND =      69
 NUMANG =     161 NPTRA  =     197 NATYP =      36 NPHB   =       1
 IFBOX  =       1 NMXRS  =      26 IFCAP =       0 NEXTRA =       0
 NCOPY  =       0

| Coordinate Index Table dimensions:    11   11   13
| Direct force subcell size =     6.2420    6.0880    6.1808

     BOX TYPE: RECTILINEAR

--------------------------------------------------------------------------------
   2.  CONTROL  DATA  FOR  THE  RUN
--------------------------------------------------------------------------------

default_name                                                                    

General flags:
     imin    =       0, nmropt  =       0

Nature and format of input:
     ntx     =       5, irest   =       1, ntrx    =       1

Nature and format of output:
     ntxo    =       2, ntpr    =      20, ntrx    =       1, ntwr    =    2000
     iwrap   =       0, ntwx    =      20, ntwv    =       0, ntwe    =       0
     ioutfm  =       1, ntwprt  =       0, idecomp =       0, rbornstat=      0

Potential function:
     ntf     =       2, ntb     =       2, igb     =       0, nsnb    =      25
     ipol    =       0, gbsa    =       0, iesp    =       0
     dielc   =   1.00000, cut     =  10.00000, intdiel =   1.00000

Frozen or restrained atoms:
     ibelly  =       0, ntr     =       1
     restraint_wt =   0.50000

Molecular dynamics:
     nstlim  =      2000, nscm    =         0, nrespa  =         1
     t       =   0.00000, dt      =   0.00200, vlimit  =  20.00000

Langevin dynamics temperature regulation:
     ig      =  285123
     temp0   = 300.00000, tempi   =   0.00000, gamma_ln=   2.00000

Pressure regulation:
     ntp     =       1
     pres0   =   1.00000, comp    =  44.60000, taup    =   2.00000

SHAKE:
     ntc     =       2, jfastw  =       0
     tol     =   0.00001

| Intermolecular bonds treatment:
|     no_intermolecular_bonds =       1

| Energy averages sample interval:
|     ene_avg_sampling =      20

Ewald parameters:
     verbose =       0, ew_type =       0, nbflag  =       1, use_pme =       1
     vdwmeth =       1, eedmeth =       1, netfrc  =       1
     Box X =   68.662   Box Y =   66.968   Box Z =   80.350
     Alpha =   90.000   Beta  =   90.000   Gamma =   90.000
     NFFT1 =   72       NFFT2 =   72       NFFT3 =   81
     Cutoff=   10.000   Tol   =0.100E-04
     Ewald Coefficient =  0.27511
     Interpolation order =    4

| PMEMD ewald parallel performance parameters:
|     block_fft =    0
|     fft_blk_y_divisor =    2
|     excl_recip =    0
|     excl_master =    0
|     atm_redist_freq =  320

    LOADING THE CONSTRAINED ATOMS AS GROUPS


   5.  REFERENCE ATOM COORDINATES

  default_name                                                                    
     Mask :1-218; matches  2325 atoms

--------------------------------------------------------------------------------
   3.  ATOMIC COORDINATES AND VELOCITIES
--------------------------------------------------------------------------------

default_name                                                                    
 begin time read from input coords =     4.000 ps

 
 Number of triangulated 3-point waters found:     9045

     Sum of charges from parm topology file =  -0.00000208
     Forcing neutrality...

| Dynamic Memory, Types Used:
| Reals             1742067
| Integers          1190791

| Nonbonded Pairs Initial Allocation:     2860629

| Running AMBER/MPI version on    4 MPI task

 
--------------------------------------------------------------------------------
   4.  RESULTS
--------------------------------------------------------------------------------

 ---------------------------------------------------
 APPROXIMATING switch and d/dx switch using CUBIC SPLINE INTERPOLATION
 using   5000.0 points per unit in tabled values
 TESTING RELATIVE ERROR over r ranging from 0.0 to cutoff
| CHECK switch(x): max rel err =   0.3316E-14   at   2.351880
| CHECK d/dx switch(x): max rel err =   0.8066E-11   at   2.747240
 ---------------------------------------------------
|---------------------------------------------------
| APPROXIMATING direct energy using CUBIC SPLINE INTERPOLATION
|  with   50.0 points per unit in tabled values
| Relative Error Limit not exceeded for r .gt.   2.34
| APPROXIMATING direct force using CUBIC SPLINE INTERPOLATION
|  with   50.0 points per unit in tabled values
| Relative Error Limit not exceeded for r .gt.   2.81
|---------------------------------------------------

 NSTEP =       20   TIME(PS) =       4.040  TEMP(K) =   284.45  PRESS =  -505.0
 Etot   =    -71978.5655  EKtot   =     16800.7377  EPtot      =    -88779.3032
 BOND   =       377.7911  ANGLE   =      1094.0213  DIHED      =      1620.8564
 1-4 NB =       425.6189  1-4 EEL =      5391.2263  VDWAALS    =     12129.5122
 EELEC  =   -109905.5122  EHBOND  =         0.0000  RESTRAINT  =        87.1827
 EAMBER (non-restraint)  =    -88866.4859
 EKCMT  =      7605.1820  VIRIAL  =     11632.2822  VOLUME     =    369304.0198
                                                    Density    =         0.7996
 Ewald error estimate:   0.4621E-04
 ------------------------------------------------------------------------------


 NSTEP =       40   TIME(PS) =       4.080  TEMP(K) =   285.23  PRESS =  -413.4
 Etot   =    -71853.5295  EKtot   =     16846.6258  EPtot      =    -88700.1553
 BOND   =       367.1963  ANGLE   =      1053.8923  DIHED      =      1630.6336
 1-4 NB =       434.8899  1-4 EEL =      5376.8075  VDWAALS    =     12159.3357
 EELEC  =   -109833.7830  EHBOND  =         0.0000  RESTRAINT  =       110.8724
 EAMBER (non-restraint)  =    -88811.0278
 EKCMT  =      7561.6276  VIRIAL  =     10856.6770  VOLUME     =    369157.0621
                                                    Density    =         0.7999
 Ewald error estimate:   0.6270E-04
 ------------------------------------------------------------------------------


 NSTEP =       60   TIME(PS) =       4.120  TEMP(K) =   287.09  PRESS =  -579.4
 Etot   =    -71669.7975  EKtot   =     16956.9012  EPtot      =    -88626.6986
 BOND   =       394.6137  ANGLE   =      1035.9421  DIHED      =      1624.0281
 1-4 NB =       423.3009  1-4 EEL =      5362.6965  VDWAALS    =     11888.2946
 EELEC  =   -109486.3229  EHBOND  =         0.0000  RESTRAINT  =       130.7484
 EAMBER (non-restraint)  =    -88757.4470
 EKCMT  =      7723.9977  VIRIAL  =     12339.7549  VOLUME     =    368995.6094
                                                    Density    =         0.8003
 Ewald error estimate:   0.9173E-04
 ------------------------------------------------------------------------------


 NSTEP =       80   TIME(PS) =       4.160  TEMP(K) =   286.20  PRESS =  -507.1
 Etot   =    -71669.0915  EKtot   =     16904.4691  EPtot      =    -88573.5606
 BOND   =       356.9481  ANGLE   =      1100.3838  DIHED      =      1608.7707
 1-4 NB =       423.8745  1-4 EEL =      5390.2706  VDWAALS    =     11928.0883
 EELEC  =   -109521.2401  EHBOND  =         0.0000  RESTRAINT  =       139.3435
 EAMBER (non-restraint)  =    -88712.9041
 EKCMT  =      7641.3139  VIRIAL  =     11679.2539  VOLUME     =    368804.0284
                                                    Density    =         0.8007
 Ewald error estimate:   0.5560E-04
 ------------------------------------------------------------------------------


 NSTEP =      100   TIME(PS) =       4.200  TEMP(K) =   287.26  PRESS =  -486.5
 Etot   =    -71605.2670  EKtot   =     16966.7797  EPtot      =    -88572.0467
 BOND   =       378.8002  ANGLE   =      1044.4660  DIHED      =      1612.7626
 1-4 NB =       426.2104  1-4 EEL =      5396.1929  VDWAALS    =     12120.7910
 EELEC  =   -109686.6915  EHBOND  =         0.0000  RESTRAINT  =       135.4218
 EAMBER (non-restraint)  =    -88707.4684
 EKCMT  =      7714.4023  VIRIAL  =     11586.9680  VOLUME     =    368646.3668
                                                    Density    =         0.8011
 Ewald error estimate:   0.2868E-04
 ------------------------------------------------------------------------------


 NSTEP =      120   TIME(PS) =       4.240  TEMP(K) =   286.85  PRESS =  -377.1
 Etot   =    -71499.8476  EKtot   =     16942.7670  EPtot      =    -88442.6146
 BOND   =       375.3176  ANGLE   =      1047.3462  DIHED      =      1619.6319
 1-4 NB =       439.7886  1-4 EEL =      5385.2632  VDWAALS    =     12244.5165
 EELEC  =   -109691.8544  EHBOND  =         0.0000  RESTRAINT  =       137.3758
 EAMBER (non-restraint)  =    -88579.9904
 EKCMT  =      7710.4099  VIRIAL  =     10711.2878  VOLUME     =    368531.5568
                                                    Density    =         0.8013
 Ewald error estimate:   0.4576E-04
 ------------------------------------------------------------------------------


 NSTEP =      140   TIME(PS) =       4.280  TEMP(K) =   288.69  PRESS =  -328.3
 Etot   =    -71362.0884  EKtot   =     17051.0246  EPtot      =    -88413.1130
 BOND   =       383.3363  ANGLE   =      1071.4392  DIHED      =      1639.6783
 1-4 NB =       430.3568  1-4 EEL =      5385.5559  VDWAALS    =     12243.6054
 EELEC  =   -109700.1811  EHBOND  =         0.0000  RESTRAINT  =       133.0962
 EAMBER (non-restraint)  =    -88546.2092
 EKCMT  =      7796.5391  VIRIAL  =     10408.1587  VOLUME     =    368413.0476
                                                    Density    =         0.8016
 Ewald error estimate:   0.1530E-03
 ------------------------------------------------------------------------------


 NSTEP =      160   TIME(PS) =       4.320  TEMP(K) =   289.52  PRESS =  -396.5
 Etot   =    -71308.7644  EKtot   =     17100.2500  EPtot      =    -88409.0144
 BOND   =       403.4191  ANGLE   =      1038.1668  DIHED      =      1627.0949
 1-4 NB =       442.0335  1-4 EEL =      5382.9912  VDWAALS    =     12219.7203
 EELEC  =   -109663.4267  EHBOND  =         0.0000  RESTRAINT  =       140.9867
 EAMBER (non-restraint)  =    -88550.0011
 EKCMT  =      7798.8585  VIRIAL  =     10951.5905  VOLUME     =    368299.1495
                                                    Density    =         0.8018
 Ewald error estimate:   0.5299E-04
 ------------------------------------------------------------------------------


 NSTEP =      180   TIME(PS) =       4.360  TEMP(K) =   287.68  PRESS =  -468.4
 Etot   =    -71285.9512  EKtot   =     16991.4449  EPtot      =    -88277.3961
 BOND   =       383.6949  ANGLE   =      1059.6846  DIHED      =      1624.8894
 1-4 NB =       418.1550  1-4 EEL =      5384.7828  VDWAALS    =     12181.9350
 EELEC  =   -109480.1710  EHBOND  =         0.0000  RESTRAINT  =       149.6332
 EAMBER (non-restraint)  =    -88427.0293
 EKCMT  =      7750.3975  VIRIAL  =     11474.0707  VOLUME     =    368187.4277
                                                    Density    =         0.8020
 Ewald error estimate:   0.1719E-03
 ------------------------------------------------------------------------------


 NSTEP =      200   TIME(PS) =       4.400  TEMP(K) =   289.48  PRESS =  -447.4
 Etot   =    -71186.7752  EKtot   =     17098.0422  EPtot      =    -88284.8174
 BOND   =       372.3273  ANGLE   =      1071.5169  DIHED      =      1603.7676
 1-4 NB =       430.6870  1-4 EEL =      5381.7532  VDWAALS    =     12048.9606
 EELEC  =   -109347.2101  EHBOND  =         0.0000  RESTRAINT  =       153.3802
 EAMBER (non-restraint)  =    -88438.1976
 EKCMT  =      7799.3657  VIRIAL  =     11354.4083  VOLUME     =    368029.7501
                                                    Density    =         0.8024
 Ewald error estimate:   0.7756E-04
 ------------------------------------------------------------------------------


 NSTEP =      220   TIME(PS) =       4.440  TEMP(K) =   290.58  PRESS =  -336.2
 Etot   =    -71105.3549  EKtot   =     17162.9407  EPtot      =    -88268.2955
 BOND   =       395.9420  ANGLE   =      1074.1208  DIHED      =      1619.6467
 1-4 NB =       417.1721  1-4 EEL =      5341.1119  VDWAALS    =     12034.4753
 EELEC  =   -109298.5742  EHBOND  =         0.0000  RESTRAINT  =       147.8099
 EAMBER (non-restraint)  =    -88416.1054
 EKCMT  =      7844.0215  VIRIAL  =     10514.8069  VOLUME     =    367900.2457
                                                    Density    =         0.8027
 Ewald error estimate:   0.1826E-04
 ------------------------------------------------------------------------------


 NSTEP =      240   TIME(PS) =       4.480  TEMP(K) =   289.50  PRESS =  -288.3
 Etot   =    -70972.4113  EKtot   =     17099.3420  EPtot      =    -88071.7533
 BOND   =       377.5516  ANGLE   =      1079.2929  DIHED      =      1620.9660
 1-4 NB =       430.1779  1-4 EEL =      5361.9649  VDWAALS    =     12003.0368
 EELEC  =   -109085.6655  EHBOND  =         0.0000  RESTRAINT  =       140.9221
 EAMBER (non-restraint)  =    -88212.6754
 EKCMT  =      7831.1273  VIRIAL  =     10121.0946  VOLUME     =    367822.1403
                                                    Density    =         0.8028
 Ewald error estimate:   0.1186E-03
 ------------------------------------------------------------------------------


 NSTEP =      260   TIME(PS) =       4.520  TEMP(K) =   289.20  PRESS =  -441.0
 Etot   =    -70923.4034  EKtot   =     17081.5656  EPtot      =    -88004.9689
 BOND   =       385.6293  ANGLE   =      1067.4990  DIHED      =      1598.5479
 1-4 NB =       429.8091  1-4 EEL =      5391.1172  VDWAALS    =     11738.7573
 EELEC  =   -108755.1961  EHBOND  =         0.0000  RESTRAINT  =       138.8674
 EAMBER (non-restraint)  =    -88143.8363
 EKCMT  =      7842.9051  VIRIAL  =     11344.0723  VOLUME     =    367683.3758
                                                    Density    =         0.8031
 Ewald error estimate:   0.1103E-04
 ------------------------------------------------------------------------------


 NSTEP =      280   TIME(PS) =       4.560  TEMP(K) =   292.54  PRESS =  -524.1
 Etot   =    -70788.2004  EKtot   =     17278.5604  EPtot      =    -88066.7609
 BOND   =       404.3491  ANGLE   =      1087.7806  DIHED      =      1627.0299
 1-4 NB =       421.9174  1-4 EEL =      5369.4754  VDWAALS    =     11710.4177
 EELEC  =   -108829.3192  EHBOND  =         0.0000  RESTRAINT  =       141.5882
 EAMBER (non-restraint)  =    -88208.3491
 EKCMT  =      7876.7756  VIRIAL  =     12035.4653  VOLUME     =    367506.0866
                                                    Density    =         0.8035
 Ewald error estimate:   0.4421E-04
 ------------------------------------------------------------------------------


 NSTEP =      300   TIME(PS) =       4.600  TEMP(K) =   293.33  PRESS =  -435.0
 Etot   =    -70643.8028  EKtot   =     17325.1865  EPtot      =    -87968.9893
 BOND   =       400.2180  ANGLE   =      1084.4890  DIHED      =      1647.4648
 1-4 NB =       419.7121  1-4 EEL =      5390.9175  VDWAALS    =     11909.1415
 EELEC  =   -108964.7618  EHBOND  =         0.0000  RESTRAINT  =       143.8294
 EAMBER (non-restraint)  =    -88112.8188
 EKCMT  =      7874.8374  VIRIAL  =     11324.9233  VOLUME     =    367348.7591
                                                    Density    =         0.8039
 Ewald error estimate:   0.2976E-04
 ------------------------------------------------------------------------------


 NSTEP =      320   TIME(PS) =       4.640  TEMP(K) =   294.86  PRESS =  -419.7
 Etot   =    -70549.7922  EKtot   =     17415.4649  EPtot      =    -87965.2571
 BOND   =       379.7731  ANGLE   =      1102.6848  DIHED      =      1659.2002
 1-4 NB =       434.8241  1-4 EEL =      5377.8887  VDWAALS    =     11985.7340
 EELEC  =   -109053.3660  EHBOND  =         0.0000  RESTRAINT  =       148.0039
 EAMBER (non-restraint)  =    -88113.2610
 EKCMT  =      7924.8080  VIRIAL  =     11252.5904  VOLUME     =    367201.3770
                                                    Density    =         0.8042
 Ewald error estimate:   0.4659E-05
 ------------------------------------------------------------------------------


 NSTEP =      340   TIME(PS) =       4.680  TEMP(K) =   294.58  PRESS =  -295.7
 Etot   =    -70550.3907  EKtot   =     17399.2053  EPtot      =    -87949.5960
 BOND   =       373.0994  ANGLE   =      1095.8645  DIHED      =      1628.1156
 1-4 NB =       436.1127  1-4 EEL =      5366.9136  VDWAALS    =     12080.3967
 EELEC  =   -109080.5966  EHBOND  =         0.0000  RESTRAINT  =       150.4982
 EAMBER (non-restraint)  =    -88100.0941
 EKCMT  =      7960.6390  VIRIAL  =     10304.1854  VOLUME     =    367097.6951
                                                    Density    =         0.8044
 Ewald error estimate:   0.9127E-05
 ------------------------------------------------------------------------------


 NSTEP =      360   TIME(PS) =       4.720  TEMP(K) =   296.44  PRESS =  -448.9
 Etot   =    -70458.0324  EKtot   =     17509.1941  EPtot      =    -87967.2265
 BOND   =       388.6849  ANGLE   =      1096.3985  DIHED      =      1623.3393
 1-4 NB =       432.5921  1-4 EEL =      5402.7735  VDWAALS    =     11893.3032
 EELEC  =   -108951.4002  EHBOND  =         0.0000  RESTRAINT  =       147.0822
 EAMBER (non-restraint)  =    -88114.3087
 EKCMT  =      7949.7081  VIRIAL  =     11507.0368  VOLUME     =    366992.7386
                                                    Density    =         0.8047
 Ewald error estimate:   0.4145E-04
 ------------------------------------------------------------------------------


 NSTEP =      380   TIME(PS) =       4.760  TEMP(K) =   292.24  PRESS =  -391.0
 Etot   =    -70453.0083  EKtot   =     17260.6730  EPtot      =    -87713.6813
 BOND   =       387.9546  ANGLE   =      1067.7410  DIHED      =      1652.6463
 1-4 NB =       427.4469  1-4 EEL =      5382.9201  VDWAALS    =     11906.5423
 EELEC  =   -108695.6823  EHBOND  =         0.0000  RESTRAINT  =       156.7497
 EAMBER (non-restraint)  =    -87870.4310
 EKCMT  =      7890.1175  VIRIAL  =     10987.0821  VOLUME     =    366823.4154
                                                    Density    =         0.8050
 Ewald error estimate:   0.6602E-04
 ------------------------------------------------------------------------------


 NSTEP =      400   TIME(PS) =       4.800  TEMP(K) =   292.61  PRESS =  -220.5
 Etot   =    -70472.4862  EKtot   =     17282.5482  EPtot      =    -87755.0344
 BOND   =       401.8951  ANGLE   =      1068.8117  DIHED      =      1611.9349
 1-4 NB =       427.3665  1-4 EEL =      5387.1627  VDWAALS    =     12078.7452
 EELEC  =   -108889.6668  EHBOND  =         0.0000  RESTRAINT  =       158.7163
 EAMBER (non-restraint)  =    -87913.7507
 EKCMT  =      7840.9393  VIRIAL  =      9587.1951  VOLUME     =    366718.3126
                                                    Density    =         0.8053
 Ewald error estimate:   0.5032E-04
 ------------------------------------------------------------------------------


 NSTEP =      420   TIME(PS) =       4.840  TEMP(K) =   294.67  PRESS =  -301.1
 Etot   =    -70368.2885  EKtot   =     17404.4317  EPtot      =    -87772.7202
 BOND   =       366.8424  ANGLE   =      1077.5910  DIHED      =      1603.8685
 1-4 NB =       438.3099  1-4 EEL =      5367.5495  VDWAALS    =     11972.0107
 EELEC  =   -108761.6350  EHBOND  =         0.0000  RESTRAINT  =       162.7427
 EAMBER (non-restraint)  =    -87935.4629
 EKCMT  =      7983.0251  VIRIAL  =     10366.1875  VOLUME     =    366630.9416
                                                    Density    =         0.8055
 Ewald error estimate:   0.9424E-06
 ------------------------------------------------------------------------------


 NSTEP =      440   TIME(PS) =       4.880  TEMP(K) =   293.81  PRESS =  -273.6
 Etot   =    -70379.9327  EKtot   =     17353.8960  EPtot      =    -87733.8286
 BOND   =       394.4686  ANGLE   =      1064.4910  DIHED      =      1628.6938
 1-4 NB =       423.5647  1-4 EEL =      5346.4865  VDWAALS    =     11993.2524
 EELEC  =   -108747.5378  EHBOND  =         0.0000  RESTRAINT  =       162.7523
 EAMBER (non-restraint)  =    -87896.5809
 EKCMT  =      7946.8009  VIRIAL  =     10112.2157  VOLUME     =    366518.8140
                                                    Density    =         0.8057
 Ewald error estimate:   0.4202E-04
 ------------------------------------------------------------------------------


 NSTEP =      460   TIME(PS) =       4.920  TEMP(K) =   296.48  PRESS =  -463.1
 Etot   =    -70235.8498  EKtot   =     17511.6085  EPtot      =    -87747.4583
 BOND   =       396.9923  ANGLE   =      1081.7100  DIHED      =      1625.3006
 1-4 NB =       431.5597  1-4 EEL =      5344.9147  VDWAALS    =     11786.2500
 EELEC  =   -108569.7104  EHBOND  =         0.0000  RESTRAINT  =       155.5249
 EAMBER (non-restraint)  =    -87902.9832
 EKCMT  =      7982.6978  VIRIAL  =     11646.6137  VOLUME     =    366398.2079
                                                    Density    =         0.8060
 Ewald error estimate:   0.2117E-04
 ------------------------------------------------------------------------------


 NSTEP =      480   TIME(PS) =       4.960  TEMP(K) =   296.50  PRESS =  -468.4
 Etot   =    -70190.0678  EKtot   =     17512.5335  EPtot      =    -87702.6013
 BOND   =       387.8460  ANGLE   =      1047.1828  DIHED      =      1638.3989
 1-4 NB =       424.7084  1-4 EEL =      5396.7094  VDWAALS    =     11630.4982
 EELEC  =   -108388.6483  EHBOND  =         0.0000  RESTRAINT  =       160.7033
 EAMBER (non-restraint)  =    -87863.3046
 EKCMT  =      7967.4685  VIRIAL  =     11672.1089  VOLUME     =    366275.8338
                                                    Density    =         0.8062
 Ewald error estimate:   0.1727E-03
 ------------------------------------------------------------------------------


 NSTEP =      500   TIME(PS) =       5.000  TEMP(K) =   293.51  PRESS =  -563.5
 Etot   =    -70176.6323  EKtot   =     17336.0047  EPtot      =    -87512.6370
 BOND   =       386.3767  ANGLE   =      1058.2534  DIHED      =      1616.7195
 1-4 NB =       441.3847  1-4 EEL =      5371.5267  VDWAALS    =     11577.9290
 EELEC  =   -108124.0075  EHBOND  =         0.0000  RESTRAINT  =       159.1805
 EAMBER (non-restraint)  =    -87671.8175
 EKCMT  =      7873.2252  VIRIAL  =     12327.3116  VOLUME     =    366091.1643
                                                    Density    =         0.8066
 Ewald error estimate:   0.1912E-03
 ------------------------------------------------------------------------------


 NSTEP =      520   TIME(PS) =       5.040  TEMP(K) =   296.00  PRESS =  -549.0
 Etot   =    -70169.1173  EKtot   =     17483.1739  EPtot      =    -87652.2912
 BOND   =       396.6454  ANGLE   =      1034.8305  DIHED      =      1634.7082
 1-4 NB =       431.2755  1-4 EEL =      5344.4470  VDWAALS    =     11480.8246
 EELEC  =   -108130.6601  EHBOND  =         0.0000  RESTRAINT  =       155.6377
 EAMBER (non-restraint)  =    -87807.9288
 EKCMT  =      7926.8601  VIRIAL  =     12264.3057  VOLUME     =    365919.3993
                                                    Density    =         0.8070
 Ewald error estimate:   0.8581E-04
 ------------------------------------------------------------------------------


 NSTEP =      540   TIME(PS) =       5.080  TEMP(K) =   295.25  PRESS =  -570.5
 Etot   =    -70094.9337  EKtot   =     17438.4627  EPtot      =    -87533.3964
 BOND   =       388.7616  ANGLE   =      1067.3941  DIHED      =      1623.3383
 1-4 NB =       425.3413  1-4 EEL =      5384.7448  VDWAALS    =     11537.9225
 EELEC  =   -108114.3371  EHBOND  =         0.0000  RESTRAINT  =       153.4378
 EAMBER (non-restraint)  =    -87686.8343
 EKCMT  =      7994.4112  VIRIAL  =     12499.6255  VOLUME     =    365756.8540
                                                    Density    =         0.8074
 Ewald error estimate:   0.9755E-04
 ------------------------------------------------------------------------------


 NSTEP =      560   TIME(PS) =       5.120  TEMP(K) =   293.74  PRESS =  -516.3
 Etot   =    -70073.6592  EKtot   =     17349.6524  EPtot      =    -87423.3117
 BOND   =       396.3219  ANGLE   =      1095.9670  DIHED      =      1612.7891
 1-4 NB =       434.0954  1-4 EEL =      5393.2743  VDWAALS    =     11556.3029
 EELEC  =   -108072.9674  EHBOND  =         0.0000  RESTRAINT  =       160.9051
 EAMBER (non-restraint)  =    -87584.2168
 EKCMT  =      7938.7751  VIRIAL  =     12013.8627  VOLUME     =    365577.4154
                                                    Density    =         0.8078
 Ewald error estimate:   0.8576E-04
 ------------------------------------------------------------------------------


 NSTEP =      580   TIME(PS) =       5.160  TEMP(K) =   295.44  PRESS =  -541.4
 Etot   =    -70103.1237  EKtot   =     17449.8141  EPtot      =    -87552.9379
 BOND   =       348.3612  ANGLE   =      1104.8500  DIHED      =      1617.4586
 1-4 NB =       443.4291  1-4 EEL =      5394.8776  VDWAALS    =     11614.3626
 EELEC  =   -108235.1916  EHBOND  =         0.0000  RESTRAINT  =       158.9147
 EAMBER (non-restraint)  =    -87711.8525
 EKCMT  =      7936.5040  VIRIAL  =     12208.0114  VOLUME     =    365423.3252
                                                    Density    =         0.8081
 Ewald error estimate:   0.2012E-03
 ------------------------------------------------------------------------------


 NSTEP =      600   TIME(PS) =       5.200  TEMP(K) =   297.63  PRESS =  -506.7
 Etot   =    -69989.1453  EKtot   =     17579.4276  EPtot      =    -87568.5729
 BOND   =       395.0285  ANGLE   =      1070.7533  DIHED      =      1610.3557
 1-4 NB =       419.6365  1-4 EEL =      5400.3118  VDWAALS    =     11671.9305
 EELEC  =   -108292.3265  EHBOND  =         0.0000  RESTRAINT  =       155.7374
 EAMBER (non-restraint)  =    -87724.3102
 EKCMT  =      8016.7171  VIRIAL  =     12012.5092  VOLUME     =    365255.0727
                                                    Density    =         0.8085
 Ewald error estimate:   0.1230E-03
 ------------------------------------------------------------------------------


 NSTEP =      620   TIME(PS) =       5.240  TEMP(K) =   297.82  PRESS =  -233.0
 Etot   =    -69872.6400  EKtot   =     17590.2861  EPtot      =    -87462.9260
 BOND   =       415.6627  ANGLE   =      1036.7925  DIHED      =      1615.5390
 1-4 NB =       424.9697  1-4 EEL =      5346.6860  VDWAALS    =     11824.9610
 EELEC  =   -108287.9828  EHBOND  =         0.0000  RESTRAINT  =       160.4459
 EAMBER (non-restraint)  =    -87623.3719
 EKCMT  =      8158.2317  VIRIAL  =      9995.0219  VOLUME     =    365129.7194
                                                    Density    =         0.8088
 Ewald error estimate:   0.1196E-03
 ------------------------------------------------------------------------------


 NSTEP =      640   TIME(PS) =       5.280  TEMP(K) =   298.83  PRESS =  -397.3
 Etot   =    -69933.7335  EKtot   =     17650.0093  EPtot      =    -87583.7427
 BOND   =       391.8820  ANGLE   =      1105.3249  DIHED      =      1612.5385
 1-4 NB =       423.0167  1-4 EEL =      5364.3791  VDWAALS    =     11766.3436
 EELEC  =   -108404.2907  EHBOND  =         0.0000  RESTRAINT  =       157.0632
 EAMBER (non-restraint)  =    -87740.8060
 EKCMT  =      8179.8441  VIRIAL  =     11310.9473  VOLUME     =    365032.4269
                                                    Density    =         0.8090
 Ewald error estimate:   0.7745E-05
 ------------------------------------------------------------------------------


 NSTEP =      660   TIME(PS) =       5.320  TEMP(K) =   295.94  PRESS =  -432.7
 Etot   =    -69908.3994  EKtot   =     17479.7619  EPtot      =    -87388.1613
 BOND   =       417.7954  ANGLE   =      1087.8590  DIHED      =      1608.4222
 1-4 NB =       426.3866  1-4 EEL =      5360.8231  VDWAALS    =     11765.3294
 EELEC  =   -108208.8386  EHBOND  =         0.0000  RESTRAINT  =       154.0615
 EAMBER (non-restraint)  =    -87542.2228
 EKCMT  =      8062.5255  VIRIAL  =     11471.5664  VOLUME     =    364895.8767
                                                    Density    =         0.8093
 Ewald error estimate:   0.8079E-04
 ------------------------------------------------------------------------------


 NSTEP =      680   TIME(PS) =       5.360  TEMP(K) =   296.39  PRESS =  -489.4
 Etot   =    -69826.5328  EKtot   =     17506.2867  EPtot      =    -87332.8195
 BOND   =       370.0541  ANGLE   =      1086.4951  DIHED      =      1626.3497
 1-4 NB =       454.8107  1-4 EEL =      5379.1783  VDWAALS    =     11618.4559
 EELEC  =   -108023.2148  EHBOND  =         0.0000  RESTRAINT  =       155.0515
 EAMBER (non-restraint)  =    -87487.8710
 EKCMT  =      8059.6035  VIRIAL  =     11913.7480  VOLUME     =    364747.3286
                                                    Density    =         0.8096
 Ewald error estimate:   0.9603E-04
 ------------------------------------------------------------------------------


 NSTEP =      700   TIME(PS) =       5.400  TEMP(K) =   297.78  PRESS =  -557.1
 Etot   =    -69733.1766  EKtot   =     17588.3150  EPtot      =    -87321.4916
 BOND   =       384.0842  ANGLE   =      1067.5816  DIHED      =      1648.3124
 1-4 NB =       435.0872  1-4 EEL =      5379.1980  VDWAALS    =     11443.4196
 EELEC  =   -107836.6203  EHBOND  =         0.0000  RESTRAINT  =       157.4457
 EAMBER (non-restraint)  =    -87478.9373
 EKCMT  =      8167.3020  VIRIAL  =     12552.5417  VOLUME     =    364554.6030
                                                    Density    =         0.8100
 Ewald error estimate:   0.3478E-04
 ------------------------------------------------------------------------------


 NSTEP =      720   TIME(PS) =       5.440  TEMP(K) =   295.38  PRESS =  -376.2
 Etot   =    -69743.6515  EKtot   =     17446.3113  EPtot      =    -87189.9628
 BOND   =       398.3043  ANGLE   =      1039.7370  DIHED      =      1627.1812
 1-4 NB =       433.9676  1-4 EEL =      5348.1933  VDWAALS    =     11567.0210
 EELEC  =   -107753.6795  EHBOND  =         0.0000  RESTRAINT  =       149.3125
 EAMBER (non-restraint)  =    -87339.2752
 EKCMT  =      7978.8002  VIRIAL  =     10938.3714  VOLUME     =    364391.4405
                                                    Density    =         0.8104
 Ewald error estimate:   0.1765E-04
 ------------------------------------------------------------------------------


 NSTEP =      740   TIME(PS) =       5.480  TEMP(K) =   296.69  PRESS =  -645.6
 Etot   =    -69774.0667  EKtot   =     17523.8701  EPtot      =    -87297.9368
 BOND   =       370.4338  ANGLE   =      1095.7022  DIHED      =      1635.8141
 1-4 NB =       424.4048  1-4 EEL =      5369.2591  VDWAALS    =     11243.4852
 EELEC  =   -107585.6154  EHBOND  =         0.0000  RESTRAINT  =       148.5794
 EAMBER (non-restraint)  =    -87446.5162
 EKCMT  =      8021.9498  VIRIAL  =     13099.7244  VOLUME     =    364250.1686
                                                    Density    =         0.8107
 Ewald error estimate:   0.6503E-04
 ------------------------------------------------------------------------------


 NSTEP =      760   TIME(PS) =       5.520  TEMP(K) =   295.11  PRESS =  -683.1
 Etot   =    -69762.9907  EKtot   =     17430.1889  EPtot      =    -87193.1796
 BOND   =       390.1027  ANGLE   =      1042.5399  DIHED      =      1631.7852
 1-4 NB =       445.1620  1-4 EEL =      5403.6654  VDWAALS    =     11295.5852
 EELEC  =   -107556.7997  EHBOND  =         0.0000  RESTRAINT  =       154.7796
 EAMBER (non-restraint)  =    -87347.9592
 EKCMT  =      7989.4589  VIRIAL  =     13358.0827  VOLUME     =    364011.4662
                                                    Density    =         0.8113
 Ewald error estimate:   0.1506E-04
 ------------------------------------------------------------------------------


 NSTEP =      780   TIME(PS) =       5.560  TEMP(K) =   295.95  PRESS =  -536.3
 Etot   =    -69755.1953  EKtot   =     17479.7969  EPtot      =    -87234.9922
 BOND   =       373.6914  ANGLE   =      1066.2876  DIHED      =      1633.7159
 1-4 NB =       422.8519  1-4 EEL =      5331.0980  VDWAALS    =     11522.5784
 EELEC  =   -107742.4416  EHBOND  =         0.0000  RESTRAINT  =       157.2262
 EAMBER (non-restraint)  =    -87392.2184
 EKCMT  =      8021.8505  VIRIAL  =     12234.4334  VOLUME     =    363779.7096
                                                    Density    =         0.8118
 Ewald error estimate:   0.1053E-03
 ------------------------------------------------------------------------------


 NSTEP =      800   TIME(PS) =       5.600  TEMP(K) =   296.78  PRESS =  -505.9
 Etot   =    -69710.5849  EKtot   =     17529.3368  EPtot      =    -87239.9216
 BOND   =       373.2686  ANGLE   =      1043.4092  DIHED      =      1629.8558
 1-4 NB =       426.2291  1-4 EEL =      5367.3255  VDWAALS    =     11520.9621
 EELEC  =   -107756.9147  EHBOND  =         0.0000  RESTRAINT  =       155.9427
 EAMBER (non-restraint)  =    -87395.8644
 EKCMT  =      8023.5449  VIRIAL  =     11995.2677  VOLUME     =    363623.5770
                                                    Density    =         0.8121
 Ewald error estimate:   0.2884E-04
 ------------------------------------------------------------------------------


 NSTEP =      820   TIME(PS) =       5.640  TEMP(K) =   296.12  PRESS =  -516.3
 Etot   =    -69734.8746  EKtot   =     17489.9639  EPtot      =    -87224.8384
 BOND   =       390.3679  ANGLE   =      1013.9355  DIHED      =      1626.5558
 1-4 NB =       440.0169  1-4 EEL =      5394.6002  VDWAALS    =     11590.9861
 EELEC  =   -107839.8014  EHBOND  =         0.0000  RESTRAINT  =       158.5005
 EAMBER (non-restraint)  =    -87383.3389
 EKCMT  =      7993.0305  VIRIAL  =     12044.6246  VOLUME     =    363467.3114
                                                    Density    =         0.8125
 Ewald error estimate:   0.1116E-04
 ------------------------------------------------------------------------------


 NSTEP =      840   TIME(PS) =       5.680  TEMP(K) =   299.41  PRESS =  -495.6
 Etot   =    -69677.8176  EKtot   =     17684.7075  EPtot      =    -87362.5250
 BOND   =       390.1975  ANGLE   =      1018.6094  DIHED      =      1613.3133
 1-4 NB =       434.1267  1-4 EEL =      5400.1618  VDWAALS    =     11512.6576
 EELEC  =   -107889.2091  EHBOND  =         0.0000  RESTRAINT  =       157.6178
 EAMBER (non-restraint)  =    -87520.1428
 EKCMT  =      8025.7775  VIRIAL  =     11913.0692  VOLUME     =    363308.1803
                                                    Density    =         0.8128
 Ewald error estimate:   0.2782E-04
 ------------------------------------------------------------------------------


 NSTEP =      860   TIME(PS) =       5.720  TEMP(K) =   301.58  PRESS =  -681.7
 Etot   =    -69711.6337  EKtot   =     17812.6512  EPtot      =    -87524.2849
 BOND   =       361.4390  ANGLE   =      1039.5466  DIHED      =      1637.0022
 1-4 NB =       431.8759  1-4 EEL =      5387.2328  VDWAALS    =     11305.8230
 EELEC  =   -107846.7001  EHBOND  =         0.0000  RESTRAINT  =       159.4956
 EAMBER (non-restraint)  =    -87683.7805
 EKCMT  =      8185.2073  VIRIAL  =     13529.9655  VOLUME     =    363130.9152
                                                    Density    =         0.8132
 Ewald error estimate:   0.4708E-04
 ------------------------------------------------------------------------------


 NSTEP =      880   TIME(PS) =       5.760  TEMP(K) =   299.44  PRESS =  -619.6
 Etot   =    -69711.7730  EKtot   =     17686.3898  EPtot      =    -87398.1628
 BOND   =       384.9855  ANGLE   =      1058.9078  DIHED      =      1610.8503
 1-4 NB =       417.4540  1-4 EEL =      5351.8842  VDWAALS    =     11412.9660
 EELEC  =   -107798.1570  EHBOND  =         0.0000  RESTRAINT  =       162.9463
 EAMBER (non-restraint)  =    -87561.1091
 EKCMT  =      8072.3454  VIRIAL  =     12927.3363  VOLUME     =    362938.7164
                                                    Density    =         0.8136
 Ewald error estimate:   0.2184E-05
 ------------------------------------------------------------------------------


 NSTEP =      900   TIME(PS) =       5.800  TEMP(K) =   297.17  PRESS =  -721.2
 Etot   =    -69796.2112  EKtot   =     17551.9775  EPtot      =    -87348.1888
 BOND   =       377.0343  ANGLE   =      1055.9296  DIHED      =      1626.6000
 1-4 NB =       423.6705  1-4 EEL =      5368.6005  VDWAALS    =     11349.4881
 EELEC  =   -107713.0597  EHBOND  =         0.0000  RESTRAINT  =       163.5479
 EAMBER (non-restraint)  =    -87511.7367
 EKCMT  =      8066.1894  VIRIAL  =     13714.2696  VOLUME     =    362722.4807
                                                    Density    =         0.8141
 Ewald error estimate:   0.4874E-04
 ------------------------------------------------------------------------------


 NSTEP =      920   TIME(PS) =       5.840  TEMP(K) =   297.52  PRESS =  -467.8
 Etot   =    -69713.7700  EKtot   =     17572.8604  EPtot      =    -87286.6303
 BOND   =       391.0429  ANGLE   =      1027.1434  DIHED      =      1618.9675
 1-4 NB =       421.1147  1-4 EEL =      5399.3422  VDWAALS    =     11388.5051
 EELEC  =   -107703.3078  EHBOND  =         0.0000  RESTRAINT  =       170.5616
 EAMBER (non-restraint)  =    -87457.1920
 EKCMT  =      8009.3224  VIRIAL  =     11671.0917  VOLUME     =    362540.9423
                                                    Density    =         0.8145
 Ewald error estimate:   0.4846E-04
 ------------------------------------------------------------------------------


 NSTEP =      940   TIME(PS) =       5.880  TEMP(K) =   297.73  PRESS =  -575.1
 Etot   =    -69744.3165  EKtot   =     17585.0258  EPtot      =    -87329.3423
 BOND   =       370.9819  ANGLE   =      1041.0374  DIHED      =      1623.3166
 1-4 NB =       421.5672  1-4 EEL =      5395.1323  VDWAALS    =     11321.7185
 EELEC  =   -107671.8904  EHBOND  =         0.0000  RESTRAINT  =       168.7941
 EAMBER (non-restraint)  =    -87498.1364
 EKCMT  =      7961.0660  VIRIAL  =     12461.0357  VOLUME     =    362374.3027
                                                    Density    =         0.8149
 Ewald error estimate:   0.8299E-06
 ------------------------------------------------------------------------------


 NSTEP =      960   TIME(PS) =       5.920  TEMP(K) =   294.71  PRESS =  -637.1
 Etot   =    -69752.1496  EKtot   =     17406.9627  EPtot      =    -87159.1122
 BOND   =       364.2886  ANGLE   =      1094.3024  DIHED      =      1624.2474
 1-4 NB =       441.6724  1-4 EEL =      5378.8406  VDWAALS    =     11215.5932
 EELEC  =   -107449.5425  EHBOND  =         0.0000  RESTRAINT  =       171.4858
 EAMBER (non-restraint)  =    -87330.5980
 EKCMT  =      7970.2176  VIRIAL  =     12952.3207  VOLUME     =    362163.0929
                                                    Density    =         0.8154
 Ewald error estimate:   0.5895E-04
 ------------------------------------------------------------------------------


 NSTEP =      980   TIME(PS) =       5.960  TEMP(K) =   301.05  PRESS =  -766.0
 Etot   =    -69702.0143  EKtot   =     17781.1304  EPtot      =    -87483.1448
 BOND   =       364.2281  ANGLE   =      1086.6676  DIHED      =      1636.8238
 1-4 NB =       415.6934  1-4 EEL =      5352.7685  VDWAALS    =     11240.2851
 EELEC  =   -107754.6014  EHBOND  =         0.0000  RESTRAINT  =       174.9901
 EAMBER (non-restraint)  =    -87658.1349
 EKCMT  =      8135.9570  VIRIAL  =     14122.0410  VOLUME     =    361939.8152
                                                    Density    =         0.8159
 Ewald error estimate:   0.1386E-03
 ------------------------------------------------------------------------------


 NSTEP =     1000   TIME(PS) =       6.000  TEMP(K) =   299.65  PRESS =  -527.2
 Etot   =    -69598.4933  EKtot   =     17698.6784  EPtot      =    -87297.1717
 BOND   =       422.7308  ANGLE   =      1085.8257  DIHED      =      1631.1037
 1-4 NB =       416.5206  1-4 EEL =      5338.0612  VDWAALS    =     11482.6267
 EELEC  =   -107854.8747  EHBOND  =         0.0000  RESTRAINT  =       180.8344
 EAMBER (non-restraint)  =    -87478.0061
 EKCMT  =      8067.2971  VIRIAL  =     12185.1144  VOLUME     =    361728.5047
                                                    Density    =         0.8164
 Ewald error estimate:   0.6977E-06
 ------------------------------------------------------------------------------


 NSTEP =     1020   TIME(PS) =       6.040  TEMP(K) =   298.26  PRESS =  -420.5
 Etot   =    -69667.1661  EKtot   =     17616.5230  EPtot      =    -87283.6891
 BOND   =       396.9402  ANGLE   =      1074.7496  DIHED      =      1629.6416
 1-4 NB =       443.4690  1-4 EEL =      5397.3914  VDWAALS    =     11509.1572
 EELEC  =   -107912.6031  EHBOND  =         0.0000  RESTRAINT  =       177.5650
 EAMBER (non-restraint)  =    -87461.2541
 EKCMT  =      8087.7910  VIRIAL  =     11370.7786  VOLUME     =    361580.6936
                                                    Density    =         0.8167
 Ewald error estimate:   0.9324E-04
 ------------------------------------------------------------------------------


 NSTEP =     1040   TIME(PS) =       6.080  TEMP(K) =   296.52  PRESS =  -451.8
 Etot   =    -69701.1936  EKtot   =     17513.9651  EPtot      =    -87215.1587
 BOND   =       389.1496  ANGLE   =      1050.4217  DIHED      =      1656.2507
 1-4 NB =       423.4365  1-4 EEL =      5370.5118  VDWAALS    =     11555.4297
 EELEC  =   -107843.4326  EHBOND  =         0.0000  RESTRAINT  =       183.0739
 EAMBER (non-restraint)  =    -87398.2326
 EKCMT  =      8050.0643  VIRIAL  =     11576.1177  VOLUME     =    361427.0406
                                                    Density    =         0.8171
 Ewald error estimate:   0.6467E-06
 ------------------------------------------------------------------------------


 NSTEP =     1060   TIME(PS) =       6.120  TEMP(K) =   300.35  PRESS =  -522.5
 Etot   =    -69610.9441  EKtot   =     17740.1240  EPtot      =    -87351.0681
 BOND   =       380.0551  ANGLE   =      1050.5823  DIHED      =      1640.1979
 1-4 NB =       428.7975  1-4 EEL =      5389.3975  VDWAALS    =     11572.1447
 EELEC  =   -108000.8433  EHBOND  =         0.0000  RESTRAINT  =       188.6002
 EAMBER (non-restraint)  =    -87539.6682
 EKCMT  =      8110.7716  VIRIAL  =     12186.4466  VOLUME     =    361293.2830
                                                    Density    =         0.8174
 Ewald error estimate:   0.2344E-06
 ------------------------------------------------------------------------------


 NSTEP =     1080   TIME(PS) =       6.160  TEMP(K) =   301.56  PRESS =  -483.6
 Etot   =    -69606.9694  EKtot   =     17811.6746  EPtot      =    -87418.6440
 BOND   =       378.9299  ANGLE   =      1049.0559  DIHED      =      1639.5022
 1-4 NB =       433.8162  1-4 EEL =      5391.1411  VDWAALS    =     11555.8376
 EELEC  =   -108056.0477  EHBOND  =         0.0000  RESTRAINT  =       189.1208
 EAMBER (non-restraint)  =    -87607.7648
 EKCMT  =      8145.2289  VIRIAL  =     11915.6364  VOLUME     =    361125.0275
                                                    Density    =         0.8177
 Ewald error estimate:   0.2143E-04
 ------------------------------------------------------------------------------


 NSTEP =     1100   TIME(PS) =       6.200  TEMP(K) =   301.42  PRESS =  -575.3
 Etot   =    -69600.2202  EKtot   =     17803.1447  EPtot      =    -87403.3649
 BOND   =       368.4690  ANGLE   =      1061.5059  DIHED      =      1631.9956
 1-4 NB =       423.3922  1-4 EEL =      5376.6642  VDWAALS    =     11572.6552
 EELEC  =   -108025.8980  EHBOND  =         0.0000  RESTRAINT  =       187.8510
 EAMBER (non-restraint)  =    -87591.2159
 EKCMT  =      8135.3919  VIRIAL  =     12619.3542  VOLUME     =    360970.7433
                                                    Density    =         0.8181
 Ewald error estimate:   0.4461E-04
 ------------------------------------------------------------------------------


 NSTEP =     1120   TIME(PS) =       6.240  TEMP(K) =   299.77  PRESS =  -473.7
 Etot   =    -69603.3156  EKtot   =     17705.9485  EPtot      =    -87309.2641
 BOND   =       362.0574  ANGLE   =      1093.9814  DIHED      =      1610.9768
 1-4 NB =       449.0057  1-4 EEL =      5372.6881  VDWAALS    =     11574.4521
 EELEC  =   -107958.5880  EHBOND  =         0.0000  RESTRAINT  =       186.1625
 EAMBER (non-restraint)  =    -87495.4266
 EKCMT  =      8021.3441  VIRIAL  =     11711.4034  VOLUME     =    360777.1150
                                                    Density    =         0.8185
 Ewald error estimate:   0.1019E-03
 ------------------------------------------------------------------------------


 NSTEP =     1140   TIME(PS) =       6.280  TEMP(K) =   301.55  PRESS =  -508.1
 Etot   =    -69621.2392  EKtot   =     17811.0350  EPtot      =    -87432.2741
 BOND   =       404.6163  ANGLE   =      1096.1691  DIHED      =      1626.3102
 1-4 NB =       419.6420  1-4 EEL =      5327.5516  VDWAALS    =     11575.0500
 EELEC  =   -108061.4622  EHBOND  =         0.0000  RESTRAINT  =       179.8488
 EAMBER (non-restraint)  =    -87612.1230
 EKCMT  =      8040.8178  VIRIAL  =     11996.7470  VOLUME     =    360623.9184
                                                    Density    =         0.8189
 Ewald error estimate:   0.5418E-04
 ------------------------------------------------------------------------------


 NSTEP =     1160   TIME(PS) =       6.320  TEMP(K) =   301.10  PRESS =  -470.5
 Etot   =    -69512.5446  EKtot   =     17784.4999  EPtot      =    -87297.0445
 BOND   =       404.8761  ANGLE   =      1088.1678  DIHED      =      1627.1052
 1-4 NB =       430.6664  1-4 EEL =      5376.6883  VDWAALS    =     11499.4136
 EELEC  =   -107908.2297  EHBOND  =         0.0000  RESTRAINT  =       184.2678
 EAMBER (non-restraint)  =    -87481.3123
 EKCMT  =      8108.6398  VIRIAL  =     11770.4918  VOLUME     =    360459.7531
                                                    Density    =         0.8192
 Ewald error estimate:   0.4914E-04
 ------------------------------------------------------------------------------


 NSTEP =     1180   TIME(PS) =       6.360  TEMP(K) =   297.89  PRESS =  -292.4
 Etot   =    -69502.9464  EKtot   =     17594.7818  EPtot      =    -87097.7281
 BOND   =       374.8229  ANGLE   =      1070.8664  DIHED      =      1637.4528
 1-4 NB =       425.7073  1-4 EEL =      5395.8374  VDWAALS    =     11664.0624
 EELEC  =   -107844.9377  EHBOND  =         0.0000  RESTRAINT  =       178.4603
 EAMBER (non-restraint)  =    -87276.1885
 EKCMT  =      8055.0563  VIRIAL  =     10329.6899  VOLUME     =    360322.8829
                                                    Density    =         0.8196
 Ewald error estimate:   0.1436E-03
 ------------------------------------------------------------------------------


 NSTEP =     1200   TIME(PS) =       6.400  TEMP(K) =   299.43  PRESS =  -276.0
 Etot   =    -69479.7763  EKtot   =     17685.7655  EPtot      =    -87165.5418
 BOND   =       384.0273  ANGLE   =      1109.1404  DIHED      =      1636.6183
 1-4 NB =       422.7466  1-4 EEL =      5338.5312  VDWAALS    =     11569.6687
 EELEC  =   -107801.3832  EHBOND  =         0.0000  RESTRAINT  =       175.1088
 EAMBER (non-restraint)  =    -87340.6506
 EKCMT  =      8034.8999  VIRIAL  =     10181.2916  VOLUME     =    360240.6510
                                                    Density    =         0.8197
 Ewald error estimate:   0.1292E-03
 ------------------------------------------------------------------------------


 NSTEP =     1220   TIME(PS) =       6.440  TEMP(K) =   300.54  PRESS =  -640.8
 Etot   =    -69427.9577  EKtot   =     17751.0989  EPtot      =    -87179.0566
 BOND   =       393.2850  ANGLE   =      1057.1671  DIHED      =      1630.4548
 1-4 NB =       423.4527  1-4 EEL =      5362.8579  VDWAALS    =     11346.6066
 EELEC  =   -107569.8006  EHBOND  =         0.0000  RESTRAINT  =       176.9200
 EAMBER (non-restraint)  =    -87355.9765
 EKCMT  =      8139.4730  VIRIAL  =     13121.6909  VOLUME     =    360081.1694
                                                    Density    =         0.8201
 Ewald error estimate:   0.5216E-04
 ------------------------------------------------------------------------------


 NSTEP =     1240   TIME(PS) =       6.480  TEMP(K) =   301.34  PRESS =  -704.5
 Etot   =    -69504.3937  EKtot   =     17798.4783  EPtot      =    -87302.8720
 BOND   =       370.8837  ANGLE   =      1064.4159  DIHED      =      1616.6810
 1-4 NB =       428.0802  1-4 EEL =      5373.2255  VDWAALS    =     11277.6893
 EELEC  =   -107606.6521  EHBOND  =         0.0000  RESTRAINT  =       172.8045
 EAMBER (non-restraint)  =    -87475.6765
 EKCMT  =      8220.6237  VIRIAL  =     13693.9961  VOLUME     =    359851.0393
                                                    Density    =         0.8206
 Ewald error estimate:   0.6229E-04
 ------------------------------------------------------------------------------


 NSTEP =     1260   TIME(PS) =       6.520  TEMP(K) =   301.11  PRESS =  -699.2
 Etot   =    -69593.7827  EKtot   =     17784.7788  EPtot      =    -87378.5615
 BOND   =       415.3226  ANGLE   =      1014.2544  DIHED      =      1641.8127
 1-4 NB =       430.3320  1-4 EEL =      5400.7752  VDWAALS    =     11368.2591
 EELEC  =   -107824.4038  EHBOND  =         0.0000  RESTRAINT  =       175.0863
 EAMBER (non-restraint)  =    -87553.6478
 EKCMT  =      8169.8604  VIRIAL  =     13599.2033  VOLUME     =    359614.8631
                                                    Density    =         0.8212
 Ewald error estimate:   0.3311E-04
 ------------------------------------------------------------------------------


 NSTEP =     1280   TIME(PS) =       6.560  TEMP(K) =   298.70  PRESS =  -586.7
 Etot   =    -69637.2022  EKtot   =     17642.2682  EPtot      =    -87279.4705
 BOND   =       388.8978  ANGLE   =      1035.4150  DIHED      =      1617.5354
 1-4 NB =       420.8310  1-4 EEL =      5368.1064  VDWAALS    =     11354.9582
 EELEC  =   -107638.1957  EHBOND  =         0.0000  RESTRAINT  =       172.9814
 EAMBER (non-restraint)  =    -87452.4519
 EKCMT  =      8050.0348  VIRIAL  =     12603.4937  VOLUME     =    359428.7866
                                                    Density    =         0.8216
 Ewald error estimate:   0.5485E-04
 ------------------------------------------------------------------------------


 NSTEP =     1300   TIME(PS) =       6.600  TEMP(K) =   298.32  PRESS =  -483.7
 Etot   =    -69665.3529  EKtot   =     17620.3410  EPtot      =    -87285.6939
 BOND   =       383.4805  ANGLE   =      1059.4151  DIHED      =      1620.7548
 1-4 NB =       421.7974  1-4 EEL =      5369.9908  VDWAALS    =     11461.2877
 EELEC  =   -107780.8641  EHBOND  =         0.0000  RESTRAINT  =       178.4440
 EAMBER (non-restraint)  =    -87464.1379
 EKCMT  =      8049.2882  VIRIAL  =     11800.9025  VOLUME     =    359229.8773
                                                    Density    =         0.8220
 Ewald error estimate:   0.1035E-03
 ------------------------------------------------------------------------------


 NSTEP =     1320   TIME(PS) =       6.640  TEMP(K) =   300.27  PRESS =  -560.2
 Etot   =    -69695.9653  EKtot   =     17735.1123  EPtot      =    -87431.0775
 BOND   =       364.7953  ANGLE   =      1083.0615  DIHED      =      1610.6027
 1-4 NB =       434.0466  1-4 EEL =      5363.7985  VDWAALS    =     11487.8479
 EELEC  =   -107954.7033  EHBOND  =         0.0000  RESTRAINT  =       179.4734
 EAMBER (non-restraint)  =    -87610.5509
 EKCMT  =      8050.1551  VIRIAL  =     12392.9173  VOLUME     =    359062.9734
                                                    Density    =         0.8224
 Ewald error estimate:   0.1310E-03
 ------------------------------------------------------------------------------


 NSTEP =     1340   TIME(PS) =       6.680  TEMP(K) =   297.93  PRESS =  -499.9
 Etot   =    -69618.6298  EKtot   =     17597.1982  EPtot      =    -87215.8280
 BOND   =       392.4118  ANGLE   =      1082.5305  DIHED      =      1625.8707
 1-4 NB =       429.2386  1-4 EEL =      5380.0295  VDWAALS    =     11407.6325
 EELEC  =   -107719.4482  EHBOND  =         0.0000  RESTRAINT  =       185.9066
 EAMBER (non-restraint)  =    -87401.7346
 EKCMT  =      8066.1132  VIRIAL  =     11940.1711  VOLUME     =    358906.7034
                                                    Density    =         0.8228
 Ewald error estimate:   0.7297E-04
 ------------------------------------------------------------------------------


 NSTEP =     1360   TIME(PS) =       6.720  TEMP(K) =   298.94  PRESS =  -518.9
 Etot   =    -69536.1776  EKtot   =     17656.5667  EPtot      =    -87192.7443
 BOND   =       388.6240  ANGLE   =      1060.6251  DIHED      =      1591.2020
 1-4 NB =       428.1054  1-4 EEL =      5384.9241  VDWAALS    =     11492.7682
 EELEC  =   -107724.9150  EHBOND  =         0.0000  RESTRAINT  =       185.9219
 EAMBER (non-restraint)  =    -87378.6662
 EKCMT  =      8101.8922  VIRIAL  =     12121.0178  VOLUME     =    358735.1694
                                                    Density    =         0.8232
 Ewald error estimate:   0.9428E-05
 ------------------------------------------------------------------------------


 NSTEP =     1380   TIME(PS) =       6.760  TEMP(K) =   297.67  PRESS =  -358.3
 Etot   =    -69588.7686  EKtot   =     17581.4111  EPtot      =    -87170.1797
 BOND   =       393.5598  ANGLE   =      1077.2763  DIHED      =      1597.7569
 1-4 NB =       419.4832  1-4 EEL =      5380.6025  VDWAALS    =     11605.4009
 EELEC  =   -107831.0837  EHBOND  =         0.0000  RESTRAINT  =       186.8245
 EAMBER (non-restraint)  =    -87357.0042
 EKCMT  =      8082.9137  VIRIAL  =     10857.2944  VOLUME     =    358590.1363
                                                    Density    =         0.8235
 Ewald error estimate:   0.7760E-04
 ------------------------------------------------------------------------------


 NSTEP =     1400   TIME(PS) =       6.800  TEMP(K) =   300.78  PRESS =  -445.1
 Etot   =    -69511.9177  EKtot   =     17765.0845  EPtot      =    -87277.0022
 BOND   =       387.7262  ANGLE   =      1069.5057  DIHED      =      1609.1573
 1-4 NB =       435.0588  1-4 EEL =      5363.5665  VDWAALS    =     11494.5584
 EELEC  =   -107817.9413  EHBOND  =         0.0000  RESTRAINT  =       181.3663
 EAMBER (non-restraint)  =    -87458.3684
 EKCMT  =      8129.2839  VIRIAL  =     11573.7866  VOLUME     =    358446.7703
                                                    Density    =         0.8238
 Ewald error estimate:   0.3485E-05
 ------------------------------------------------------------------------------


 NSTEP =     1420   TIME(PS) =       6.840  TEMP(K) =   299.25  PRESS =  -506.6
 Etot   =    -69477.7235  EKtot   =     17674.7943  EPtot      =    -87152.5178
 BOND   =       370.3708  ANGLE   =      1092.9506  DIHED      =      1595.1112
 1-4 NB =       450.0778  1-4 EEL =      5399.2291  VDWAALS    =     11500.0379
 EELEC  =   -107742.7840  EHBOND  =         0.0000  RESTRAINT  =       182.4887
 EAMBER (non-restraint)  =    -87335.0065
 EKCMT  =      8170.1098  VIRIAL  =     12089.1913  VOLUME     =    358291.4730
                                                    Density    =         0.8242
 Ewald error estimate:   0.1061E-03
 ------------------------------------------------------------------------------


 NSTEP =     1440   TIME(PS) =       6.880  TEMP(K) =   300.25  PRESS =  -357.2
 Etot   =    -69495.5009  EKtot   =     17734.2988  EPtot      =    -87229.7997
 BOND   =       401.0714  ANGLE   =      1084.3935  DIHED      =      1608.7970
 1-4 NB =       414.1052  1-4 EEL =      5366.1846  VDWAALS    =     11477.4299
 EELEC  =   -107769.1971  EHBOND  =         0.0000  RESTRAINT  =       187.4158
 EAMBER (non-restraint)  =    -87417.2154
 EKCMT  =      8081.4745  VIRIAL  =     10843.7093  VOLUME     =    358139.8560
                                                    Density    =         0.8246
 Ewald error estimate:   0.7723E-04
 ------------------------------------------------------------------------------


 NSTEP =     1460   TIME(PS) =       6.920  TEMP(K) =   299.65  PRESS =  -568.3
 Etot   =    -69469.9905  EKtot   =     17698.6059  EPtot      =    -87168.5964
 BOND   =       382.5260  ANGLE   =      1065.3887  DIHED      =      1629.8698
 1-4 NB =       428.6438  1-4 EEL =      5380.8715  VDWAALS    =     11211.0680
 EELEC  =   -107453.8901  EHBOND  =         0.0000  RESTRAINT  =       186.9259
 EAMBER (non-restraint)  =    -87355.5223
 EKCMT  =      8165.1596  VIRIAL  =     12557.4732  VOLUME     =    357993.6782
                                                    Density    =         0.8249
 Ewald error estimate:   0.1616E-04
 ------------------------------------------------------------------------------


 NSTEP =     1480   TIME(PS) =       6.960  TEMP(K) =   300.12  PRESS =  -653.2
 Etot   =    -69513.2040  EKtot   =     17726.5958  EPtot      =    -87239.7998
 BOND   =       383.8891  ANGLE   =      1080.3307  DIHED      =      1627.4882
 1-4 NB =       447.7786  1-4 EEL =      5380.7868  VDWAALS    =     11158.3531
 EELEC  =   -107502.1798  EHBOND  =         0.0000  RESTRAINT  =       183.7535
 EAMBER (non-restraint)  =    -87423.5533
 EKCMT  =      8122.8602  VIRIAL  =     13169.3361  VOLUME     =    357814.6517
                                                    Density    =         0.8253
 Ewald error estimate:   0.3680E-04
 ------------------------------------------------------------------------------


 NSTEP =     1500   TIME(PS) =       7.000  TEMP(K) =   299.16  PRESS =  -730.2
 Etot   =    -69542.0169  EKtot   =     17669.5187  EPtot      =    -87211.5355
 BOND   =       368.8658  ANGLE   =      1039.7877  DIHED      =      1617.6682
 1-4 NB =       433.1187  1-4 EEL =      5350.9820  VDWAALS    =     11250.8565
 EELEC  =   -107456.1050  EHBOND  =         0.0000  RESTRAINT  =       183.2906
 EAMBER (non-restraint)  =    -87394.8261
 EKCMT  =      8062.1568  VIRIAL  =     13700.0184  VOLUME     =    357591.9403
                                                    Density    =         0.8258
 Ewald error estimate:   0.1274E-03
 ------------------------------------------------------------------------------


 NSTEP =     1520   TIME(PS) =       7.040  TEMP(K) =   299.85  PRESS =  -583.9
 Etot   =    -69627.2035  EKtot   =     17710.6834  EPtot      =    -87337.8869
 BOND   =       405.5137  ANGLE   =      1040.3454  DIHED      =      1630.0372
 1-4 NB =       421.8587  1-4 EEL =      5363.9410  VDWAALS    =     11339.3429
 EELEC  =   -107721.2738  EHBOND  =         0.0000  RESTRAINT  =       182.3479
 EAMBER (non-restraint)  =    -87520.2348
 EKCMT  =      8143.6955  VIRIAL  =     12649.5185  VOLUME     =    357373.9765
                                                    Density    =         0.8263
 Ewald error estimate:   0.6637E-04
 ------------------------------------------------------------------------------


 NSTEP =     1540   TIME(PS) =       7.080  TEMP(K) =   300.34  PRESS =  -367.6
 Etot   =    -69513.6007  EKtot   =     17739.2785  EPtot      =    -87252.8792
 BOND   =       372.8382  ANGLE   =      1057.3050  DIHED      =      1641.5994
 1-4 NB =       443.8885  1-4 EEL =      5361.9489  VDWAALS    =     11488.9197
 EELEC  =   -107802.7508  EHBOND  =         0.0000  RESTRAINT  =       183.3719
 EAMBER (non-restraint)  =    -87436.2512
 EKCMT  =      8140.3608  VIRIAL  =     10975.5820  VOLUME     =    357242.3799
                                                    Density    =         0.8266
 Ewald error estimate:   0.2210E-04
 ------------------------------------------------------------------------------


 NSTEP =     1560   TIME(PS) =       7.120  TEMP(K) =   301.00  PRESS =  -532.7
 Etot   =    -69461.4757  EKtot   =     17778.5256  EPtot      =    -87240.0013
 BOND   =       366.8742  ANGLE   =      1053.6315  DIHED      =      1634.5415
 1-4 NB =       449.6071  1-4 EEL =      5380.3946  VDWAALS    =     11376.3681
 EELEC  =   -107685.5446  EHBOND  =         0.0000  RESTRAINT  =       184.1263
 EAMBER (non-restraint)  =    -87424.1276
 EKCMT  =      8165.7866  VIRIAL  =     12272.7424  VOLUME     =    357102.9905
                                                    Density    =         0.8269
 Ewald error estimate:   0.1513E-03
 ------------------------------------------------------------------------------


 NSTEP =     1580   TIME(PS) =       7.160  TEMP(K) =   299.60  PRESS =  -548.2
 Etot   =    -69482.7744  EKtot   =     17695.9566  EPtot      =    -87178.7309
 BOND   =       391.9441  ANGLE   =      1084.4840  DIHED      =      1623.4374
 1-4 NB =       431.1877  1-4 EEL =      5343.6004  VDWAALS    =     11314.4876
 EELEC  =   -107547.4519  EHBOND  =         0.0000  RESTRAINT  =       179.5798
 EAMBER (non-restraint)  =    -87358.3107
 EKCMT  =      8128.6592  VIRIAL  =     12353.3772  VOLUME     =    356927.8032
                                                    Density    =         0.8274
 Ewald error estimate:   0.7450E-04
 ------------------------------------------------------------------------------


 NSTEP =     1600   TIME(PS) =       7.200  TEMP(K) =   299.85  PRESS =  -608.2
 Etot   =    -69524.4216  EKtot   =     17710.4188  EPtot      =    -87234.8404
 BOND   =       412.9051  ANGLE   =      1084.8926  DIHED      =      1608.7903
 1-4 NB =       429.4561  1-4 EEL =      5348.7951  VDWAALS    =     11350.3890
 EELEC  =   -107651.3320  EHBOND  =         0.0000  RESTRAINT  =       181.2633
 EAMBER (non-restraint)  =    -87416.1038
 EKCMT  =      8174.8886  VIRIAL  =     12859.1964  VOLUME     =    356729.7707
                                                    Density    =         0.8278
 Ewald error estimate:   0.2751E-04
 ------------------------------------------------------------------------------


 NSTEP =     1620   TIME(PS) =       7.240  TEMP(K) =   300.52  PRESS =  -552.0
 Etot   =    -69538.3673  EKtot   =     17749.9782  EPtot      =    -87288.3455
 BOND   =       387.0455  ANGLE   =      1065.6049  DIHED      =      1610.2542
 1-4 NB =       444.9925  1-4 EEL =      5367.9074  VDWAALS    =     11391.4361
 EELEC  =   -107744.0115  EHBOND  =         0.0000  RESTRAINT  =       188.4254
 EAMBER (non-restraint)  =    -87476.7709
 EKCMT  =      8202.5349  VIRIAL  =     12451.7482  VOLUME     =    356552.4898
                                                    Density    =         0.8282
 Ewald error estimate:   0.6709E-04
 ------------------------------------------------------------------------------


 NSTEP =     1640   TIME(PS) =       7.280  TEMP(K) =   302.13  PRESS =  -431.8
 Etot   =    -69420.7172  EKtot   =     17845.0231  EPtot      =    -87265.7403
 BOND   =       386.2434  ANGLE   =      1067.7189  DIHED      =      1613.1759
 1-4 NB =       427.2186  1-4 EEL =      5369.7246  VDWAALS    =     11442.2406
 EELEC  =   -107754.7334  EHBOND  =         0.0000  RESTRAINT  =       182.6711
 EAMBER (non-restraint)  =    -87448.4114
 EKCMT  =      8271.3466  VIRIAL  =     11594.2056  VOLUME     =    356381.1326
                                                    Density    =         0.8286
 Ewald error estimate:   0.5917E-04
 ------------------------------------------------------------------------------


 NSTEP =     1660   TIME(PS) =       7.320  TEMP(K) =   303.39  PRESS =  -453.5
 Etot   =    -69386.5303  EKtot   =     17919.4563  EPtot      =    -87305.9866
 BOND   =       400.9234  ANGLE   =      1078.2710  DIHED      =      1598.2267
 1-4 NB =       416.2984  1-4 EEL =      5348.7413  VDWAALS    =     11607.7021
 EELEC  =   -107941.1475  EHBOND  =         0.0000  RESTRAINT  =       184.9981
 EAMBER (non-restraint)  =    -87490.9846
 EKCMT  =      8181.2222  VIRIAL  =     11669.6491  VOLUME     =    356257.7032
                                                    Density    =         0.8289
 Ewald error estimate:   0.1128E-04
 ------------------------------------------------------------------------------


 NSTEP =     1680   TIME(PS) =       7.360  TEMP(K) =   301.88  PRESS =  -553.9
 Etot   =    -69416.2963  EKtot   =     17830.4983  EPtot      =    -87246.7946
 BOND   =       389.9984  ANGLE   =      1064.0577  DIHED      =      1636.4204
 1-4 NB =       422.1542  1-4 EEL =      5368.6729  VDWAALS    =     11389.3951
 EELEC  =   -107701.5287  EHBOND  =         0.0000  RESTRAINT  =       184.0354
 EAMBER (non-restraint)  =    -87430.8300
 EKCMT  =      8178.0501  VIRIAL  =     12436.6466  VOLUME     =    356111.9170
                                                    Density    =         0.8292
 Ewald error estimate:   0.4217E-04
 ------------------------------------------------------------------------------


 NSTEP =     1700   TIME(PS) =       7.400  TEMP(K) =   301.37  PRESS =  -499.8
 Etot   =    -69382.9795  EKtot   =     17800.4025  EPtot      =    -87183.3821
 BOND   =       403.6895  ANGLE   =      1084.3677  DIHED      =      1623.7748
 1-4 NB =       426.0577  1-4 EEL =      5368.6978  VDWAALS    =     11230.7778
 EELEC  =   -107509.6179  EHBOND  =         0.0000  RESTRAINT  =       188.8706
 EAMBER (non-restraint)  =    -87372.2527
 EKCMT  =      8198.3751  VIRIAL  =     12039.2373  VOLUME     =    355913.8961
                                                    Density    =         0.8297
 Ewald error estimate:   0.6774E-04
 ------------------------------------------------------------------------------


 NSTEP =     1720   TIME(PS) =       7.440  TEMP(K) =   300.43  PRESS =  -599.8
 Etot   =    -69423.2088  EKtot   =     17744.8645  EPtot      =    -87168.0733
 BOND   =       353.4292  ANGLE   =      1081.6803  DIHED      =      1626.0373
 1-4 NB =       431.0384  1-4 EEL =      5384.1899  VDWAALS    =     11146.3924
 EELEC  =   -107375.1676  EHBOND  =         0.0000  RESTRAINT  =       184.3268
 EAMBER (non-restraint)  =    -87352.4001
 EKCMT  =      8147.6154  VIRIAL  =     12754.6541  VOLUME     =    355748.8971
                                                    Density    =         0.8301
 Ewald error estimate:   0.3189E-04
 ------------------------------------------------------------------------------


 NSTEP =     1740   TIME(PS) =       7.480  TEMP(K) =   299.36  PRESS =  -745.2
 Etot   =    -69429.4929  EKtot   =     17681.4216  EPtot      =    -87110.9145
 BOND   =       383.7906  ANGLE   =      1093.0872  DIHED      =      1629.4438
 1-4 NB =       436.8204  1-4 EEL =      5350.5284  VDWAALS    =     11076.3817
 EELEC  =   -107267.0903  EHBOND  =         0.0000  RESTRAINT  =       186.1237
 EAMBER (non-restraint)  =    -87297.0382
 EKCMT  =      8142.7643  VIRIAL  =     13863.3162  VOLUME     =    355526.0059
                                                    Density    =         0.8306
 Ewald error estimate:   0.5333E-04
 ------------------------------------------------------------------------------


 NSTEP =     1760   TIME(PS) =       7.520  TEMP(K) =   300.40  PRESS =  -639.8
 Etot   =    -69368.2236  EKtot   =     17742.7838  EPtot      =    -87111.0075
 BOND   =       422.8010  ANGLE   =      1073.5974  DIHED      =      1614.3798
 1-4 NB =       441.3522  1-4 EEL =      5409.4110  VDWAALS    =     11111.1363
 EELEC  =   -107373.3812  EHBOND  =         0.0000  RESTRAINT  =       189.6961
 EAMBER (non-restraint)  =    -87300.7036
 EKCMT  =      8183.0847  VIRIAL  =     13091.2518  VOLUME     =    355299.5157
                                                    Density    =         0.8311
 Ewald error estimate:   0.8191E-04
 ------------------------------------------------------------------------------


 NSTEP =     1780   TIME(PS) =       7.560  TEMP(K) =   300.35  PRESS =  -644.1
 Etot   =    -69402.8385  EKtot   =     17739.8530  EPtot      =    -87142.6916
 BOND   =       378.5976  ANGLE   =      1056.1762  DIHED      =      1610.5180
 1-4 NB =       436.8872  1-4 EEL =      5366.4633  VDWAALS    =     11113.6511
 EELEC  =   -107297.1241  EHBOND  =         0.0000  RESTRAINT  =       192.1391
 EAMBER (non-restraint)  =    -87334.8307
 EKCMT  =      8173.1627  VIRIAL  =     13111.7849  VOLUME     =    355107.3965
                                                    Density    =         0.8316
 Ewald error estimate:   0.7463E-04
 ------------------------------------------------------------------------------


 NSTEP =     1800   TIME(PS) =       7.600  TEMP(K) =   299.97  PRESS =  -550.4
 Etot   =    -69434.4721  EKtot   =     17717.6415  EPtot      =    -87152.1137
 BOND   =       403.7207  ANGLE   =      1080.4877  DIHED      =      1608.8944
 1-4 NB =       426.3343  1-4 EEL =      5378.4330  VDWAALS    =     11297.2357
 EELEC  =   -107541.6376  EHBOND  =         0.0000  RESTRAINT  =       194.4182
 EAMBER (non-restraint)  =    -87346.5318
 EKCMT  =      8149.0562  VIRIAL  =     12366.7447  VOLUME     =    354895.9753
                                                    Density    =         0.8321
 Ewald error estimate:   0.1081E-03
 ------------------------------------------------------------------------------


 NSTEP =     1820   TIME(PS) =       7.640  TEMP(K) =   305.60  PRESS =  -556.8
 Etot   =    -69415.2564  EKtot   =     18050.1451  EPtot      =    -87465.4015
 BOND   =       382.7148  ANGLE   =      1035.8550  DIHED      =      1609.4802
 1-4 NB =       432.7150  1-4 EEL =      5413.3243  VDWAALS    =     11277.6467
 EELEC  =   -107803.6847  EHBOND  =         0.0000  RESTRAINT  =       186.5473
 EAMBER (non-restraint)  =    -87651.9488
 EKCMT  =      8166.0937  VIRIAL  =     12430.4313  VOLUME     =    354723.6724
                                                    Density    =         0.8325
 Ewald error estimate:   0.6435E-04
 ------------------------------------------------------------------------------


 NSTEP =     1840   TIME(PS) =       7.680  TEMP(K) =   301.57  PRESS =  -439.0
 Etot   =    -69510.1036  EKtot   =     17812.1159  EPtot      =    -87322.2195
 BOND   =       394.0255  ANGLE   =      1056.4444  DIHED      =      1609.7813
 1-4 NB =       428.3528  1-4 EEL =      5373.4348  VDWAALS    =     11320.8911
 EELEC  =   -107689.6647  EHBOND  =         0.0000  RESTRAINT  =       184.5153
 EAMBER (non-restraint)  =    -87506.7347
 EKCMT  =      8216.2648  VIRIAL  =     11577.5570  VOLUME     =    354599.8118
                                                    Density    =         0.8328
 Ewald error estimate:   0.7951E-05
 ------------------------------------------------------------------------------


 NSTEP =     1860   TIME(PS) =       7.720  TEMP(K) =   299.20  PRESS =  -459.3
 Etot   =    -69631.9847  EKtot   =     17672.1812  EPtot      =    -87304.1659
 BOND   =       372.4599  ANGLE   =      1079.7980  DIHED      =      1631.5103
 1-4 NB =       438.0011  1-4 EEL =      5377.4054  VDWAALS    =     11351.5116
 EELEC  =   -107744.8619  EHBOND  =         0.0000  RESTRAINT  =       190.0097
 EAMBER (non-restraint)  =    -87494.1756
 EKCMT  =      8098.6421  VIRIAL  =     11613.4628  VOLUME     =    354452.1618
                                                    Density    =         0.8331
 Ewald error estimate:   0.5366E-04
 ------------------------------------------------------------------------------


 NSTEP =     1880   TIME(PS) =       7.760  TEMP(K) =   299.20  PRESS =  -469.1
 Etot   =    -69594.7387  EKtot   =     17671.7960  EPtot      =    -87266.5347
 BOND   =       358.2899  ANGLE   =      1063.8410  DIHED      =      1614.1684
 1-4 NB =       421.2048  1-4 EEL =      5374.0570  VDWAALS    =     11301.2588
 EELEC  =   -107587.6193  EHBOND  =         0.0000  RESTRAINT  =       188.2646
 EAMBER (non-restraint)  =    -87454.7993
 EKCMT  =      8086.1710  VIRIAL  =     11674.8531  VOLUME     =    354317.0528
                                                    Density    =         0.8334
 Ewald error estimate:   0.8444E-05
 ------------------------------------------------------------------------------


 NSTEP =     1900   TIME(PS) =       7.800  TEMP(K) =   300.68  PRESS =  -498.6
 Etot   =    -69683.2749  EKtot   =     17759.1922  EPtot      =    -87442.4671
 BOND   =       380.8187  ANGLE   =      1019.8634  DIHED      =      1609.3403
 1-4 NB =       424.6818  1-4 EEL =      5368.9119  VDWAALS    =     11326.7515
 EELEC  =   -107761.5986  EHBOND  =         0.0000  RESTRAINT  =       188.7638
 EAMBER (non-restraint)  =    -87631.2309
 EKCMT  =      8103.9351  VIRIAL  =     11916.1420  VOLUME     =    354146.0410
                                                    Density    =         0.8338
 Ewald error estimate:   0.1652E-04
 ------------------------------------------------------------------------------


 NSTEP =     1920   TIME(PS) =       7.840  TEMP(K) =   301.21  PRESS =  -312.7
 Etot   =    -69580.8941  EKtot   =     17790.8051  EPtot      =    -87371.6992
 BOND   =       374.3091  ANGLE   =      1019.2833  DIHED      =      1616.0258
 1-4 NB =       436.4677  1-4 EEL =      5397.4519  VDWAALS    =     11651.2780
 EELEC  =   -108055.5330  EHBOND  =         0.0000  RESTRAINT  =       189.0180
 EAMBER (non-restraint)  =    -87560.7173
 EKCMT  =      8139.5117  VIRIAL  =     10529.3670  VOLUME     =    354025.7604
                                                    Density    =         0.8341
 Ewald error estimate:   0.4140E-04
 ------------------------------------------------------------------------------


 NSTEP =     1940   TIME(PS) =       7.880  TEMP(K) =   301.51  PRESS =  -152.3
 Etot   =    -69579.9117  EKtot   =     17808.5075  EPtot      =    -87388.4192
 BOND   =       366.0140  ANGLE   =      1016.8121  DIHED      =      1627.6525
 1-4 NB =       426.2353  1-4 EEL =      5406.1589  VDWAALS    =     11726.6500
 EELEC  =   -108141.4843  EHBOND  =         0.0000  RESTRAINT  =       183.5423
 EAMBER (non-restraint)  =    -87571.9616
 EKCMT  =      8207.0628  VIRIAL  =      9370.7546  VOLUME     =    353944.8687
                                                    Density    =         0.8343
 Ewald error estimate:   0.6177E-04
 ------------------------------------------------------------------------------


 NSTEP =     1960   TIME(PS) =       7.920  TEMP(K) =   301.18  PRESS =  -463.0
 Etot   =    -69555.3433  EKtot   =     17788.7654  EPtot      =    -87344.1087
 BOND   =       380.8488  ANGLE   =      1029.9264  DIHED      =      1609.7603
 1-4 NB =       437.5068  1-4 EEL =      5357.6620  VDWAALS    =     11394.7098
 EELEC  =   -107730.5930  EHBOND  =         0.0000  RESTRAINT  =       176.0703
 EAMBER (non-restraint)  =    -87520.1789
 EKCMT  =      8203.7621  VIRIAL  =     11741.3003  VOLUME     =    353860.1226
                                                    Density    =         0.8345
 Ewald error estimate:   0.5914E-04
 ------------------------------------------------------------------------------


 NSTEP =     1980   TIME(PS) =       7.960  TEMP(K) =   300.03  PRESS =  -474.9
 Etot   =    -69548.2803  EKtot   =     17721.2482  EPtot      =    -87269.5284
 BOND   =       414.5623  ANGLE   =      1039.8507  DIHED      =      1628.4592
 1-4 NB =       436.1432  1-4 EEL =      5374.6739  VDWAALS    =     11342.4296
 EELEC  =   -107689.4617  EHBOND  =         0.0000  RESTRAINT  =       183.8143
 EAMBER (non-restraint)  =    -87453.3427
 EKCMT  =      8126.0687  VIRIAL  =     11753.1316  VOLUME     =    353707.1733
                                                    Density    =         0.8349
 Ewald error estimate:   0.1099E-03
 ------------------------------------------------------------------------------


 NSTEP =     2000   TIME(PS) =       8.000  TEMP(K) =   300.19  PRESS =  -368.3
 Etot   =    -69523.0395  EKtot   =     17730.5354  EPtot      =    -87253.5750
 BOND   =       394.2949  ANGLE   =      1062.8517  DIHED      =      1614.8409
 1-4 NB =       427.1170  1-4 EEL =      5385.9533  VDWAALS    =     11295.1016
 EELEC  =   -107619.3473  EHBOND  =         0.0000  RESTRAINT  =       185.6129
 EAMBER (non-restraint)  =    -87439.1879
 EKCMT  =      8083.9083  VIRIAL  =     10895.2560  VOLUME     =    353566.6076
                                                    Density    =         0.8352
 Ewald error estimate:   0.1466E-04
 ------------------------------------------------------------------------------


      A V E R A G E S   O V E R     100 S T E P S


 NSTEP =     2000   TIME(PS) =       8.000  TEMP(K) =   297.15  PRESS =  -492.2
 Etot   =    -69959.0167  EKtot   =     17551.0293  EPtot      =    -87510.0459
 BOND   =       385.5707  ANGLE   =      1065.3959  DIHED      =      1622.8830
 1-4 NB =       430.0436  1-4 EEL =      5374.7387  VDWAALS    =     11569.2209
 EELEC  =   -108125.7842  EHBOND  =         0.0000  RESTRAINT  =       167.8854
 EAMBER (non-restraint)  =    -87677.9314
 EKCMT  =      8031.1741  VIRIAL  =     11872.0030  VOLUME     =    361651.5509
                                                    Density    =         0.8167
 Ewald error estimate:   0.6135E-04
 ------------------------------------------------------------------------------


      R M S  F L U C T U A T I O N S


 NSTEP =     2000   TIME(PS) =       8.000  TEMP(K) =     4.45  PRESS =   120.3
 Etot   =       652.5176  EKtot   =       262.9328  EPtot      =       413.5396
 BOND   =        15.3540  ANGLE   =        23.0872  DIHED      =        13.0933
 1-4 NB =         8.6478  1-4 EEL =        18.5043  VDWAALS    =       289.8130
 EELEC  =       662.4999  EHBOND  =         0.0000  RESTRAINT  =        19.5455
 EAMBER (non-restraint)  =       393.9940
 EKCMT  =       146.8072  VIRIAL  =       970.2035  VOLUME     =      4745.7554
                                                    Density    =         0.0107
 Ewald error estimate:   0.4618E-04
 ------------------------------------------------------------------------------

--------------------------------------------------------------------------------
   5.  TIMINGS
--------------------------------------------------------------------------------

|  NonSetup CPU Time in Major Routines, Average for All Tasks:
|
|     Routine           Sec        %
|     ------------------------------
|     DataDistrib       1.70    1.81
|     Nonbond          87.81   93.25
|     Bond              0.01    0.01
|     Angle             0.15    0.16
|     Dihedral          0.63    0.66
|     Shake             0.53    0.56
|     RunMD             3.33    3.54
|     Other             0.01    0.01
|     ------------------------------
|     Total            94.16

|  PME Nonbond Pairlist CPU Time, Average for All Tasks:
|
|     Routine              Sec        %
|     ---------------------------------
|     Set Up Cit           0.11    0.11
|     Build List           8.60    9.14
|     ---------------------------------
|     Total                8.71    9.25

|  PME Direct Force CPU Time, Average for All Tasks:
|
|     Routine              Sec        %
|     ---------------------------------
|     NonBonded Calc      64.68   68.69
|     Exclude Masked       0.70    0.74
|     Other                1.07    1.14
|     ---------------------------------
|     Total               66.45   70.57

|  PME Reciprocal Force CPU Time, Average for All Tasks:
|
|     Routine              Sec        %
|     ---------------------------------
|     1D bspline           0.80    0.85
|     Grid Charges         1.16    1.23
|     Scalar Sum           0.77    0.82
|     Gradient Sum         1.46    1.55
|     FFT                  8.43    8.96
|     ---------------------------------
|     Total               12.63   13.41

|  PME Load Balancing CPU Time, Average for All Tasks:
|
|     Routine                 Sec        %
|     ------------------------------------
|     Atom Reassign           0.00    0.00
|     Image Reassign          0.02    0.02
|     FFT Reassign            0.00    0.00
|     ------------------------------------
|     Total                   0.02    0.02

|  Final Performance Info:
|     -----------------------------------------------------
|     Average timings for last     700 steps:
|     Elapsed(s) =      33.51 Per Step(ms) =      47.87
|         ns/day =       3.61   seconds/ns =   23935.79
|
|     Average timings for all steps:
|     Elapsed(s) =      94.32 Per Step(ms) =      47.16
|         ns/day =       3.66   seconds/ns =   23579.17
|     -----------------------------------------------------

|  Master Setup CPU time:            0.24 seconds
|  Master NonSetup CPU time:        94.16 seconds
|  Master Total CPU time:           94.40 seconds     0.03 hours

|  Master Setup wall time:           0    seconds
|  Master NonSetup wall time:       95    seconds
|  Master Total wall time:          95    seconds     0.03 hours
