
          -------------------------------------------------------
          Amber 16 PMEMD                              2016
          -------------------------------------------------------

| PMEMD implementation of SANDER, Release 16

| Run on 11/08/2017 at 19:33:15

|   Executable path: pmemd.MPI
| Working directory: /scratch/kfd233/CompChemLab8/try2/sim2/prod
|          Hostname: log-1

  [-O]verwriting output

File Assignments:
|   MDIN: heat.in                                                               
|  MDOUT: heat.out                                                              
| INPCRD: min_all.rst                                                           
|   PARM: 2dvq_sol.prmtop                                                       
| RESTRT: heat.rst                                                              
|   REFC: min_all.rst                                                           
|  MDVEL: mdvel                                                                 
|   MDEN: mden                                                                  
|  MDCRD: heat.mdcrd                                                            
| MDINFO: mdinfo                                                                
|LOGFILE: logfile                                                               
|  MDFRC: mdfrc                                                                 

 
 Here is the input file:
 
#  Heating of protein from 10K to 300K with weak restraints and constant volume
                                                                               
&cntrl                                                                         
imin = 0,                                                                      
irest = 0,                                                                     
ntx = 1,                                                                       
ig = -1,                                                                       
nstlim = 1000,                                                                 
dt = 0.002,                                                                    
ntc = 2,                                                                       
ntf = 2,                                                                       
cut = 12.0,                                                                    
ntb = 1,                                                                       
ntpr = 20,                                                                     
ntwx = 20,                                                                     
ntt = 3,                                                                       
gamma_ln = 2.0,                                                                
tempi = 10.0,                                                                  
temp0 = 300.0,                                                                 
ntr = 1,                                                                       
restraintmask = ':1-218',                                                      
restraint_wt = 2.0,                                                            
nmropt = 1,                                                                    
ioutfm = 1,                                                                    
/                                                                              
&wt TYPE='TEMP0', istep1=0, istep2=25000,                                      
value1=0.1, value2=300.0, /                                                    
&wt TYPE='END' /                                                               
                                                                               
                                                                               


Note: ig = -1. Setting random seed to   382610 based on wallclock time in
      microseconds and disabling the synchronization of random numbers 
      between tasks to improve performance.
 
 
| Conditional Compilation Defines Used:
| MPI
| PUBFFT
| BINTRAJ
| MKL
| EMIL
 
| Largest sphere to fit in unit cell has radius =    33.505

| New format PARM file being parsed.
| Version =    1.000 Date = 11/08/17 Time = 16:37:34

| Note: 1-4 EEL scale factors are being read from the topology file.

| Note: 1-4 VDW scale factors are being read from the topology file.
| Duplicated    0 dihedrals

| Duplicated    0 dihedrals

--------------------------------------------------------------------------------
   1.  RESOURCE   USE: 
--------------------------------------------------------------------------------

 getting box info from netcdf restart file
 NATOM  =   29205 NTYPES =      17 NBONH =   28170 MBONA  =    1053
 NTHETH =    2361 MTHETA =    1415 NPHIH =    4706 MPHIA  =    4372
 NHPARM =       0 NPARM  =       0 NNB   =   47559 NRES   =    9178
 NBONA  =    1053 NTHETA =    1415 NPHIA =    4372 NUMBND =      69
 NUMANG =     161 NPTRA  =     197 NATYP =      36 NPHB   =       1
 IFBOX  =       1 NMXRS  =      26 IFCAP =       0 NEXTRA =       0
 NCOPY  =       0

| Coordinate Index Table dimensions:     9    9   11
| Direct force subcell size =     7.6338    7.4455    7.3091

     BOX TYPE: RECTILINEAR

--------------------------------------------------------------------------------
   2.  CONTROL  DATA  FOR  THE  RUN
--------------------------------------------------------------------------------

default_name                                                                    

General flags:
     imin    =       0, nmropt  =       1

Nature and format of input:
     ntx     =       1, irest   =       0, ntrx    =       1

Nature and format of output:
     ntxo    =       2, ntpr    =      20, ntrx    =       1, ntwr    =    1000
     iwrap   =       0, ntwx    =      20, ntwv    =       0, ntwe    =       0
     ioutfm  =       1, ntwprt  =       0, idecomp =       0, rbornstat=      0

Potential function:
     ntf     =       2, ntb     =       1, igb     =       0, nsnb    =      25
     ipol    =       0, gbsa    =       0, iesp    =       0
     dielc   =   1.00000, cut     =  12.00000, intdiel =   1.00000

Frozen or restrained atoms:
     ibelly  =       0, ntr     =       1
     restraint_wt =   2.00000

Molecular dynamics:
     nstlim  =      1000, nscm    =         0, nrespa  =         1
     t       =   0.00000, dt      =   0.00200, vlimit  =  20.00000

Langevin dynamics temperature regulation:
     ig      =  382610
     temp0   = 300.00000, tempi   =  10.00000, gamma_ln=   2.00000

SHAKE:
     ntc     =       2, jfastw  =       0
     tol     =   0.00001

NMR refinement options:
     iscale  =       0, noeskp  =       1, ipnlty  =       1, mxsub   =       1
     scalm   = 100.00000, pencut  =   0.10000, tausw   =   0.10000

| Intermolecular bonds treatment:
|     no_intermolecular_bonds =       1

| Energy averages sample interval:
|     ene_avg_sampling =      20

Ewald parameters:
     verbose =       0, ew_type =       0, nbflag  =       1, use_pme =       1
     vdwmeth =       1, eedmeth =       1, netfrc  =       1
     Box X =   68.705   Box Y =   67.010   Box Z =   80.400
     Alpha =   90.000   Beta  =   90.000   Gamma =   90.000
     NFFT1 =   72       NFFT2 =   72       NFFT3 =   81
     Cutoff=   12.000   Tol   =0.100E-04
     Ewald Coefficient =  0.22664
     Interpolation order =    4

| PMEMD ewald parallel performance parameters:
|     block_fft =    0
|     fft_blk_y_divisor =    2
|     excl_recip =    0
|     excl_master =    0
|     atm_redist_freq =  320

    LOADING THE CONSTRAINED ATOMS AS GROUPS


   5.  REFERENCE ATOM COORDINATES

  default_name                                                                    
     Mask :1-218; matches  2325 atoms

--------------------------------------------------------------------------------
   3.  ATOMIC COORDINATES AND VELOCITIES
--------------------------------------------------------------------------------

default_name                                                                    
 begin time read from input coords =     0.000 ps



           Begin reading energy term weight changes/NMR restraints
 WEIGHT CHANGES:
 TEMP0         0  25000    0.100000  300.000000      0      0

 RESTRAINTS:
                          ** No restraint defined **

                  Done reading weight changes/NMR restraints


 
 Number of triangulated 3-point waters found:     9045

     Sum of charges from parm topology file =  -0.00000208
     Forcing neutrality...

| Dynamic Memory, Types Used:
| Reals             1369327
| Integers          1128895

| Nonbonded Pairs Initial Allocation:     4529695

| Running AMBER/MPI version on    4 MPI task

 
--------------------------------------------------------------------------------
   4.  RESULTS
--------------------------------------------------------------------------------

 ---------------------------------------------------
 APPROXIMATING switch and d/dx switch using CUBIC SPLINE INTERPOLATION
 using   5000.0 points per unit in tabled values
 TESTING RELATIVE ERROR over r ranging from 0.0 to cutoff
| CHECK switch(x): max rel err =   0.3316E-14   at   2.351880
| CHECK d/dx switch(x): max rel err =   0.7963E-11   at   2.712040
 ---------------------------------------------------
|---------------------------------------------------
| APPROXIMATING direct energy using CUBIC SPLINE INTERPOLATION
|  with   50.0 points per unit in tabled values
| Relative Error Limit not exceeded for r .gt.   2.27
| APPROXIMATING direct force using CUBIC SPLINE INTERPOLATION
|  with   50.0 points per unit in tabled values
| Relative Error Limit not exceeded for r .gt.   2.78
|---------------------------------------------------

 NSTEP =        0   TIME(PS) =       0.000  TEMP(K) =    14.76  PRESS =     0.0
 Etot   =   -127943.3825  EKtot   =       871.9897  EPtot      =   -128815.3722
 BOND   =        60.0972  ANGLE   =       282.9176  DIHED      =      1436.6548
 1-4 NB =       375.0165  1-4 EEL =      5391.8600  VDWAALS    =     26142.8132
 EELEC  =   -162504.7315  EHBOND  =         0.0000  RESTRAINT  =         0.0000
 Ewald error estimate:   0.3626E-04
 ------------------------------------------------------------------------------

 NMR restraints: Bond =    0.000   Angle =     0.000   Torsion =     0.000
===============================================================================

 NSTEP =       20   TIME(PS) =       0.040  TEMP(K) =     8.98  PRESS =     0.0
 Etot   =   -108975.5312  EKtot   =       530.2083  EPtot      =   -109505.7395
 BOND   =        63.8897  ANGLE   =       292.0673  DIHED      =      1438.6934
 1-4 NB =       378.8378  1-4 EEL =      5396.9154  VDWAALS    =     24742.8826
 EELEC  =   -141823.7587  EHBOND  =         0.0000  RESTRAINT  =         4.7329
 EAMBER (non-restraint)  =   -109510.4724
 Ewald error estimate:   0.2334E-04
 ------------------------------------------------------------------------------

 NMR restraints: Bond =    0.000   Angle =     0.000   Torsion =     0.000
===============================================================================

 NSTEP =       40   TIME(PS) =       0.080  TEMP(K) =    10.91  PRESS =     0.0
 Etot   =   -109068.2743  EKtot   =       644.2775  EPtot      =   -109712.5518
 BOND   =        64.1526  ANGLE   =       291.3237  DIHED      =      1439.0987
 1-4 NB =       377.6674  1-4 EEL =      5390.5885  VDWAALS    =     22331.0756
 EELEC  =   -139613.3839  EHBOND  =         0.0000  RESTRAINT  =         6.9255
 EAMBER (non-restraint)  =   -109719.4774
 Ewald error estimate:   0.4072E-04
 ------------------------------------------------------------------------------

 NMR restraints: Bond =    0.000   Angle =     0.000   Torsion =     0.000
===============================================================================

 NSTEP =       60   TIME(PS) =       0.120  TEMP(K) =    10.49  PRESS =     0.0
 Etot   =   -109165.4816  EKtot   =       619.8093  EPtot      =   -109785.2909
 BOND   =        62.5006  ANGLE   =       291.9398  DIHED      =      1438.2505
 1-4 NB =       378.8431  1-4 EEL =      5398.5568  VDWAALS    =     20911.8397
 EELEC  =   -138276.3926  EHBOND  =         0.0000  RESTRAINT  =         9.1711
 EAMBER (non-restraint)  =   -109794.4621
 Ewald error estimate:   0.3438E-04
 ------------------------------------------------------------------------------

 NMR restraints: Bond =    0.000   Angle =     0.000   Torsion =     0.000
===============================================================================

 NSTEP =       80   TIME(PS) =       0.160  TEMP(K) =     9.26  PRESS =     0.0
 Etot   =   -109250.0411  EKtot   =       546.6877  EPtot      =   -109796.7288
 BOND   =        64.5828  ANGLE   =       290.7521  DIHED      =      1435.9047
 1-4 NB =       376.2891  1-4 EEL =      5393.8810  VDWAALS    =     19919.4457
 EELEC  =   -137287.8004  EHBOND  =         0.0000  RESTRAINT  =        10.2161
 EAMBER (non-restraint)  =   -109806.9449
 Ewald error estimate:   0.6408E-05
 ------------------------------------------------------------------------------

 NMR restraints: Bond =    0.000   Angle =     0.000   Torsion =     0.000
===============================================================================

 NSTEP =      100   TIME(PS) =       0.200  TEMP(K) =     8.52  PRESS =     0.0
 Etot   =   -109321.8523  EKtot   =       503.4413  EPtot      =   -109825.2937
 BOND   =        63.9231  ANGLE   =       289.0393  DIHED      =      1436.3106
 1-4 NB =       377.0255  1-4 EEL =      5391.4189  VDWAALS    =     19688.9743
 EELEC  =   -137081.9549  EHBOND  =         0.0000  RESTRAINT  =         9.9695
 EAMBER (non-restraint)  =   -109835.2632
 Ewald error estimate:   0.3336E-05
 ------------------------------------------------------------------------------

 NMR restraints: Bond =    0.000   Angle =     0.000   Torsion =     0.000
===============================================================================

 NSTEP =      120   TIME(PS) =       0.240  TEMP(K) =     8.27  PRESS =     0.0
 Etot   =   -109388.6627  EKtot   =       488.4159  EPtot      =   -109877.0787
 BOND   =        62.2208  ANGLE   =       288.9497  DIHED      =      1438.8718
 1-4 NB =       377.7701  1-4 EEL =      5397.8108  VDWAALS    =     19828.2626
 EELEC  =   -137279.9946  EHBOND  =         0.0000  RESTRAINT  =         9.0301
 EAMBER (non-restraint)  =   -109886.1088
 Ewald error estimate:   0.5439E-04
 ------------------------------------------------------------------------------

 NMR restraints: Bond =    0.000   Angle =     0.000   Torsion =     0.000
===============================================================================

 NSTEP =      140   TIME(PS) =       0.280  TEMP(K) =     8.13  PRESS =     0.0
 Etot   =   -109450.8473  EKtot   =       480.2887  EPtot      =   -109931.1360
 BOND   =        62.9540  ANGLE   =       287.7834  DIHED      =      1438.6179
 1-4 NB =       377.3155  1-4 EEL =      5392.5528  VDWAALS    =     19970.1564
 EELEC  =   -137469.2718  EHBOND  =         0.0000  RESTRAINT  =         8.7559
 EAMBER (non-restraint)  =   -109939.8919
 Ewald error estimate:   0.4972E-04
 ------------------------------------------------------------------------------

 NMR restraints: Bond =    0.000   Angle =     0.000   Torsion =     0.000
===============================================================================

 NSTEP =      160   TIME(PS) =       0.320  TEMP(K) =     7.85  PRESS =     0.0
 Etot   =   -109509.7685  EKtot   =       463.4624  EPtot      =   -109973.2310
 BOND   =        63.7188  ANGLE   =       291.5196  DIHED      =      1437.0855
 1-4 NB =       376.1232  1-4 EEL =      5393.1637  VDWAALS    =     20195.4765
 EELEC  =   -137739.0249  EHBOND  =         0.0000  RESTRAINT  =         8.7066
 EAMBER (non-restraint)  =   -109981.9376
 Ewald error estimate:   0.1042E-03
 ------------------------------------------------------------------------------

 NMR restraints: Bond =    0.000   Angle =     0.000   Torsion =     0.000
===============================================================================

 NSTEP =      180   TIME(PS) =       0.360  TEMP(K) =     7.64  PRESS =     0.0
 Etot   =   -109562.6516  EKtot   =       450.9611  EPtot      =   -110013.6127
 BOND   =        63.4721  ANGLE   =       290.5795  DIHED      =      1436.8884
 1-4 NB =       376.3574  1-4 EEL =      5388.2377  VDWAALS    =     20342.0896
 EELEC  =   -137919.9188  EHBOND  =         0.0000  RESTRAINT  =         8.6815
 EAMBER (non-restraint)  =   -110022.2941
 Ewald error estimate:   0.8338E-04
 ------------------------------------------------------------------------------

 NMR restraints: Bond =    0.000   Angle =     0.000   Torsion =     0.000
===============================================================================

 NSTEP =      200   TIME(PS) =       0.400  TEMP(K) =     7.40  PRESS =     0.0
 Etot   =   -109611.9362  EKtot   =       437.1875  EPtot      =   -110049.1237
 BOND   =        63.7293  ANGLE   =       286.1743  DIHED      =      1437.9961
 1-4 NB =       377.4795  1-4 EEL =      5394.1201  VDWAALS    =     20420.9581
 EELEC  =   -138038.3649  EHBOND  =         0.0000  RESTRAINT  =         8.7837
 EAMBER (non-restraint)  =   -110057.9074
 Ewald error estimate:   0.8070E-04
 ------------------------------------------------------------------------------

 NMR restraints: Bond =    0.000   Angle =     0.000   Torsion =     0.000
===============================================================================

 NSTEP =      220   TIME(PS) =       0.440  TEMP(K) =     7.22  PRESS =     0.0
 Etot   =   -109656.8238  EKtot   =       426.1593  EPtot      =   -110082.9831
 BOND   =        63.4669  ANGLE   =       290.2320  DIHED      =      1438.5409
 1-4 NB =       376.7776  1-4 EEL =      5395.2088  VDWAALS    =     20448.5464
 EELEC  =   -138104.7952  EHBOND  =         0.0000  RESTRAINT  =         9.0394
 EAMBER (non-restraint)  =   -110092.0225
 Ewald error estimate:   0.8445E-04
 ------------------------------------------------------------------------------

 NMR restraints: Bond =    0.000   Angle =     0.000   Torsion =     0.000
===============================================================================

 NSTEP =      240   TIME(PS) =       0.480  TEMP(K) =     7.04  PRESS =     0.0
 Etot   =   -109697.3325  EKtot   =       415.6416  EPtot      =   -110112.9741
 BOND   =        63.5463  ANGLE   =       289.0442  DIHED      =      1438.5303
 1-4 NB =       376.6827  1-4 EEL =      5393.0617  VDWAALS    =     20424.1914
 EELEC  =   -138107.5793  EHBOND  =         0.0000  RESTRAINT  =         9.5486
 EAMBER (non-restraint)  =   -110122.5227
 Ewald error estimate:   0.5138E-04
 ------------------------------------------------------------------------------

 NMR restraints: Bond =    0.000   Angle =     0.000   Torsion =     0.000
===============================================================================

 NSTEP =      260   TIME(PS) =       0.520  TEMP(K) =     6.86  PRESS =     0.0
 Etot   =   -109734.6508  EKtot   =       405.0305  EPtot      =   -110139.6813
 BOND   =        63.0411  ANGLE   =       290.8918  DIHED      =      1436.2902
 1-4 NB =       376.5283  1-4 EEL =      5390.5566  VDWAALS    =     20430.1802
 EELEC  =   -138137.4842  EHBOND  =         0.0000  RESTRAINT  =        10.3149
 EAMBER (non-restraint)  =   -110149.9962
 Ewald error estimate:   0.5924E-04
 ------------------------------------------------------------------------------

 NMR restraints: Bond =    0.000   Angle =     0.000   Torsion =     0.000
===============================================================================

 NSTEP =      280   TIME(PS) =       0.560  TEMP(K) =     6.74  PRESS =     0.0
 Etot   =   -109767.3086  EKtot   =       398.2179  EPtot      =   -110165.5265
 BOND   =        62.2361  ANGLE   =       292.6037  DIHED      =      1436.9368
 1-4 NB =       376.4778  1-4 EEL =      5390.1282  VDWAALS    =     20448.0291
 EELEC  =   -138182.8550  EHBOND  =         0.0000  RESTRAINT  =        10.9168
 EAMBER (non-restraint)  =   -110176.4433
 Ewald error estimate:   0.8193E-04
 ------------------------------------------------------------------------------

 NMR restraints: Bond =    0.000   Angle =     0.000   Torsion =     0.000
===============================================================================

 NSTEP =      300   TIME(PS) =       0.600  TEMP(K) =     6.68  PRESS =     0.0
 Etot   =   -109797.3836  EKtot   =       394.3072  EPtot      =   -110191.6908
 BOND   =        63.3879  ANGLE   =       289.8991  DIHED      =      1436.9874
 1-4 NB =       376.0949  1-4 EEL =      5391.8265  VDWAALS    =     20478.3620
 EELEC  =   -138239.3786  EHBOND  =         0.0000  RESTRAINT  =        11.1299
 EAMBER (non-restraint)  =   -110202.8207
 Ewald error estimate:   0.1084E-03
 ------------------------------------------------------------------------------

 NMR restraints: Bond =    0.000   Angle =     0.000   Torsion =     0.000
===============================================================================

 NSTEP =      320   TIME(PS) =       0.640  TEMP(K) =     6.63  PRESS =     0.0
 Etot   =   -109824.3262  EKtot   =       391.3626  EPtot      =   -110215.6888
 BOND   =        62.5757  ANGLE   =       291.5741  DIHED      =      1437.7935
 1-4 NB =       376.1740  1-4 EEL =      5391.2689  VDWAALS    =     20520.7809
 EELEC  =   -138307.0729  EHBOND  =         0.0000  RESTRAINT  =        11.2170
 EAMBER (non-restraint)  =   -110226.9059
 Ewald error estimate:   0.1147E-03
 ------------------------------------------------------------------------------

 NMR restraints: Bond =    0.000   Angle =     0.000   Torsion =     0.000
===============================================================================

 NSTEP =      340   TIME(PS) =       0.680  TEMP(K) =     6.62  PRESS =     0.0
 Etot   =   -109848.2175  EKtot   =       391.0151  EPtot      =   -110239.2326
 BOND   =        63.9478  ANGLE   =       290.8657  DIHED      =      1437.2451
 1-4 NB =       377.8300  1-4 EEL =      5394.3760  VDWAALS    =     20541.5622
 EELEC  =   -138356.5667  EHBOND  =         0.0000  RESTRAINT  =        11.5073
 EAMBER (non-restraint)  =   -110250.7399
 Ewald error estimate:   0.1151E-03
 ------------------------------------------------------------------------------

 NMR restraints: Bond =    0.000   Angle =     0.000   Torsion =     0.000
===============================================================================

 NSTEP =      360   TIME(PS) =       0.720  TEMP(K) =     6.63  PRESS =     0.0
 Etot   =   -109870.6507  EKtot   =       391.8847  EPtot      =   -110262.5355
 BOND   =        64.6049  ANGLE   =       288.9278  DIHED      =      1436.8216
 1-4 NB =       376.9445  1-4 EEL =      5390.5206  VDWAALS    =     20594.9061
 EELEC  =   -138427.3742  EHBOND  =         0.0000  RESTRAINT  =        12.1132
 EAMBER (non-restraint)  =   -110274.6486
 Ewald error estimate:   0.1093E-03
 ------------------------------------------------------------------------------

 NMR restraints: Bond =    0.000   Angle =     0.000   Torsion =     0.000
===============================================================================

 NSTEP =      380   TIME(PS) =       0.760  TEMP(K) =     6.62  PRESS =     0.0
 Etot   =   -109890.5288  EKtot   =       390.8556  EPtot      =   -110281.3844
 BOND   =        63.5113  ANGLE   =       292.3113  DIHED      =      1439.5504
 1-4 NB =       375.6234  1-4 EEL =      5390.8369  VDWAALS    =     20630.5138
 EELEC  =   -138486.4685  EHBOND  =         0.0000  RESTRAINT  =        12.7371
 EAMBER (non-restraint)  =   -110294.1215
 Ewald error estimate:   0.1583E-03
 ------------------------------------------------------------------------------

 NMR restraints: Bond =    0.000   Angle =     0.000   Torsion =     0.000
===============================================================================

 NSTEP =      400   TIME(PS) =       0.800  TEMP(K) =     6.68  PRESS =     0.0
 Etot   =   -109907.5099  EKtot   =       394.7746  EPtot      =   -110302.2845
 BOND   =        62.2512  ANGLE   =       291.7859  DIHED      =      1439.8374
 1-4 NB =       377.9529  1-4 EEL =      5392.8176  VDWAALS    =     20619.6149
 EELEC  =   -138499.2542  EHBOND  =         0.0000  RESTRAINT  =        12.7098
 EAMBER (non-restraint)  =   -110314.9943
 Ewald error estimate:   0.1539E-03
 ------------------------------------------------------------------------------

 NMR restraints: Bond =    0.000   Angle =     0.000   Torsion =     0.000
===============================================================================

 NSTEP =      420   TIME(PS) =       0.840  TEMP(K) =     6.63  PRESS =     0.0
 Etot   =   -109922.8001  EKtot   =       391.8608  EPtot      =   -110314.6609
 BOND   =        62.3551  ANGLE   =       292.0295  DIHED      =      1438.7666
 1-4 NB =       376.5728  1-4 EEL =      5391.8908  VDWAALS    =     20616.1049
 EELEC  =   -138504.7608  EHBOND  =         0.0000  RESTRAINT  =        12.3802
 EAMBER (non-restraint)  =   -110327.0411
 Ewald error estimate:   0.1201E-03
 ------------------------------------------------------------------------------

 NMR restraints: Bond =    0.000   Angle =     0.000   Torsion =     0.000
===============================================================================

 NSTEP =      440   TIME(PS) =       0.880  TEMP(K) =     6.69  PRESS =     0.0
 Etot   =   -109937.2350  EKtot   =       395.2359  EPtot      =   -110332.4709
 BOND   =        65.3050  ANGLE   =       289.0404  DIHED      =      1437.3212
 1-4 NB =       377.1385  1-4 EEL =      5394.0622  VDWAALS    =     20655.2731
 EELEC  =   -138563.3005  EHBOND  =         0.0000  RESTRAINT  =        12.6892
 EAMBER (non-restraint)  =   -110345.1601
 Ewald error estimate:   0.1014E-03
 ------------------------------------------------------------------------------

 NMR restraints: Bond =    0.000   Angle =     0.000   Torsion =     0.000
===============================================================================

 NSTEP =      460   TIME(PS) =       0.920  TEMP(K) =     6.80  PRESS =     0.0
 Etot   =   -109947.9511  EKtot   =       401.9298  EPtot      =   -110349.8809
 BOND   =        63.4557  ANGLE   =       291.5266  DIHED      =      1438.0986
 1-4 NB =       376.1024  1-4 EEL =      5396.0475  VDWAALS    =     20713.7035
 EELEC  =   -138641.8868  EHBOND  =         0.0000  RESTRAINT  =        13.0715
 EAMBER (non-restraint)  =   -110362.9524
 Ewald error estimate:   0.1058E-03
 ------------------------------------------------------------------------------

 NMR restraints: Bond =    0.000   Angle =     0.000   Torsion =     0.000
===============================================================================

 NSTEP =      480   TIME(PS) =       0.960  TEMP(K) =     6.91  PRESS =     0.0
 Etot   =   -109957.6225  EKtot   =       408.1988  EPtot      =   -110365.8212
 BOND   =        64.1064  ANGLE   =       291.4445  DIHED      =      1437.6938
 1-4 NB =       377.9969  1-4 EEL =      5394.8719  VDWAALS    =     20728.7889
 EELEC  =   -138674.3494  EHBOND  =         0.0000  RESTRAINT  =        13.6258
 EAMBER (non-restraint)  =   -110379.4470
 Ewald error estimate:   0.6197E-04
 ------------------------------------------------------------------------------

 NMR restraints: Bond =    0.000   Angle =     0.000   Torsion =     0.000
===============================================================================

 NSTEP =      500   TIME(PS) =       1.000  TEMP(K) =     6.98  PRESS =     0.0
 Etot   =   -109966.2210  EKtot   =       412.1814  EPtot      =   -110378.4025
 BOND   =        65.2772  ANGLE   =       292.1431  DIHED      =      1438.5468
 1-4 NB =       377.5174  1-4 EEL =      5391.4750  VDWAALS    =     20725.6858
 EELEC  =   -138683.0921  EHBOND  =         0.0000  RESTRAINT  =        14.0444
 EAMBER (non-restraint)  =   -110392.4468
 Ewald error estimate:   0.1157E-03
 ------------------------------------------------------------------------------

 NMR restraints: Bond =    0.000   Angle =     0.000   Torsion =     0.000
===============================================================================

 NSTEP =      520   TIME(PS) =       1.040  TEMP(K) =     7.05  PRESS =     0.0
 Etot   =   -109972.5148  EKtot   =       416.2380  EPtot      =   -110388.7528
 BOND   =        64.4966  ANGLE   =       289.2427  DIHED      =      1439.9346
 1-4 NB =       378.5260  1-4 EEL =      5394.9938  VDWAALS    =     20749.2376
 EELEC  =   -138719.5709  EHBOND  =         0.0000  RESTRAINT  =        14.3869
 EAMBER (non-restraint)  =   -110403.1397
 Ewald error estimate:   0.7987E-04
 ------------------------------------------------------------------------------

 NMR restraints: Bond =    0.000   Angle =     0.000   Torsion =     0.000
===============================================================================

 NSTEP =      540   TIME(PS) =       1.080  TEMP(K) =     7.11  PRESS =     0.0
 Etot   =   -109979.5761  EKtot   =       419.7975  EPtot      =   -110399.3736
 BOND   =        66.0568  ANGLE   =       295.2201  DIHED      =      1436.6342
 1-4 NB =       376.8756  1-4 EEL =      5389.1469  VDWAALS    =     20776.2326
 EELEC  =   -138753.8901  EHBOND  =         0.0000  RESTRAINT  =        14.3502
 EAMBER (non-restraint)  =   -110413.7238
 Ewald error estimate:   0.8195E-04
 ------------------------------------------------------------------------------

 NMR restraints: Bond =    0.000   Angle =     0.000   Torsion =     0.000
===============================================================================

 NSTEP =      560   TIME(PS) =       1.120  TEMP(K) =     7.20  PRESS =     0.0
 Etot   =   -109983.5745  EKtot   =       425.5552  EPtot      =   -110409.1296
 BOND   =        65.0255  ANGLE   =       295.0666  DIHED      =      1437.6922
 1-4 NB =       376.6909  1-4 EEL =      5389.7444  VDWAALS    =     20813.8748
 EELEC  =   -138801.8291  EHBOND  =         0.0000  RESTRAINT  =        14.6051
 EAMBER (non-restraint)  =   -110423.7347
 Ewald error estimate:   0.9355E-04
 ------------------------------------------------------------------------------

 NMR restraints: Bond =    0.000   Angle =     0.000   Torsion =     0.000
===============================================================================

 NSTEP =      580   TIME(PS) =       1.160  TEMP(K) =     7.32  PRESS =     0.0
 Etot   =   -109986.7570  EKtot   =       432.1141  EPtot      =   -110418.8712
 BOND   =        64.8490  ANGLE   =       295.5949  DIHED      =      1436.9397
 1-4 NB =       377.2532  1-4 EEL =      5393.7294  VDWAALS    =     20884.0296
 EELEC  =   -138886.4634  EHBOND  =         0.0000  RESTRAINT  =        15.1965
 EAMBER (non-restraint)  =   -110434.0676
 Ewald error estimate:   0.4523E-04
 ------------------------------------------------------------------------------

 NMR restraints: Bond =    0.000   Angle =     0.000   Torsion =     0.000
===============================================================================

 NSTEP =      600   TIME(PS) =       1.200  TEMP(K) =     7.40  PRESS =     0.0
 Etot   =   -109991.2282  EKtot   =       437.1320  EPtot      =   -110428.3602
 BOND   =        67.6207  ANGLE   =       292.5912  DIHED      =      1436.8116
 1-4 NB =       376.7046  1-4 EEL =      5394.1041  VDWAALS    =     20917.2999
 EELEC  =   -138929.1768  EHBOND  =         0.0000  RESTRAINT  =        15.6845
 EAMBER (non-restraint)  =   -110444.0447
 Ewald error estimate:   0.5185E-04
 ------------------------------------------------------------------------------

 NMR restraints: Bond =    0.000   Angle =     0.000   Torsion =     0.000
===============================================================================

 NSTEP =      620   TIME(PS) =       1.240  TEMP(K) =     7.44  PRESS =     0.0
 Etot   =   -109991.2352  EKtot   =       439.2028  EPtot      =   -110430.4380
 BOND   =        65.0095  ANGLE   =       293.1598  DIHED      =      1438.4712
 1-4 NB =       378.7706  1-4 EEL =      5396.0881  VDWAALS    =     20924.9377
 EELEC  =   -138942.9272  EHBOND  =         0.0000  RESTRAINT  =        16.0523
 EAMBER (non-restraint)  =   -110446.4903
 Ewald error estimate:   0.9987E-04
 ------------------------------------------------------------------------------

 NMR restraints: Bond =    0.000   Angle =     0.000   Torsion =     0.000
===============================================================================

 NSTEP =      640   TIME(PS) =       1.280  TEMP(K) =     7.60  PRESS =     0.0
 Etot   =   -109990.0667  EKtot   =       448.7000  EPtot      =   -110438.7667
 BOND   =        65.5730  ANGLE   =       293.3280  DIHED      =      1438.1651
 1-4 NB =       378.8773  1-4 EEL =      5397.1572  VDWAALS    =     20929.8454
 EELEC  =   -138957.6760  EHBOND  =         0.0000  RESTRAINT  =        15.9634
 EAMBER (non-restraint)  =   -110454.7300
 Ewald error estimate:   0.1228E-03
 ------------------------------------------------------------------------------

 NMR restraints: Bond =    0.000   Angle =     0.000   Torsion =     0.000
===============================================================================

 NSTEP =      660   TIME(PS) =       1.320  TEMP(K) =     7.69  PRESS =     0.0
 Etot   =   -109987.0243  EKtot   =       454.3305  EPtot      =   -110441.3547
 BOND   =        66.9090  ANGLE   =       293.5582  DIHED      =      1438.3533
 1-4 NB =       378.0989  1-4 EEL =      5392.2974  VDWAALS    =     20910.8075
 EELEC  =   -138938.7191  EHBOND  =         0.0000  RESTRAINT  =        17.3401
 EAMBER (non-restraint)  =   -110458.6948
 Ewald error estimate:   0.4163E-04
 ------------------------------------------------------------------------------

 NMR restraints: Bond =    0.000   Angle =     0.000   Torsion =     0.000
===============================================================================

 NSTEP =      680   TIME(PS) =       1.360  TEMP(K) =     7.88  PRESS =     0.0
 Etot   =   -109981.1857  EKtot   =       465.1482  EPtot      =   -110446.3339
 BOND   =        63.2169  ANGLE   =       297.0042  DIHED      =      1438.6034
 1-4 NB =       377.8190  1-4 EEL =      5396.8809  VDWAALS    =     20903.6455
 EELEC  =   -138941.4604  EHBOND  =         0.0000  RESTRAINT  =        17.9566
 EAMBER (non-restraint)  =   -110464.2906
 Ewald error estimate:   0.2719E-04
 ------------------------------------------------------------------------------

 NMR restraints: Bond =    0.000   Angle =     0.000   Torsion =     0.000
===============================================================================

 NSTEP =      700   TIME(PS) =       1.400  TEMP(K) =     8.08  PRESS =     0.0
 Etot   =   -109978.1124  EKtot   =       477.1983  EPtot      =   -110455.3107
 BOND   =        66.7068  ANGLE   =       297.2004  DIHED      =      1438.9906
 1-4 NB =       377.5809  1-4 EEL =      5390.7492  VDWAALS    =     20891.1784
 EELEC  =   -138935.6187  EHBOND  =         0.0000  RESTRAINT  =        17.9018
 EAMBER (non-restraint)  =   -110473.2124
 Ewald error estimate:   0.5961E-04
 ------------------------------------------------------------------------------

 NMR restraints: Bond =    0.000   Angle =     0.000   Torsion =     0.000
===============================================================================

 NSTEP =      720   TIME(PS) =       1.440  TEMP(K) =     8.15  PRESS =     0.0
 Etot   =   -109976.1344  EKtot   =       481.6249  EPtot      =   -110457.7594
 BOND   =        66.0608  ANGLE   =       298.6366  DIHED      =      1437.2048
 1-4 NB =       378.5189  1-4 EEL =      5395.6282  VDWAALS    =     20932.9965
 EELEC  =   -138985.4495  EHBOND  =         0.0000  RESTRAINT  =        18.6442
 EAMBER (non-restraint)  =   -110476.4036
 Ewald error estimate:   0.1025E-03
 ------------------------------------------------------------------------------

 NMR restraints: Bond =    0.000   Angle =     0.000   Torsion =     0.000
===============================================================================

 NSTEP =      740   TIME(PS) =       1.480  TEMP(K) =     8.24  PRESS =     0.0
 Etot   =   -109971.8397  EKtot   =       486.7446  EPtot      =   -110458.5843
 BOND   =        64.0389  ANGLE   =       298.2053  DIHED      =      1437.8711
 1-4 NB =       380.2682  1-4 EEL =      5398.6348  VDWAALS    =     20994.7075
 EELEC  =   -139050.8883  EHBOND  =         0.0000  RESTRAINT  =        18.5782
 EAMBER (non-restraint)  =   -110477.1625
 Ewald error estimate:   0.1181E-03
 ------------------------------------------------------------------------------

 NMR restraints: Bond =    0.000   Angle =     0.000   Torsion =     0.000
===============================================================================

 NSTEP =      760   TIME(PS) =       1.520  TEMP(K) =     8.45  PRESS =     0.0
 Etot   =   -109963.9473  EKtot   =       499.0558  EPtot      =   -110463.0031
 BOND   =        65.3643  ANGLE   =       296.1815  DIHED      =      1438.7203
 1-4 NB =       379.0121  1-4 EEL =      5395.5919  VDWAALS    =     21004.6348
 EELEC  =   -139060.3309  EHBOND  =         0.0000  RESTRAINT  =        17.8229
 EAMBER (non-restraint)  =   -110480.8260
 Ewald error estimate:   0.8136E-04
 ------------------------------------------------------------------------------

 NMR restraints: Bond =    0.000   Angle =     0.000   Torsion =     0.000
===============================================================================

 NSTEP =      780   TIME(PS) =       1.560  TEMP(K) =     8.59  PRESS =     0.0
 Etot   =   -109954.7910  EKtot   =       507.3918  EPtot      =   -110462.1828
 BOND   =        67.5781  ANGLE   =       298.2380  DIHED      =      1437.6895
 1-4 NB =       377.2176  1-4 EEL =      5390.8021  VDWAALS    =     21014.1998
 EELEC  =   -139066.0518  EHBOND  =         0.0000  RESTRAINT  =        18.1439
 EAMBER (non-restraint)  =   -110480.3267
 Ewald error estimate:   0.4419E-04
 ------------------------------------------------------------------------------

 NMR restraints: Bond =    0.000   Angle =     0.000   Torsion =     0.000
===============================================================================

 NSTEP =      800   TIME(PS) =       1.600  TEMP(K) =     8.76  PRESS =     0.0
 Etot   =   -109946.1819  EKtot   =       517.2816  EPtot      =   -110463.4635
 BOND   =        64.7677  ANGLE   =       296.8911  DIHED      =      1436.9263
 1-4 NB =       379.3563  1-4 EEL =      5399.9079  VDWAALS    =     21002.2408
 EELEC  =   -139062.2302  EHBOND  =         0.0000  RESTRAINT  =        18.6766
 EAMBER (non-restraint)  =   -110482.1401
 Ewald error estimate:   0.2744E-04
 ------------------------------------------------------------------------------

 NMR restraints: Bond =    0.000   Angle =     0.000   Torsion =     0.000
===============================================================================

 NSTEP =      820   TIME(PS) =       1.640  TEMP(K) =     8.99  PRESS =     0.0
 Etot   =   -109938.9134  EKtot   =       531.0490  EPtot      =   -110469.9623
 BOND   =        66.0037  ANGLE   =       297.4494  DIHED      =      1436.1965
 1-4 NB =       379.8419  1-4 EEL =      5396.7894  VDWAALS    =     21008.3588
 EELEC  =   -139074.4788  EHBOND  =         0.0000  RESTRAINT  =        19.8767
 EAMBER (non-restraint)  =   -110489.8391
 Ewald error estimate:   0.1111E-04
 ------------------------------------------------------------------------------

 NMR restraints: Bond =    0.000   Angle =     0.000   Torsion =     0.000
===============================================================================

 NSTEP =      840   TIME(PS) =       1.680  TEMP(K) =     9.19  PRESS =     0.0
 Etot   =   -109926.4054  EKtot   =       542.6224  EPtot      =   -110469.0277
 BOND   =        67.8574  ANGLE   =       298.1255  DIHED      =      1439.3829
 1-4 NB =       378.8834  1-4 EEL =      5396.9466  VDWAALS    =     21010.4141
 EELEC  =   -139081.1592  EHBOND  =         0.0000  RESTRAINT  =        20.5215
 EAMBER (non-restraint)  =   -110489.5493
 Ewald error estimate:   0.2589E-04
 ------------------------------------------------------------------------------

 NMR restraints: Bond =    0.000   Angle =     0.000   Torsion =     0.000
===============================================================================

 NSTEP =      860   TIME(PS) =       1.720  TEMP(K) =     9.35  PRESS =     0.0
 Etot   =   -109915.4441  EKtot   =       552.4086  EPtot      =   -110467.8527
 BOND   =        66.2391  ANGLE   =       300.6732  DIHED      =      1441.2206
 1-4 NB =       379.0065  1-4 EEL =      5395.8843  VDWAALS    =     20966.5415
 EELEC  =   -139039.3472  EHBOND  =         0.0000  RESTRAINT  =        21.9294
 EAMBER (non-restraint)  =   -110489.7821
 Ewald error estimate:   0.2973E-05
 ------------------------------------------------------------------------------

 NMR restraints: Bond =    0.000   Angle =     0.000   Torsion =     0.000
===============================================================================

 NSTEP =      880   TIME(PS) =       1.760  TEMP(K) =     9.45  PRESS =     0.0
 Etot   =   -109906.5274  EKtot   =       557.9616  EPtot      =   -110464.4889
 BOND   =        66.9714  ANGLE   =       299.2324  DIHED      =      1439.8112
 1-4 NB =       379.8153  1-4 EEL =      5399.2291  VDWAALS    =     20954.1659
 EELEC  =   -139025.4565  EHBOND  =         0.0000  RESTRAINT  =        21.7422
 EAMBER (non-restraint)  =   -110486.2311
 Ewald error estimate:   0.1433E-04
 ------------------------------------------------------------------------------

 NMR restraints: Bond =    0.000   Angle =     0.000   Torsion =     0.000
===============================================================================

 NSTEP =      900   TIME(PS) =       1.800  TEMP(K) =     9.70  PRESS =     0.0
 Etot   =   -109896.2935  EKtot   =       572.6570  EPtot      =   -110468.9505
 BOND   =        65.1491  ANGLE   =       305.2869  DIHED      =      1437.8253
 1-4 NB =       380.7473  1-4 EEL =      5395.7306  VDWAALS    =     20958.4711
 EELEC  =   -139033.4224  EHBOND  =         0.0000  RESTRAINT  =        21.2617
 EAMBER (non-restraint)  =   -110490.2122
 Ewald error estimate:   0.4105E-04
 ------------------------------------------------------------------------------

 NMR restraints: Bond =    0.000   Angle =     0.000   Torsion =     0.000
===============================================================================

 NSTEP =      920   TIME(PS) =       1.840  TEMP(K) =     9.90  PRESS =     0.0
 Etot   =   -109886.7048  EKtot   =       584.4914  EPtot      =   -110471.1962
 BOND   =        68.3566  ANGLE   =       304.8655  DIHED      =      1440.8441
 1-4 NB =       377.5304  1-4 EEL =      5392.0423  VDWAALS    =     20954.3650
 EELEC  =   -139029.9581  EHBOND  =         0.0000  RESTRAINT  =        20.7579
 EAMBER (non-restraint)  =   -110491.9541
 Ewald error estimate:   0.4090E-04
 ------------------------------------------------------------------------------

 NMR restraints: Bond =    0.000   Angle =     0.000   Torsion =     0.000
===============================================================================

 NSTEP =      940   TIME(PS) =       1.880  TEMP(K) =    10.03  PRESS =     0.0
 Etot   =   -109875.9039  EKtot   =       592.7001  EPtot      =   -110468.6040
 BOND   =        66.3981  ANGLE   =       302.5502  DIHED      =      1440.2131
 1-4 NB =       381.8681  1-4 EEL =      5396.2546  VDWAALS    =     20967.8756
 EELEC  =   -139044.7735  EHBOND  =         0.0000  RESTRAINT  =        21.0097
 EAMBER (non-restraint)  =   -110489.6137
 Ewald error estimate:   0.8185E-04
 ------------------------------------------------------------------------------

 NMR restraints: Bond =    0.000   Angle =     0.000   Torsion =     0.000
===============================================================================

 NSTEP =      960   TIME(PS) =       1.920  TEMP(K) =    10.34  PRESS =     0.0
 Etot   =   -109865.4589  EKtot   =       610.8602  EPtot      =   -110476.3191
 BOND   =        66.7941  ANGLE   =       301.9731  DIHED      =      1439.6235
 1-4 NB =       379.1800  1-4 EEL =      5399.8987  VDWAALS    =     20925.8438
 EELEC  =   -139011.4076  EHBOND  =         0.0000  RESTRAINT  =        21.7753
 EAMBER (non-restraint)  =   -110498.0944
 Ewald error estimate:   0.8611E-04
 ------------------------------------------------------------------------------

 NMR restraints: Bond =    0.000   Angle =     0.000   Torsion =     0.000
===============================================================================

 NSTEP =      980   TIME(PS) =       1.960  TEMP(K) =    10.51  PRESS =     0.0
 Etot   =   -109854.5571  EKtot   =       620.8293  EPtot      =   -110475.3864
 BOND   =        67.3367  ANGLE   =       307.2352  DIHED      =      1438.6566
 1-4 NB =       378.4540  1-4 EEL =      5392.9065  VDWAALS    =     20926.7762
 EELEC  =   -139009.7568  EHBOND  =         0.0000  RESTRAINT  =        23.0051
 EAMBER (non-restraint)  =   -110498.3916
 Ewald error estimate:   0.1030E-03
 ------------------------------------------------------------------------------

 NMR restraints: Bond =    0.000   Angle =     0.000   Torsion =     0.000
===============================================================================

 NSTEP =     1000   TIME(PS) =       2.000  TEMP(K) =    10.66  PRESS =     0.0
 Etot   =   -109843.2479  EKtot   =       629.5277  EPtot      =   -110472.7756
 BOND   =        69.3339  ANGLE   =       300.4380  DIHED      =      1441.0355
 1-4 NB =       380.4646  1-4 EEL =      5404.5160  VDWAALS    =     20947.4016
 EELEC  =   -139039.0271  EHBOND  =         0.0000  RESTRAINT  =        23.0620
 EAMBER (non-restraint)  =   -110495.8375
 Ewald error estimate:   0.1071E-03
 ------------------------------------------------------------------------------

 NMR restraints: Bond =    0.000   Angle =     0.000   Torsion =     0.000
===============================================================================

      A V E R A G E S   O V E R      50 S T E P S


 NSTEP =     1000   TIME(PS) =       2.000  TEMP(K) =     8.08  PRESS =     0.0
 Etot   =   -109791.9047  EKtot   =       477.5204  EPtot      =   -110269.4251
 BOND   =        64.8385  ANGLE   =       294.2479  DIHED      =      1438.2099
 1-4 NB =       377.8697  1-4 EEL =      5394.2370  VDWAALS    =     20803.9497
 EELEC  =   -138657.3431  EHBOND  =         0.0000  RESTRAINT  =        14.5653
 EAMBER (non-restraint)  =   -110283.9903
 Ewald error estimate:   0.7227E-04
 ------------------------------------------------------------------------------

 NMR restraints: Bond =    0.000   Angle =     0.000   Torsion =     0.000
===============================================================================

      R M S  F L U C T U A T I O N S


 NSTEP =     1000   TIME(PS) =       2.000  TEMP(K) =     1.27  PRESS =     0.0
 Etot   =       258.7946  EKtot   =        75.2658  EPtot      =       244.3830
 BOND   =         1.7552  ANGLE   =         4.8408  DIHED      =         1.2758
 1-4 NB =         1.3747  1-4 EEL =         3.2637  VDWAALS    =       689.2840
 EELEC  =       706.2433  EHBOND  =         0.0000  RESTRAINT  =         4.7617
 EAMBER (non-restraint)  =       239.6213
 Ewald error estimate:   0.3898E-04
 ------------------------------------------------------------------------------


 NMR restraints on final step:

--------------------------------------------------------------------------------
   5.  TIMINGS
--------------------------------------------------------------------------------

|  NonSetup CPU Time in Major Routines, Average for All Tasks:
|
|     Routine           Sec        %
|     ------------------------------
|     DataDistrib       1.18    2.31
|     Nonbond          47.76   93.55
|     Bond              0.01    0.02
|     Angle             0.08    0.16
|     Dihedral          0.34    0.67
|     Shake             0.26    0.52
|     RunMD             1.42    2.78
|     Other             0.00    0.00
|     ------------------------------
|     Total            51.06

|  PME Nonbond Pairlist CPU Time, Average for All Tasks:
|
|     Routine              Sec        %
|     ---------------------------------
|     Set Up Cit           0.02    0.03
|     Build List           2.03    3.98
|     ---------------------------------
|     Total                2.05    4.01

|  PME Direct Force CPU Time, Average for All Tasks:
|
|     Routine              Sec        %
|     ---------------------------------
|     NonBonded Calc      39.25   76.87
|     Exclude Masked       0.35    0.69
|     Other                0.37    0.72
|     ---------------------------------
|     Total               39.97   78.28

|  PME Reciprocal Force CPU Time, Average for All Tasks:
|
|     Routine              Sec        %
|     ---------------------------------
|     1D bspline           0.37    0.72
|     Grid Charges         0.57    1.12
|     Scalar Sum           0.15    0.30
|     Gradient Sum         0.70    1.38
|     FFT                  3.94    7.73
|     ---------------------------------
|     Total                5.74   11.25

|  PME Load Balancing CPU Time, Average for All Tasks:
|
|     Routine                 Sec        %
|     ------------------------------------
|     Atom Reassign           0.00    0.00
|     Image Reassign          0.00    0.00
|     FFT Reassign            0.00    0.00
|     ------------------------------------
|     Total                   0.00    0.00

|  Final Performance Info:
|     -----------------------------------------------------
|     Average timings for last    1000 steps:
|     Elapsed(s) =      51.19 Per Step(ms) =      51.19
|         ns/day =       3.38   seconds/ns =   25594.82
|
|     Average timings for all steps:
|     Elapsed(s) =      51.19 Per Step(ms) =      51.19
|         ns/day =       3.38   seconds/ns =   25594.82
|     -----------------------------------------------------

|  Master Setup CPU time:            0.23 seconds
|  Master NonSetup CPU time:        51.04 seconds
|  Master Total CPU time:           51.27 seconds     0.01 hours

|  Master Setup wall time:           1    seconds
|  Master NonSetup wall time:       51    seconds
|  Master Total wall time:          52    seconds     0.01 hours
