
          -------------------------------------------------------
          Amber 16 PMEMD                              2016
          -------------------------------------------------------

| PMEMD implementation of SANDER, Release 16

| Run on 11/08/2017 at 20:18:47

|   Executable path: pmemd.MPI
| Working directory: /scratch/kfd233/CompChemLab8/try2/sim2/prod
|          Hostname: c13-02

  [-O]verwriting output

File Assignments:
|   MDIN: density.in                                                            
|  MDOUT: density.out                                                           
| INPCRD: heat.rst                                                              
|   PARM: 2dvq_sol.prmtop                                                       
| RESTRT: density.rst                                                           
|   REFC: min_all.rst                                                           
|  MDVEL: mdvel                                                                 
|   MDEN: mden                                                                  
|  MDCRD: density.mdcrd                                                         
| MDINFO: mdinfo                                                                
|LOGFILE: logfile                                                               
|  MDFRC: mdfrc                                                                 

 
 Here is the input file:
 
# Equlibrate the density                                                       
&cntrl                                                                         
imin=0,                                                                        
irest=1,                                                                       
ntx=5,                                                                         
nstlim=1000, dt=0.002,                                                         
ntc=2,ntf=2,                                                                   
cut=8.0, ntb=2,                                                                
ntp=1, taup=1.0,                                                               
ntpr=20, ntwx=20,                                                              
ntt=3, gamma_ln=2.0,                                                           
temp0=300.0,                                                                   
ntr=1, restraintmask=':1-218',                                                 
restraint_wt=2.0,                                                              
ioutfm = 1,                                                                    
/                                                                              
                                                                               


Note: ig = -1. Setting random seed to    41312 based on wallclock time in
      microseconds and disabling the synchronization of random numbers 
      between tasks to improve performance.
 
 
| Conditional Compilation Defines Used:
| MPI
| PUBFFT
| BINTRAJ
| MKL
| EMIL
 
| Largest sphere to fit in unit cell has radius =    33.505

| New format PARM file being parsed.
| Version =    1.000 Date = 11/08/17 Time = 16:37:34

| Note: 1-4 EEL scale factors are being read from the topology file.

| Note: 1-4 VDW scale factors are being read from the topology file.
| Duplicated    0 dihedrals

| Duplicated    0 dihedrals

--------------------------------------------------------------------------------
   1.  RESOURCE   USE: 
--------------------------------------------------------------------------------

 getting box info from netcdf restart file
 NATOM  =   29205 NTYPES =      17 NBONH =   28170 MBONA  =    1053
 NTHETH =    2361 MTHETA =    1415 NPHIH =    4706 MPHIA  =    4372
 NHPARM =       0 NPARM  =       0 NNB   =   47559 NRES   =    9178
 NBONA  =    1053 NTHETA =    1415 NPHIA =    4372 NUMBND =      69
 NUMANG =     161 NPTRA  =     197 NATYP =      36 NPHB   =       1
 IFBOX  =       1 NMXRS  =      26 IFCAP =       0 NEXTRA =       0
 NCOPY  =       0

| Coordinate Index Table dimensions:    13   13   16
| Direct force subcell size =     5.2850    5.1546    5.0250

     BOX TYPE: RECTILINEAR

--------------------------------------------------------------------------------
   2.  CONTROL  DATA  FOR  THE  RUN
--------------------------------------------------------------------------------

default_name                                                                    

General flags:
     imin    =       0, nmropt  =       0

Nature and format of input:
     ntx     =       5, irest   =       1, ntrx    =       1

Nature and format of output:
     ntxo    =       2, ntpr    =      20, ntrx    =       1, ntwr    =    1000
     iwrap   =       0, ntwx    =      20, ntwv    =       0, ntwe    =       0
     ioutfm  =       1, ntwprt  =       0, idecomp =       0, rbornstat=      0

Potential function:
     ntf     =       2, ntb     =       2, igb     =       0, nsnb    =      25
     ipol    =       0, gbsa    =       0, iesp    =       0
     dielc   =   1.00000, cut     =   8.00000, intdiel =   1.00000

Frozen or restrained atoms:
     ibelly  =       0, ntr     =       1
     restraint_wt =   2.00000

Molecular dynamics:
     nstlim  =      1000, nscm    =         0, nrespa  =         1
     t       =   0.00000, dt      =   0.00200, vlimit  =  20.00000

Langevin dynamics temperature regulation:
     ig      =   41312
     temp0   = 300.00000, tempi   =   0.00000, gamma_ln=   2.00000

Pressure regulation:
     ntp     =       1
     pres0   =   1.00000, comp    =  44.60000, taup    =   1.00000

SHAKE:
     ntc     =       2, jfastw  =       0
     tol     =   0.00001

| Intermolecular bonds treatment:
|     no_intermolecular_bonds =       1

| Energy averages sample interval:
|     ene_avg_sampling =      20

Ewald parameters:
     verbose =       0, ew_type =       0, nbflag  =       1, use_pme =       1
     vdwmeth =       1, eedmeth =       1, netfrc  =       1
     Box X =   68.705   Box Y =   67.010   Box Z =   80.400
     Alpha =   90.000   Beta  =   90.000   Gamma =   90.000
     NFFT1 =   72       NFFT2 =   72       NFFT3 =   81
     Cutoff=    8.000   Tol   =0.100E-04
     Ewald Coefficient =  0.34864
     Interpolation order =    4

| PMEMD ewald parallel performance parameters:
|     block_fft =    1
|     fft_blk_y_divisor =    4
|     excl_recip =    0
|     excl_master =    0
|     atm_redist_freq =  320

    LOADING THE CONSTRAINED ATOMS AS GROUPS


   5.  REFERENCE ATOM COORDINATES

  default_name                                                                    
     Mask :1-218; matches  2325 atoms

--------------------------------------------------------------------------------
   3.  ATOMIC COORDINATES AND VELOCITIES
--------------------------------------------------------------------------------

default_name                                                                    
 begin time read from input coords =     2.000 ps

 
 Number of triangulated 3-point waters found:     9045

     Sum of charges from parm topology file =  -0.00000208
     Forcing neutrality...

| Dynamic Memory, Types Used:
| Reals             1738676
| Integers          1176944

| Nonbonded Pairs Initial Allocation:      158540

| Running AMBER/MPI version on   84 MPI task

 
--------------------------------------------------------------------------------
   4.  RESULTS
--------------------------------------------------------------------------------

 ---------------------------------------------------
 APPROXIMATING switch and d/dx switch using CUBIC SPLINE INTERPOLATION
 using   5000.0 points per unit in tabled values
 TESTING RELATIVE ERROR over r ranging from 0.0 to cutoff
| CHECK switch(x): max rel err =   0.3316E-14   at   2.351880
| CHECK d/dx switch(x): max rel err =   0.8336E-11   at   2.782960
 ---------------------------------------------------
|---------------------------------------------------
| APPROXIMATING direct energy using CUBIC SPLINE INTERPOLATION
|  with   50.0 points per unit in tabled values
| Relative Error Limit not exceeded for r .gt.   2.47
| APPROXIMATING direct force using CUBIC SPLINE INTERPOLATION
|  with   50.0 points per unit in tabled values
| Relative Error Limit not exceeded for r .gt.   2.89
|---------------------------------------------------

 NSTEP =       20   TIME(PS) =       2.040  TEMP(K) =    35.49  PRESS =   199.7
 Etot   =   -107311.8735  EKtot   =      2096.3682  EPtot      =   -109408.2417
 BOND   =        89.9256  ANGLE   =       354.7954  DIHED      =      1455.1527
 1-4 NB =       380.6055  1-4 EEL =      5391.3676  VDWAALS    =     21390.0370
 EELEC  =   -138502.4665  EHBOND  =         0.0000  RESTRAINT  =        32.3410
 EAMBER (non-restraint)  =   -109440.5827
 EKCMT  =      1099.6240  VIRIAL  =      -495.8681  VOLUME     =    370094.3500
                                                    Density    =         0.7979
 Ewald error estimate:   0.3085E-03
 ------------------------------------------------------------------------------


 NSTEP =       40   TIME(PS) =       2.080  TEMP(K) =    55.50  PRESS =   480.8
 Etot   =   -104885.9722  EKtot   =      3278.0349  EPtot      =   -108164.0071
 BOND   =       123.7292  ANGLE   =       413.1539  DIHED      =      1463.7073
 1-4 NB =       382.4035  1-4 EEL =      5390.6953  VDWAALS    =     21248.9873
 EELEC  =   -137234.6165  EHBOND  =         0.0000  RESTRAINT  =        47.9330
 EAMBER (non-restraint)  =   -108211.9401
 EKCMT  =      1639.3123  VIRIAL  =     -2205.6218  VOLUME     =    370343.7530
                                                    Density    =         0.7974
 Ewald error estimate:   0.3355E-03
 ------------------------------------------------------------------------------


 NSTEP =       60   TIME(PS) =       2.120  TEMP(K) =    73.00  PRESS =   459.8
 Etot   =   -102646.6601  EKtot   =      4311.4978  EPtot      =   -106958.1579
 BOND   =       124.1374  ANGLE   =       449.0290  DIHED      =      1476.5042
 1-4 NB =       397.5461  1-4 EEL =      5406.4947  VDWAALS    =     20700.6444
 EELEC  =   -135579.7388  EHBOND  =         0.0000  RESTRAINT  =        67.2251
 EAMBER (non-restraint)  =   -107025.3830
 EKCMT  =      2065.9151  VIRIAL  =     -1614.0483  VOLUME     =    370663.2392
                                                    Density    =         0.7967
 Ewald error estimate:   0.3097E-03
 ------------------------------------------------------------------------------


 NSTEP =       80   TIME(PS) =       2.160  TEMP(K) =    89.16  PRESS =   332.6
 Etot   =   -100577.9912  EKtot   =      5266.0968  EPtot      =   -105844.0880
 BOND   =       159.3644  ANGLE   =       488.9484  DIHED      =      1487.3960
 1-4 NB =       389.1543  1-4 EEL =      5402.3855  VDWAALS    =     20092.8207
 EELEC  =   -133946.2910  EHBOND  =         0.0000  RESTRAINT  =        82.1336
 EAMBER (non-restraint)  =   -105926.2216
 EKCMT  =      2502.1822  VIRIAL  =      -161.4039  VOLUME     =    370923.8461
                                                    Density    =         0.7961
 Ewald error estimate:   0.2601E-03
 ------------------------------------------------------------------------------


 NSTEP =      100   TIME(PS) =       2.200  TEMP(K) =   103.48  PRESS =   388.5
 Etot   =    -98624.5957  EKtot   =      6111.6835  EPtot      =   -104736.2792
 BOND   =       173.9056  ANGLE   =       544.9504  DIHED      =      1502.2589
 1-4 NB =       391.5626  1-4 EEL =      5380.5056  VDWAALS    =     19554.6617
 EELEC  =   -132379.0772  EHBOND  =         0.0000  RESTRAINT  =        94.9532
 EAMBER (non-restraint)  =   -104831.2324
 EKCMT  =      2851.0489  VIRIAL  =      -262.0901  VOLUME     =    371152.8878
                                                    Density    =         0.7956
 Ewald error estimate:   0.2920E-03
 ------------------------------------------------------------------------------


 NSTEP =      120   TIME(PS) =       2.240  TEMP(K) =   117.45  PRESS =   356.5
 Etot   =    -96876.7956  EKtot   =      6936.9385  EPtot      =   -103813.7341
 BOND   =       179.4099  ANGLE   =       576.5298  DIHED      =      1504.0676
 1-4 NB =       396.4446  1-4 EEL =      5400.6519  VDWAALS    =     19129.1301
 EELEC  =   -131100.5420  EHBOND  =         0.0000  RESTRAINT  =       100.5741
 EAMBER (non-restraint)  =   -103914.3082
 EKCMT  =      3260.8998  VIRIAL  =       402.5243  VOLUME     =    371371.9503
                                                    Density    =         0.7952
 Ewald error estimate:   0.2561E-03
 ------------------------------------------------------------------------------


 NSTEP =      140   TIME(PS) =       2.280  TEMP(K) =   129.83  PRESS =   350.5
 Etot   =    -95218.3866  EKtot   =      7668.1219  EPtot      =   -102886.5085
 BOND   =       215.7112  ANGLE   =       607.9444  DIHED      =      1523.3857
 1-4 NB =       393.1183  1-4 EEL =      5375.7262  VDWAALS    =     18823.8828
 EELEC  =   -129937.1484  EHBOND  =         0.0000  RESTRAINT  =       110.8713
 EAMBER (non-restraint)  =   -102997.3797
 EKCMT  =      3573.2278  VIRIAL  =       760.6850  VOLUME     =    371601.2357
                                                    Density    =         0.7947
 Ewald error estimate:   0.2495E-03
 ------------------------------------------------------------------------------


 NSTEP =      160   TIME(PS) =       2.320  TEMP(K) =   141.99  PRESS =   329.1
 Etot   =    -93655.4900  EKtot   =      8386.6611  EPtot      =   -102042.1511
 BOND   =       217.3964  ANGLE   =       648.9204  DIHED      =      1522.2793
 1-4 NB =       401.9502  1-4 EEL =      5394.6579  VDWAALS    =     18424.9516
 EELEC  =   -128780.6846  EHBOND  =         0.0000  RESTRAINT  =       128.3777
 EAMBER (non-restraint)  =   -102170.5288
 EKCMT  =      3874.1876  VIRIAL  =      1232.0412  VOLUME     =    371830.6585
                                                    Density    =         0.7942
 Ewald error estimate:   0.2054E-03
 ------------------------------------------------------------------------------


 NSTEP =      180   TIME(PS) =       2.360  TEMP(K) =   153.69  PRESS =   260.5
 Etot   =    -92203.2426  EKtot   =      9077.6851  EPtot      =   -101280.9277
 BOND   =       225.1576  ANGLE   =       664.3763  DIHED      =      1518.9716
 1-4 NB =       418.8655  1-4 EEL =      5416.9996  VDWAALS    =     17959.6608
 EELEC  =   -127626.9826  EHBOND  =         0.0000  RESTRAINT  =       142.0235
 EAMBER (non-restraint)  =   -101422.9512
 EKCMT  =      4181.0399  VIRIAL  =      2088.6534  VOLUME     =    372008.6147
                                                    Density    =         0.7938
 Ewald error estimate:   0.2449E-03
 ------------------------------------------------------------------------------


 NSTEP =      200   TIME(PS) =       2.400  TEMP(K) =   164.40  PRESS =   277.0
 Etot   =    -90879.6099  EKtot   =      9710.4515  EPtot      =   -100590.0614
 BOND   =       237.5509  ANGLE   =       680.0462  DIHED      =      1547.9506
 1-4 NB =       412.4244  1-4 EEL =      5379.4269  VDWAALS    =     17704.3091
 EELEC  =   -126693.1038  EHBOND  =         0.0000  RESTRAINT  =       141.3343
 EAMBER (non-restraint)  =   -100731.3957
 EKCMT  =      4422.7677  VIRIAL  =      2196.4916  VOLUME     =    372188.8723
                                                    Density    =         0.7934
 Ewald error estimate:   0.1698E-03
 ------------------------------------------------------------------------------


 NSTEP =      220   TIME(PS) =       2.440  TEMP(K) =   173.33  PRESS =   270.2
 Etot   =    -89643.1206  EKtot   =     10237.8606  EPtot      =    -99880.9812
 BOND   =       250.8151  ANGLE   =       742.0566  DIHED      =      1559.6759
 1-4 NB =       404.9426  1-4 EEL =      5390.2438  VDWAALS    =     17432.4694
 EELEC  =   -125819.9463  EHBOND  =         0.0000  RESTRAINT  =       158.7617
 EAMBER (non-restraint)  =   -100039.7429
 EKCMT  =      4648.5412  VIRIAL  =      2476.1380  VOLUME     =    372378.7245
                                                    Density    =         0.7930
 Ewald error estimate:   0.2340E-03
 ------------------------------------------------------------------------------


 NSTEP =      240   TIME(PS) =       2.480  TEMP(K) =   181.99  PRESS =   115.6
 Etot   =    -88578.6581  EKtot   =     10749.3731  EPtot      =    -99328.0312
 BOND   =       271.0168  ANGLE   =       753.3006  DIHED      =      1534.0856
 1-4 NB =       399.5478  1-4 EEL =      5395.9580  VDWAALS    =     16980.5045
 EELEC  =   -124820.0291  EHBOND  =         0.0000  RESTRAINT  =       157.5847
 EAMBER (non-restraint)  =    -99485.6159
 EKCMT  =      4824.8764  VIRIAL  =      3895.3411  VOLUME     =    372525.0416
                                                    Density    =         0.7927
 Ewald error estimate:   0.1988E-03
 ------------------------------------------------------------------------------


 NSTEP =      260   TIME(PS) =       2.520  TEMP(K) =   187.96  PRESS =    98.5
 Etot   =    -87518.9458  EKtot   =     11101.4684  EPtot      =    -98620.4142
 BOND   =       266.9557  ANGLE   =       770.7882  DIHED      =      1552.6323
 1-4 NB =       413.3155  1-4 EEL =      5395.3344  VDWAALS    =     16737.0403
 EELEC  =   -123930.8973  EHBOND  =         0.0000  RESTRAINT  =       174.4166
 EAMBER (non-restraint)  =    -98794.8309
 EKCMT  =      5046.0618  VIRIAL  =      4254.0087  VOLUME     =    372599.1665
                                                    Density    =         0.7926
 Ewald error estimate:   0.1953E-03
 ------------------------------------------------------------------------------


 NSTEP =      280   TIME(PS) =       2.560  TEMP(K) =   195.16  PRESS =   201.6
 Etot   =    -86564.7096  EKtot   =     11526.9337  EPtot      =    -98091.6434
 BOND   =       277.3011  ANGLE   =       810.4111  DIHED      =      1545.6381
 1-4 NB =       420.2758  1-4 EEL =      5411.3714  VDWAALS    =     16648.1780
 EELEC  =   -123380.5054  EHBOND  =         0.0000  RESTRAINT  =       175.6865
 EAMBER (non-restraint)  =    -98267.3298
 EKCMT  =      5247.3446  VIRIAL  =      3625.0038  VOLUME     =    372701.6171
                                                    Density    =         0.7923
 Ewald error estimate:   0.1833E-03
 ------------------------------------------------------------------------------


 NSTEP =      300   TIME(PS) =       2.600  TEMP(K) =   201.53  PRESS =   235.0
 Etot   =    -85666.6198  EKtot   =     11903.4992  EPtot      =    -97570.1190
 BOND   =       277.3127  ANGLE   =       825.9193  DIHED      =      1570.3506
 1-4 NB =       415.2274  1-4 EEL =      5409.1084  VDWAALS    =     16482.8509
 EELEC  =   -122734.3858  EHBOND  =         0.0000  RESTRAINT  =       183.4976
 EAMBER (non-restraint)  =    -97753.6166
 EKCMT  =      5413.6738  VIRIAL  =      3521.7166  VOLUME     =    372869.8105
                                                    Density    =         0.7920
 Ewald error estimate:   0.1938E-03
 ------------------------------------------------------------------------------


 NSTEP =      320   TIME(PS) =       2.640  TEMP(K) =   209.32  PRESS =    14.0
 Etot   =    -84698.7457  EKtot   =     12363.3861  EPtot      =    -97062.1319
 BOND   =       297.0628  ANGLE   =       830.3839  DIHED      =      1560.4763
 1-4 NB =       403.7176  1-4 EEL =      5368.6456  VDWAALS    =     16055.0053
 EELEC  =   -121770.6013  EHBOND  =         0.0000  RESTRAINT  =       193.1781
 EAMBER (non-restraint)  =    -97255.3099
 EKCMT  =      5625.1630  VIRIAL  =      5512.3993  VOLUME     =    372958.9763
                                                    Density    =         0.7918
 Ewald error estimate:   0.1541E-03
 ------------------------------------------------------------------------------


 NSTEP =      340   TIME(PS) =       2.680  TEMP(K) =   214.79  PRESS =    28.4
 Etot   =    -83811.7651  EKtot   =     12686.4760  EPtot      =    -96498.2410
 BOND   =       280.8060  ANGLE   =       878.8268  DIHED      =      1561.4569
 1-4 NB =       417.5707  1-4 EEL =      5377.9645  VDWAALS    =     15805.0434
 EELEC  =   -121011.6556  EHBOND  =         0.0000  RESTRAINT  =       191.7463
 EAMBER (non-restraint)  =    -96689.9873
 EKCMT  =      5781.0235  VIRIAL  =      5552.6465  VOLUME     =    372956.6173
                                                    Density    =         0.7918
 Ewald error estimate:   0.1359E-03
 ------------------------------------------------------------------------------


 NSTEP =      360   TIME(PS) =       2.720  TEMP(K) =   221.91  PRESS =     3.8
 Etot   =    -82946.5766  EKtot   =     13107.2216  EPtot      =    -96053.7982
 BOND   =       309.1427  ANGLE   =       875.3453  DIHED      =      1594.8644
 1-4 NB =       403.2194  1-4 EEL =      5382.9507  VDWAALS    =     15601.6471
 EELEC  =   -120419.8978  EHBOND  =         0.0000  RESTRAINT  =       198.9300
 EAMBER (non-restraint)  =    -96252.7282
 EKCMT  =      5958.0396  VIRIAL  =      5927.3206  VOLUME     =    372963.9043
                                                    Density    =         0.7918
 Ewald error estimate:   0.1838E-03
 ------------------------------------------------------------------------------


 NSTEP =      380   TIME(PS) =       2.760  TEMP(K) =   225.91  PRESS =    28.1
 Etot   =    -82175.4829  EKtot   =     13342.9383  EPtot      =    -95518.4211
 BOND   =       318.1324  ANGLE   =       911.7422  DIHED      =      1570.3716
 1-4 NB =       414.1936  1-4 EEL =      5364.5035  VDWAALS    =     15363.4684
 EELEC  =   -119666.5826  EHBOND  =         0.0000  RESTRAINT  =       205.7497
 EAMBER (non-restraint)  =    -95724.1708
 EKCMT  =      6072.9250  VIRIAL  =      5846.4750  VOLUME     =    372990.0752
                                                    Density    =         0.7917
 Ewald error estimate:   0.5296E-04
 ------------------------------------------------------------------------------


 NSTEP =      400   TIME(PS) =       2.800  TEMP(K) =   231.15  PRESS =    87.9
 Etot   =    -81437.2118  EKtot   =     13652.5741  EPtot      =    -95089.7859
 BOND   =       304.5538  ANGLE   =       927.4941  DIHED      =      1577.5261
 1-4 NB =       420.6521  1-4 EEL =      5406.6165  VDWAALS    =     15256.8932
 EELEC  =   -119195.2054  EHBOND  =         0.0000  RESTRAINT  =       211.6836
 EAMBER (non-restraint)  =    -95301.4695
 EKCMT  =      6198.8967  VIRIAL  =      5490.6082  VOLUME     =    373019.7419
                                                    Density    =         0.7917
 Ewald error estimate:   0.1377E-03
 ------------------------------------------------------------------------------


 NSTEP =      420   TIME(PS) =       2.840  TEMP(K) =   234.81  PRESS =    18.4
 Etot   =    -80759.7090  EKtot   =     13868.7062  EPtot      =    -94628.4153
 BOND   =       319.3838  ANGLE   =       880.9789  DIHED      =      1592.4462
 1-4 NB =       417.1702  1-4 EEL =      5371.8626  VDWAALS    =     15103.8828
 EELEC  =   -118530.5527  EHBOND  =         0.0000  RESTRAINT  =       216.4129
 EAMBER (non-restraint)  =    -94844.8282
 EKCMT  =      6276.4400  VIRIAL  =      6128.2469  VOLUME     =    373092.9917
                                                    Density    =         0.7915
 Ewald error estimate:   0.7494E-04
 ------------------------------------------------------------------------------


 NSTEP =      440   TIME(PS) =       2.880  TEMP(K) =   238.05  PRESS =   -54.8
 Etot   =    -80091.9941  EKtot   =     14060.1485  EPtot      =    -94152.1425
 BOND   =       343.0474  ANGLE   =       904.9890  DIHED      =      1578.0663
 1-4 NB =       426.2552  1-4 EEL =      5383.2498  VDWAALS    =     14846.4084
 EELEC  =   -117854.8781  EHBOND  =         0.0000  RESTRAINT  =       220.7194
 EAMBER (non-restraint)  =    -94372.8620
 EKCMT  =      6427.8658  VIRIAL  =      6869.3573  VOLUME     =    373078.3979
                                                    Density    =         0.7915
 Ewald error estimate:   0.1210E-04
 ------------------------------------------------------------------------------


 NSTEP =      460   TIME(PS) =       2.920  TEMP(K) =   242.59  PRESS =   -49.4
 Etot   =    -79509.0223  EKtot   =     14328.4331  EPtot      =    -93837.4554
 BOND   =       340.4678  ANGLE   =       915.7109  DIHED      =      1581.6812
 1-4 NB =       419.4165  1-4 EEL =      5387.1519  VDWAALS    =     14617.3966
 EELEC  =   -117313.1101  EHBOND  =         0.0000  RESTRAINT  =       213.8299
 EAMBER (non-restraint)  =    -94051.2852
 EKCMT  =      6515.7735  VIRIAL  =      6913.5677  VOLUME     =    373013.4092
                                                    Density    =         0.7917
 Ewald error estimate:   0.8682E-05
 ------------------------------------------------------------------------------


 NSTEP =      480   TIME(PS) =       2.960  TEMP(K) =   248.16  PRESS =   -53.1
 Etot   =    -78922.9348  EKtot   =     14657.5133  EPtot      =    -93580.4481
 BOND   =       334.4885  ANGLE   =       951.0665  DIHED      =      1608.9021
 1-4 NB =       407.3968  1-4 EEL =      5318.4629  VDWAALS    =     14431.8726
 EELEC  =   -116854.9011  EHBOND  =         0.0000  RESTRAINT  =       222.2637
 EAMBER (non-restraint)  =    -93802.7118
 EKCMT  =      6648.3274  VIRIAL  =      7075.5803  VOLUME     =    372978.7927
                                                    Density    =         0.7917
 Ewald error estimate:   0.5728E-04
 ------------------------------------------------------------------------------


 NSTEP =      500   TIME(PS) =       3.000  TEMP(K) =   251.33  PRESS =   -97.7
 Etot   =    -78444.1475  EKtot   =     14844.5558  EPtot      =    -93288.7033
 BOND   =       327.2319  ANGLE   =       930.8556  DIHED      =      1586.5163
 1-4 NB =       426.2007  1-4 EEL =      5383.3976  VDWAALS    =     14494.4950
 EELEC  =   -116662.6058  EHBOND  =         0.0000  RESTRAINT  =       225.2052
 EAMBER (non-restraint)  =    -93513.9086
 EKCMT  =      6677.5095  VIRIAL  =      7464.1819  VOLUME     =    372963.5130
                                                    Density    =         0.7918
 Ewald error estimate:   0.1882E-04
 ------------------------------------------------------------------------------


 NSTEP =      520   TIME(PS) =       3.040  TEMP(K) =   254.83  PRESS =    51.4
 Etot   =    -77911.1266  EKtot   =     15051.2300  EPtot      =    -92962.3566
 BOND   =       325.0284  ANGLE   =       919.4806  DIHED      =      1607.1427
 1-4 NB =       424.3121  1-4 EEL =      5421.2423  VDWAALS    =     14437.7379
 EELEC  =   -116327.4902  EHBOND  =         0.0000  RESTRAINT  =       230.1897
 EAMBER (non-restraint)  =    -93192.5463
 EKCMT  =      6822.2138  VIRIAL  =      6408.6567  VOLUME     =    372930.6087
                                                    Density    =         0.7918
 Ewald error estimate:   0.8664E-04
 ------------------------------------------------------------------------------


 NSTEP =      540   TIME(PS) =       3.080  TEMP(K) =   255.12  PRESS =    63.4
 Etot   =    -77447.2110  EKtot   =     15068.5561  EPtot      =    -92515.7671
 BOND   =       373.5453  ANGLE   =       963.8499  DIHED      =      1633.0528
 1-4 NB =       414.9448  1-4 EEL =      5384.7742  VDWAALS    =     14290.0304
 EELEC  =   -115809.7333  EHBOND  =         0.0000  RESTRAINT  =       233.7688
 EAMBER (non-restraint)  =    -92749.5360
 EKCMT  =      6897.7200  VIRIAL  =      6386.9724  VOLUME     =    372965.0682
                                                    Density    =         0.7918
 Ewald error estimate:   0.1261E-03
 ------------------------------------------------------------------------------


 NSTEP =      560   TIME(PS) =       3.120  TEMP(K) =   259.54  PRESS =  -103.3
 Etot   =    -77014.5329  EKtot   =     15329.7935  EPtot      =    -92344.3263
 BOND   =       357.3084  ANGLE   =       905.7055  DIHED      =      1614.9747
 1-4 NB =       417.3486  1-4 EEL =      5408.6255  VDWAALS    =     14007.5631
 EELEC  =   -115286.3835  EHBOND  =         0.0000  RESTRAINT  =       230.5313
 EAMBER (non-restraint)  =    -92574.8577
 EKCMT  =      7010.3842  VIRIAL  =      7842.2851  VOLUME     =    372922.3741
                                                    Density    =         0.7919
 Ewald error estimate:   0.9528E-04
 ------------------------------------------------------------------------------


 NSTEP =      580   TIME(PS) =       3.160  TEMP(K) =   259.99  PRESS =   -27.9
 Etot   =    -76601.2417  EKtot   =     15355.8603  EPtot      =    -91957.1019
 BOND   =       355.9077  ANGLE   =       939.2306  DIHED      =      1592.2699
 1-4 NB =       433.2554  1-4 EEL =      5409.2875  VDWAALS    =     14034.2576
 EELEC  =   -114970.4577  EHBOND  =         0.0000  RESTRAINT  =       249.1471
 EAMBER (non-restraint)  =    -92206.2491
 EKCMT  =      6965.3210  VIRIAL  =      7189.7174  VOLUME     =    372836.0719
                                                    Density    =         0.7920
 Ewald error estimate:   0.8632E-04
 ------------------------------------------------------------------------------


 NSTEP =      600   TIME(PS) =       3.200  TEMP(K) =   260.79  PRESS =   -43.9
 Etot   =    -76424.9999  EKtot   =     15403.5892  EPtot      =    -91828.5891
 BOND   =       335.7166  ANGLE   =       942.0050  DIHED      =      1586.2947
 1-4 NB =       417.5684  1-4 EEL =      5409.7153  VDWAALS    =     13852.0569
 EELEC  =   -114626.9465  EHBOND  =         0.0000  RESTRAINT  =       255.0005
 EAMBER (non-restraint)  =    -92083.5896
 EKCMT  =      7014.7028  VIRIAL  =      7367.9177  VOLUME     =    372825.1222
                                                    Density    =         0.7921
 Ewald error estimate:   0.1088E-03
 ------------------------------------------------------------------------------


 NSTEP =      620   TIME(PS) =       3.240  TEMP(K) =   262.87  PRESS =  -130.8
 Etot   =    -76082.0923  EKtot   =     15526.4385  EPtot      =    -91608.5309
 BOND   =       357.3733  ANGLE   =       965.2649  DIHED      =      1609.0829
 1-4 NB =       418.7371  1-4 EEL =      5389.8551  VDWAALS    =     13722.8752
 EELEC  =   -114331.6522  EHBOND  =         0.0000  RESTRAINT  =       259.9329
 EAMBER (non-restraint)  =    -91868.4638
 EKCMT  =      7086.9595  VIRIAL  =      8139.8966  VOLUME     =    372749.8631
                                                    Density    =         0.7922
 Ewald error estimate:   0.1162E-04
 ------------------------------------------------------------------------------


 NSTEP =      640   TIME(PS) =       3.280  TEMP(K) =   265.93  PRESS =  -183.4
 Etot   =    -75808.4048  EKtot   =     15706.8515  EPtot      =    -91515.2563
 BOND   =       348.4630  ANGLE   =       964.6755  DIHED      =      1612.0708
 1-4 NB =       423.3382  1-4 EEL =      5375.3553  VDWAALS    =     13572.3900
 EELEC  =   -114064.4907  EHBOND  =         0.0000  RESTRAINT  =       252.9416
 EAMBER (non-restraint)  =    -91768.1979
 EKCMT  =      7124.1178  VIRIAL  =      8600.0131  VOLUME     =    372621.5012
                                                    Density    =         0.7925
 Ewald error estimate:   0.6144E-04
 ------------------------------------------------------------------------------


 NSTEP =      660   TIME(PS) =       3.320  TEMP(K) =   266.60  PRESS =  -217.1
 Etot   =    -75452.2230  EKtot   =     15746.4201  EPtot      =    -91198.6431
 BOND   =       345.0351  ANGLE   =       975.3813  DIHED      =      1583.9290
 1-4 NB =       424.2703  1-4 EEL =      5429.3816  VDWAALS    =     13408.2255
 EELEC  =   -113603.9497  EHBOND  =         0.0000  RESTRAINT  =       239.0838
 EAMBER (non-restraint)  =    -91437.7269
 EKCMT  =      7150.3812  VIRIAL  =      8896.4643  VOLUME     =    372487.5284
                                                    Density    =         0.7928
 Ewald error estimate:   0.6761E-04
 ------------------------------------------------------------------------------


 NSTEP =      680   TIME(PS) =       3.360  TEMP(K) =   269.33  PRESS =  -272.4
 Etot   =    -75150.8458  EKtot   =     15907.5151  EPtot      =    -91058.3609
 BOND   =       349.4372  ANGLE   =       960.0798  DIHED      =      1600.7691
 1-4 NB =       424.3877  1-4 EEL =      5376.5519  VDWAALS    =     13297.8228
 EELEC  =   -113289.7021  EHBOND  =         0.0000  RESTRAINT  =       222.2929
 EAMBER (non-restraint)  =    -91280.6537
 EKCMT  =      7280.3613  VIRIAL  =      9470.1990  VOLUME     =    372305.2838
                                                    Density    =         0.7932
 Ewald error estimate:   0.6052E-05
 ------------------------------------------------------------------------------


 NSTEP =      700   TIME(PS) =       3.400  TEMP(K) =   271.34  PRESS =  -129.9
 Etot   =    -74882.1866  EKtot   =     16026.6942  EPtot      =    -90908.8808
 BOND   =       392.5584  ANGLE   =      1003.1829  DIHED      =      1590.5459
 1-4 NB =       414.8892  1-4 EEL =      5372.3768  VDWAALS    =     13376.5849
 EELEC  =   -113311.7281  EHBOND  =         0.0000  RESTRAINT  =       252.7092
 EAMBER (non-restraint)  =    -91161.5900
 EKCMT  =      7358.6182  VIRIAL  =      8402.2583  VOLUME     =    372173.8326
                                                    Density    =         0.7935
 Ewald error estimate:   0.8041E-04
 ------------------------------------------------------------------------------


 NSTEP =      720   TIME(PS) =       3.440  TEMP(K) =   272.59  PRESS =  -256.5
 Etot   =    -74570.3024  EKtot   =     16100.5647  EPtot      =    -90670.8671
 BOND   =       373.1001  ANGLE   =      1015.4529  DIHED      =      1588.4443
 1-4 NB =       419.1220  1-4 EEL =      5383.7884  VDWAALS    =     13267.5736
 EELEC  =   -112984.4931  EHBOND  =         0.0000  RESTRAINT  =       266.1447
 EAMBER (non-restraint)  =    -90937.0118
 EKCMT  =      7364.3089  VIRIAL  =      9424.7832  VOLUME     =    372058.0594
                                                    Density    =         0.7937
 Ewald error estimate:   0.1525E-05
 ------------------------------------------------------------------------------


 NSTEP =      740   TIME(PS) =       3.480  TEMP(K) =   272.57  PRESS =  -360.4
 Etot   =    -74370.9438  EKtot   =     16099.2518  EPtot      =    -90470.1956
 BOND   =       360.6770  ANGLE   =       993.5500  DIHED      =      1604.6443
 1-4 NB =       423.7729  1-4 EEL =      5365.2715  VDWAALS    =     13084.2027
 EELEC  =   -112566.2352  EHBOND  =         0.0000  RESTRAINT  =       263.9212
 EAMBER (non-restraint)  =    -90734.1169
 EKCMT  =      7293.5014  VIRIAL  =     10187.1545  VOLUME     =    371878.4818
                                                    Density    =         0.7941
 Ewald error estimate:   0.3268E-04
 ------------------------------------------------------------------------------


 NSTEP =      760   TIME(PS) =       3.520  TEMP(K) =   273.36  PRESS =  -208.5
 Etot   =    -74102.8466  EKtot   =     16145.5854  EPtot      =    -90248.4320
 BOND   =       359.5687  ANGLE   =       978.6200  DIHED      =      1600.2204
 1-4 NB =       425.4582  1-4 EEL =      5375.9180  VDWAALS    =     13032.0133
 EELEC  =   -112273.7336  EHBOND  =         0.0000  RESTRAINT  =       253.5030
 EAMBER (non-restraint)  =    -90501.9350
 EKCMT  =      7361.0822  VIRIAL  =      9034.2459  VOLUME     =    371680.4174
                                                    Density    =         0.7945
 Ewald error estimate:   0.2900E-04
 ------------------------------------------------------------------------------


 NSTEP =      780   TIME(PS) =       3.560  TEMP(K) =   274.87  PRESS =  -233.5
 Etot   =    -73793.7413  EKtot   =     16234.7801  EPtot      =    -90028.5215
 BOND   =       363.0787  ANGLE   =      1003.4287  DIHED      =      1595.8282
 1-4 NB =       416.3003  1-4 EEL =      5369.0213  VDWAALS    =     13059.8667
 EELEC  =   -112092.7532  EHBOND  =         0.0000  RESTRAINT  =       256.7077
 EAMBER (non-restraint)  =    -90285.2292
 EKCMT  =      7341.7785  VIRIAL  =      9214.6634  VOLUME     =    371508.6341
                                                    Density    =         0.7949
 Ewald error estimate:   0.1216E-04
 ------------------------------------------------------------------------------


 NSTEP =      800   TIME(PS) =       3.600  TEMP(K) =   277.33  PRESS =  -218.4
 Etot   =    -73548.0566  EKtot   =     16380.2760  EPtot      =    -89928.3326
 BOND   =       377.0301  ANGLE   =      1018.7706  DIHED      =      1588.9465
 1-4 NB =       411.2381  1-4 EEL =      5350.1914  VDWAALS    =     12959.2793
 EELEC  =   -111897.6520  EHBOND  =         0.0000  RESTRAINT  =       263.8635
 EAMBER (non-restraint)  =    -90192.1961
 EKCMT  =      7397.1059  VIRIAL  =      9148.5828  VOLUME     =    371350.2499
                                                    Density    =         0.7952
 Ewald error estimate:   0.3591E-04
 ------------------------------------------------------------------------------


 NSTEP =      820   TIME(PS) =       3.640  TEMP(K) =   279.36  PRESS =  -229.1
 Etot   =    -73375.9717  EKtot   =     16500.4977  EPtot      =    -89876.4694
 BOND   =       363.1204  ANGLE   =       973.6701  DIHED      =      1588.9279
 1-4 NB =       424.3139  1-4 EEL =      5374.2023  VDWAALS    =     12747.3673
 EELEC  =   -111610.0612  EHBOND  =         0.0000  RESTRAINT  =       261.9898
 EAMBER (non-restraint)  =    -90138.4592
 EKCMT  =      7546.4502  VIRIAL  =      9382.4446  VOLUME     =    371220.8715
                                                    Density    =         0.7955
 Ewald error estimate:   0.4700E-05
 ------------------------------------------------------------------------------


 NSTEP =      840   TIME(PS) =       3.680  TEMP(K) =   279.98  PRESS =  -155.4
 Etot   =    -73164.7500  EKtot   =     16536.6076  EPtot      =    -89701.3577
 BOND   =       373.5500  ANGLE   =       998.9922  DIHED      =      1609.7184
 1-4 NB =       436.6085  1-4 EEL =      5413.5776  VDWAALS    =     12847.9477
 EELEC  =   -111646.3962  EHBOND  =         0.0000  RESTRAINT  =       264.6440
 EAMBER (non-restraint)  =    -89966.0017
 EKCMT  =      7559.0495  VIRIAL  =      8804.5416  VOLUME     =    371086.8948
                                                    Density    =         0.7958
 Ewald error estimate:   0.1038E-03
 ------------------------------------------------------------------------------


 NSTEP =      860   TIME(PS) =       3.720  TEMP(K) =   279.73  PRESS =  -153.6
 Etot   =    -73000.3329  EKtot   =     16521.8401  EPtot      =    -89522.1730
 BOND   =       350.9886  ANGLE   =       998.1332  DIHED      =      1626.7523
 1-4 NB =       427.2249  1-4 EEL =      5367.3273  VDWAALS    =     13005.0866
 EELEC  =   -111540.8722  EHBOND  =         0.0000  RESTRAINT  =       243.1864
 EAMBER (non-restraint)  =    -89765.3594
 EKCMT  =      7466.0491  VIRIAL  =      8696.5620  VOLUME     =    370960.3671
                                                    Density    =         0.7961
 Ewald error estimate:   0.3393E-04
 ------------------------------------------------------------------------------


 NSTEP =      880   TIME(PS) =       3.760  TEMP(K) =   280.79  PRESS =  -201.6
 Etot   =    -72817.2580  EKtot   =     16584.8683  EPtot      =    -89402.1263
 BOND   =       375.3345  ANGLE   =      1021.3729  DIHED      =      1613.1813
 1-4 NB =       418.6760  1-4 EEL =      5375.5888  VDWAALS    =     12768.1784
 EELEC  =   -111216.0172  EHBOND  =         0.0000  RESTRAINT  =       241.5590
 EAMBER (non-restraint)  =    -89643.6853
 EKCMT  =      7544.0871  VIRIAL  =      9158.2016  VOLUME     =    370839.0392
                                                    Density    =         0.7963
 Ewald error estimate:   0.4631E-04
 ------------------------------------------------------------------------------


 NSTEP =      900   TIME(PS) =       3.800  TEMP(K) =   283.87  PRESS =  -342.5
 Etot   =    -72650.2711  EKtot   =     16766.4000  EPtot      =    -89416.6711
 BOND   =       385.2685  ANGLE   =      1020.7842  DIHED      =      1598.7076
 1-4 NB =       421.2797  1-4 EEL =      5375.0892  VDWAALS    =     12538.6003
 EELEC  =   -111008.1772  EHBOND  =         0.0000  RESTRAINT  =       251.7766
 EAMBER (non-restraint)  =    -89668.4478
 EKCMT  =      7626.8664  VIRIAL  =     10368.0076  VOLUME     =    370691.3184
                                                    Density    =         0.7966
 Ewald error estimate:   0.4578E-04
 ------------------------------------------------------------------------------


 NSTEP =      920   TIME(PS) =       3.840  TEMP(K) =   283.87  PRESS =  -172.3
 Etot   =    -72546.5931  EKtot   =     16766.7874  EPtot      =    -89313.3805
 BOND   =       361.5490  ANGLE   =       993.9916  DIHED      =      1618.2955
 1-4 NB =       429.4276  1-4 EEL =      5362.1141  VDWAALS    =     12796.7910
 EELEC  =   -111131.5486  EHBOND  =         0.0000  RESTRAINT  =       255.9992
 EAMBER (non-restraint)  =    -89569.3797
 EKCMT  =      7609.2462  VIRIAL  =      8987.5064  VOLUME     =    370486.8625
                                                    Density    =         0.7971
 Ewald error estimate:   0.1001E-03
 ------------------------------------------------------------------------------


 NSTEP =      940   TIME(PS) =       3.880  TEMP(K) =   285.33  PRESS =  -193.7
 Etot   =    -72328.9982  EKtot   =     16853.0987  EPtot      =    -89182.0969
 BOND   =       352.1937  ANGLE   =      1037.5319  DIHED      =      1587.3055
 1-4 NB =       442.8223  1-4 EEL =      5390.3147  VDWAALS    =     12674.0679
 EELEC  =   -110924.4899  EHBOND  =         0.0000  RESTRAINT  =       258.1569
 EAMBER (non-restraint)  =    -89440.2538
 EKCMT  =      7692.9896  VIRIAL  =      9241.9674  VOLUME     =    370372.7097
                                                    Density    =         0.7973
 Ewald error estimate:   0.2891E-04
 ------------------------------------------------------------------------------


 NSTEP =      960   TIME(PS) =       3.920  TEMP(K) =   285.50  PRESS =  -271.3
 Etot   =    -72188.8622  EKtot   =     16862.8677  EPtot      =    -89051.7299
 BOND   =       381.8001  ANGLE   =      1015.1305  DIHED      =      1601.8923
 1-4 NB =       419.4869  1-4 EEL =      5338.6677  VDWAALS    =     12368.1304
 EELEC  =   -110438.6171  EHBOND  =         0.0000  RESTRAINT  =       261.7794
 EAMBER (non-restraint)  =    -89313.5093
 EKCMT  =      7752.5900  VIRIAL  =      9920.8673  VOLUME     =    370223.6192
                                                    Density    =         0.7976
 Ewald error estimate:   0.1038E-03
 ------------------------------------------------------------------------------


 NSTEP =      980   TIME(PS) =       3.960  TEMP(K) =   285.36  PRESS =  -346.6
 Etot   =    -72078.5610  EKtot   =     16854.5700  EPtot      =    -88933.1310
 BOND   =       354.8909  ANGLE   =      1022.4950  DIHED      =      1609.9557
 1-4 NB =       423.6871  1-4 EEL =      5410.5666  VDWAALS    =     12423.9955
 EELEC  =   -110441.4200  EHBOND  =         0.0000  RESTRAINT  =       262.6982
 EAMBER (non-restraint)  =    -89195.8292
 EKCMT  =      7688.9915  VIRIAL  =     10458.3868  VOLUME     =    370012.2195
                                                    Density    =         0.7981
 Ewald error estimate:   0.1102E-03
 ------------------------------------------------------------------------------


 NSTEP =     1000   TIME(PS) =       4.000  TEMP(K) =   285.20  PRESS =  -238.8
 Etot   =    -72025.8674  EKtot   =     16845.2006  EPtot      =    -88871.0680
 BOND   =       373.6714  ANGLE   =      1026.5538  DIHED      =      1585.0332
 1-4 NB =       426.4782  1-4 EEL =      5388.8761  VDWAALS    =     12620.7445
 EELEC  =   -110547.0158  EHBOND  =         0.0000  RESTRAINT  =       254.5907
 EAMBER (non-restraint)  =    -89125.6587
 EKCMT  =      7650.1601  VIRIAL  =      9556.9208  VOLUME     =    369792.7925
                                                    Density    =         0.7986
 Ewald error estimate:   0.5339E-04
 ------------------------------------------------------------------------------


      A V E R A G E S   O V E R      50 S T E P S


 NSTEP =     1000   TIME(PS) =       4.000  TEMP(K) =   222.96  PRESS =    -5.9
 Etot   =    -81859.7696  EKtot   =     13169.0154  EPtot      =    -95028.7851
 BOND   =       306.2040  ANGLE   =       859.9179  DIHED      =      1572.4870
 1-4 NB =       415.0425  1-4 EEL =      5386.0683  VDWAALS    =     15221.5926
 EELEC  =   -118993.7684  EHBOND  =         0.0000  RESTRAINT  =       203.6710
 EAMBER (non-restraint)  =    -95232.4561
 EKCMT  =      6008.7541  VIRIAL  =      6055.6634  VOLUME     =    371924.9996
                                                    Density    =         0.7940
 Ewald error estimate:   0.1189E-03
 ------------------------------------------------------------------------------


      R M S  F L U C T U A T I O N S


 NSTEP =     1000   TIME(PS) =       4.000  TEMP(K) =    67.33  PRESS =   227.7
 Etot   =      9665.3921  EKtot   =      3977.0469  EPtot      =      5701.5541
 BOND   =        76.3301  ANGLE   =       179.5725  DIHED      =        42.8108
 1-4 NB =        13.1658  1-4 EEL =        20.8608  VDWAALS    =      2551.1192
 EELEC  =      7891.1698  EHBOND  =         0.0000  RESTRAINT  =        63.2429
 EAMBER (non-restraint)  =      5638.3112
 EKCMT  =      1777.5865  VIRIAL  =      3519.4914  VOLUME     =      1010.6998
                                                    Density    =         0.0022
 Ewald error estimate:   0.9404E-04
 ------------------------------------------------------------------------------

--------------------------------------------------------------------------------
   5.  TIMINGS
--------------------------------------------------------------------------------

|  NonSetup CPU Time in Major Routines, Average for All Tasks:
|
|     Routine           Sec        %
|     ------------------------------
|     DataDistrib       1.67   43.59
|     Nonbond           1.94   50.69
|     Bond              0.00    0.04
|     Angle             0.00    0.12
|     Dihedral          0.02    0.43
|     Shake             0.00    0.11
|     RunMD             0.19    4.97
|     Other             0.00    0.07
|     ------------------------------
|     Total             3.83

|  PME Nonbond Pairlist CPU Time, Average for All Tasks:
|
|     Routine              Sec        %
|     ---------------------------------
|     Set Up Cit           0.06    1.54
|     Build List           0.13    3.40
|     ---------------------------------
|     Total                0.19    4.94

|  PME Direct Force CPU Time, Average for All Tasks:
|
|     Routine              Sec        %
|     ---------------------------------
|     NonBonded Calc       0.83   21.61
|     Exclude Masked       0.01    0.33
|     Other                0.11    2.93
|     ---------------------------------
|     Total                0.95   24.87

|  PME Reciprocal Force CPU Time, Average for All Tasks:
|
|     Routine              Sec        %
|     ---------------------------------
|     1D bspline           0.05    1.23
|     Grid Charges         0.05    1.20
|     Scalar Sum           0.01    0.13
|     Gradient Sum         0.04    0.96
|     FFT                  0.66   17.12
|     ---------------------------------
|     Total                0.79   20.65

|  PME Load Balancing CPU Time, Average for All Tasks:
|
|     Routine                 Sec        %
|     ------------------------------------
|     Atom Reassign           0.00    0.00
|     Image Reassign          0.00    0.06
|     FFT Reassign            0.01    0.15
|     ------------------------------------
|     Total                   0.01    0.21

|  Final Performance Info:
|     -----------------------------------------------------
|     Average timings for last     980 steps:
|     Elapsed(s) =       4.42 Per Step(ms) =       4.51
|         ns/day =      38.28   seconds/ns =    2256.93
|
|     Average timings for all steps:
|     Elapsed(s) =       5.42 Per Step(ms) =       5.42
|         ns/day =      31.89   seconds/ns =    2709.25
|     -----------------------------------------------------

|  Master Setup CPU time:            0.46 seconds
|  Master NonSetup CPU time:         3.81 seconds
|  Master Total CPU time:            4.26 seconds     0.00 hours

|  Master Setup wall time:           0    seconds
|  Master NonSetup wall time:        5    seconds
|  Master Total wall time:           5    seconds     0.00 hours
