
          -------------------------------------------------------
          Amber 16 PMEMD                              2016
          -------------------------------------------------------

| PMEMD implementation of SANDER, Release 16

| Run on 11/08/2017 at 20:18:54

|   Executable path: pmemd.MPI
| Working directory: /scratch/kfd233/CompChemLab8/try2/sim2/prod
|          Hostname: c13-02

  [-O]verwriting output

File Assignments:
|   MDIN: equil.in                                                              
|  MDOUT: equil.out                                                             
| INPCRD: density.rst                                                           
|   PARM: 2dvq_sol.prmtop                                                       
| RESTRT: equil.rst                                                             
|   REFC: min_all.rst                                                           
|  MDVEL: mdvel                                                                 
|   MDEN: mden                                                                  
|  MDCRD: equil.mdcrd                                                           
| MDINFO: mdinfo                                                                
|LOGFILE: logfile                                                               
|  MDFRC: mdfrc                                                                 

 
 Here is the input file:
 
# Equil.in                                                                     
&cntrl                                                                         
imin = 0, irest = 1,ntx = 5, nstlim = 2000, dt = 0.002,                        
ntc = 2, ntf = 2,                                                              
cut = 10.0, ntb = 2, ntp = 1, taup=2.0,                                        
ntpr = 20, ntwx = 20,                                                          
ntt = 3, gamma_ln = 2.0,                                                       
temp0 = 300.0,                                                                 
ntr = 1, restraintmask = ':1-218',                                             
restraint_wt = 0.5,                                                            
ioutfm = 1,                                                                    
/                                                                              
                                                                               


Note: ig = -1. Setting random seed to   765093 based on wallclock time in
      microseconds and disabling the synchronization of random numbers 
      between tasks to improve performance.
 
 
| Conditional Compilation Defines Used:
| MPI
| PUBFFT
| BINTRAJ
| MKL
| EMIL
 
| Largest sphere to fit in unit cell has radius =    33.494

| New format PARM file being parsed.
| Version =    1.000 Date = 11/08/17 Time = 16:37:34

| Note: 1-4 EEL scale factors are being read from the topology file.

| Note: 1-4 VDW scale factors are being read from the topology file.
| Duplicated    0 dihedrals

| Duplicated    0 dihedrals

--------------------------------------------------------------------------------
   1.  RESOURCE   USE: 
--------------------------------------------------------------------------------

 getting box info from netcdf restart file
 NATOM  =   29205 NTYPES =      17 NBONH =   28170 MBONA  =    1053
 NTHETH =    2361 MTHETA =    1415 NPHIH =    4706 MPHIA  =    4372
 NHPARM =       0 NPARM  =       0 NNB   =   47559 NRES   =    9178
 NBONA  =    1053 NTHETA =    1415 NPHIA =    4372 NUMBND =      69
 NUMANG =     161 NPTRA  =     197 NATYP =      36 NPHB   =       1
 IFBOX  =       1 NMXRS  =      26 IFCAP =       0 NEXTRA =       0
 NCOPY  =       0

| Coordinate Index Table dimensions:    11   11   13
| Direct force subcell size =     6.2438    6.0898    6.1826

     BOX TYPE: RECTILINEAR

--------------------------------------------------------------------------------
   2.  CONTROL  DATA  FOR  THE  RUN
--------------------------------------------------------------------------------

default_name                                                                    

General flags:
     imin    =       0, nmropt  =       0

Nature and format of input:
     ntx     =       5, irest   =       1, ntrx    =       1

Nature and format of output:
     ntxo    =       2, ntpr    =      20, ntrx    =       1, ntwr    =    2000
     iwrap   =       0, ntwx    =      20, ntwv    =       0, ntwe    =       0
     ioutfm  =       1, ntwprt  =       0, idecomp =       0, rbornstat=      0

Potential function:
     ntf     =       2, ntb     =       2, igb     =       0, nsnb    =      25
     ipol    =       0, gbsa    =       0, iesp    =       0
     dielc   =   1.00000, cut     =  10.00000, intdiel =   1.00000

Frozen or restrained atoms:
     ibelly  =       0, ntr     =       1
     restraint_wt =   0.50000

Molecular dynamics:
     nstlim  =      2000, nscm    =         0, nrespa  =         1
     t       =   0.00000, dt      =   0.00200, vlimit  =  20.00000

Langevin dynamics temperature regulation:
     ig      =  765093
     temp0   = 300.00000, tempi   =   0.00000, gamma_ln=   2.00000

Pressure regulation:
     ntp     =       1
     pres0   =   1.00000, comp    =  44.60000, taup    =   2.00000

SHAKE:
     ntc     =       2, jfastw  =       0
     tol     =   0.00001

| Intermolecular bonds treatment:
|     no_intermolecular_bonds =       1

| Energy averages sample interval:
|     ene_avg_sampling =      20

Ewald parameters:
     verbose =       0, ew_type =       0, nbflag  =       1, use_pme =       1
     vdwmeth =       1, eedmeth =       1, netfrc  =       1
     Box X =   68.682   Box Y =   66.988   Box Z =   80.373
     Alpha =   90.000   Beta  =   90.000   Gamma =   90.000
     NFFT1 =   72       NFFT2 =   72       NFFT3 =   81
     Cutoff=   10.000   Tol   =0.100E-04
     Ewald Coefficient =  0.27511
     Interpolation order =    4

| PMEMD ewald parallel performance parameters:
|     block_fft =    1
|     fft_blk_y_divisor =    4
|     excl_recip =    0
|     excl_master =    0
|     atm_redist_freq =  320

    LOADING THE CONSTRAINED ATOMS AS GROUPS


   5.  REFERENCE ATOM COORDINATES

  default_name                                                                    
     Mask :1-218; matches  2325 atoms

--------------------------------------------------------------------------------
   3.  ATOMIC COORDINATES AND VELOCITIES
--------------------------------------------------------------------------------

default_name                                                                    
 begin time read from input coords =     4.000 ps

 
 Number of triangulated 3-point waters found:     9045

     Sum of charges from parm topology file =  -0.00000208
     Forcing neutrality...

| Dynamic Memory, Types Used:
| Reals             1759132
| Integers          1176944

| Nonbonded Pairs Initial Allocation:      272440

| Running AMBER/MPI version on   84 MPI task

 
--------------------------------------------------------------------------------
   4.  RESULTS
--------------------------------------------------------------------------------

 ---------------------------------------------------
 APPROXIMATING switch and d/dx switch using CUBIC SPLINE INTERPOLATION
 using   5000.0 points per unit in tabled values
 TESTING RELATIVE ERROR over r ranging from 0.0 to cutoff
| CHECK switch(x): max rel err =   0.3316E-14   at   2.351880
| CHECK d/dx switch(x): max rel err =   0.8066E-11   at   2.747240
 ---------------------------------------------------
|---------------------------------------------------
| APPROXIMATING direct energy using CUBIC SPLINE INTERPOLATION
|  with   50.0 points per unit in tabled values
| Relative Error Limit not exceeded for r .gt.   2.34
| APPROXIMATING direct force using CUBIC SPLINE INTERPOLATION
|  with   50.0 points per unit in tabled values
| Relative Error Limit not exceeded for r .gt.   2.81
|---------------------------------------------------

 NSTEP =       20   TIME(PS) =       4.040  TEMP(K) =   285.60  PRESS =  -308.7
 Etot   =    -72124.2815  EKtot   =     16869.0550  EPtot      =    -88993.3365
 BOND   =       380.1316  ANGLE   =      1023.2840  DIHED      =      1631.5203
 1-4 NB =       425.9103  1-4 EEL =      5367.5179  VDWAALS    =     12446.8275
 EELEC  =   -110352.4140  EHBOND  =         0.0000  RESTRAINT  =        83.8860
 EAMBER (non-restraint)  =    -89077.2225
 EKCMT  =      7758.2850  VIRIAL  =     10222.3813  VOLUME     =    369692.2800
                                                    Density    =         0.7988
 Ewald error estimate:   0.5511E-04
 ------------------------------------------------------------------------------


 NSTEP =       40   TIME(PS) =       4.080  TEMP(K) =   286.39  PRESS =  -470.0
 Etot   =    -71989.1308  EKtot   =     16915.2777  EPtot      =    -88904.4085
 BOND   =       374.9829  ANGLE   =      1004.7672  DIHED      =      1616.9349
 1-4 NB =       434.7413  1-4 EEL =      5364.9233  VDWAALS    =     12228.5061
 EELEC  =   -110036.1837  EHBOND  =         0.0000  RESTRAINT  =       106.9195
 EAMBER (non-restraint)  =    -89011.3280
 EKCMT  =      7724.5979  VIRIAL  =     11475.2404  VOLUME     =    369571.1461
                                                    Density    =         0.7990
 Ewald error estimate:   0.6683E-04
 ------------------------------------------------------------------------------


 NSTEP =       60   TIME(PS) =       4.120  TEMP(K) =   285.84  PRESS =  -409.7
 Etot   =    -71910.3807  EKtot   =     16882.9574  EPtot      =    -88793.3381
 BOND   =       368.3390  ANGLE   =      1046.9474  DIHED      =      1617.4431
 1-4 NB =       430.7936  1-4 EEL =      5342.4678  VDWAALS    =     12190.7900
 EELEC  =   -109917.7462  EHBOND  =         0.0000  RESTRAINT  =       127.6272
 EAMBER (non-restraint)  =    -88920.9653
 EKCMT  =      7731.9157  VIRIAL  =     10999.8182  VOLUME     =    369414.9928
                                                    Density    =         0.7994
 Ewald error estimate:   0.6342E-05
 ------------------------------------------------------------------------------


 NSTEP =       80   TIME(PS) =       4.160  TEMP(K) =   285.50  PRESS =  -353.4
 Etot   =    -71752.5896  EKtot   =     16863.0010  EPtot      =    -88615.5906
 BOND   =       390.0608  ANGLE   =      1031.8002  DIHED      =      1625.8320
 1-4 NB =       424.8720  1-4 EEL =      5332.7713  VDWAALS    =     12143.0823
 EELEC  =   -109702.3634  EHBOND  =         0.0000  RESTRAINT  =       138.3543
 EAMBER (non-restraint)  =    -88753.9449
 EKCMT  =      7626.0023  VIRIAL  =     10444.0401  VOLUME     =    369273.1987
                                                    Density    =         0.7997
 Ewald error estimate:   0.3035E-04
 ------------------------------------------------------------------------------


 NSTEP =      100   TIME(PS) =       4.200  TEMP(K) =   287.13  PRESS =  -176.8
 Etot   =    -71597.0894  EKtot   =     16959.1938  EPtot      =    -88556.2832
 BOND   =       383.5945  ANGLE   =      1043.1183  DIHED      =      1606.2258
 1-4 NB =       433.0243  1-4 EEL =      5362.6625  VDWAALS    =     12371.1675
 EELEC  =   -109901.6766  EHBOND  =         0.0000  RESTRAINT  =       145.6004
 EAMBER (non-restraint)  =    -88701.8836
 EKCMT  =      7695.0879  VIRIAL  =      9104.7582  VOLUME     =    369190.1414
                                                    Density    =         0.7999
 Ewald error estimate:   0.1236E-03
 ------------------------------------------------------------------------------


 NSTEP =      120   TIME(PS) =       4.240  TEMP(K) =   288.34  PRESS =  -315.9
 Etot   =    -71469.8555  EKtot   =     17030.6548  EPtot      =    -88500.5103
 BOND   =       371.7127  ANGLE   =      1017.4563  DIHED      =      1639.1901
 1-4 NB =       440.6325  1-4 EEL =      5380.5464  VDWAALS    =     12321.0486
 EELEC  =   -109822.3926  EHBOND  =         0.0000  RESTRAINT  =       151.2957
 EAMBER (non-restraint)  =    -88651.8060
 EKCMT  =      7684.0790  VIRIAL  =     10201.8050  VOLUME     =    369099.2889
                                                    Density    =         0.8001
 Ewald error estimate:   0.1025E-03
 ------------------------------------------------------------------------------


 NSTEP =      140   TIME(PS) =       4.280  TEMP(K) =   288.98  PRESS =  -276.5
 Etot   =    -71299.1122  EKtot   =     17068.6851  EPtot      =    -88367.7973
 BOND   =       378.8473  ANGLE   =      1024.9349  DIHED      =      1642.0311
 1-4 NB =       437.2144  1-4 EEL =      5394.9255  VDWAALS    =     12130.6832
 EELEC  =   -109528.9744  EHBOND  =         0.0000  RESTRAINT  =       152.5407
 EAMBER (non-restraint)  =    -88520.3380
 EKCMT  =      7755.8265  VIRIAL  =      9959.1029  VOLUME     =    368992.8298
                                                    Density    =         0.8003
 Ewald error estimate:   0.1054E-03
 ------------------------------------------------------------------------------


 NSTEP =      160   TIME(PS) =       4.320  TEMP(K) =   292.23  PRESS =  -217.6
 Etot   =    -71156.8748  EKtot   =     17260.4424  EPtot      =    -88417.3172
 BOND   =       379.8896  ANGLE   =      1007.5311  DIHED      =      1631.5023
 1-4 NB =       431.2994  1-4 EEL =      5391.6347  VDWAALS    =     12181.9670
 EELEC  =   -109592.7069  EHBOND  =         0.0000  RESTRAINT  =       151.5656
 EAMBER (non-restraint)  =    -88568.8828
 EKCMT  =      7833.0600  VIRIAL  =      9566.5480  VOLUME     =    368903.9929
                                                    Density    =         0.8005
 Ewald error estimate:   0.1429E-03
 ------------------------------------------------------------------------------


 NSTEP =      180   TIME(PS) =       4.360  TEMP(K) =   291.91  PRESS =  -363.6
 Etot   =    -70997.1816  EKtot   =     17241.3017  EPtot      =    -88238.4833
 BOND   =       377.1134  ANGLE   =      1010.7645  DIHED      =      1628.2054
 1-4 NB =       433.3142  1-4 EEL =      5362.5755  VDWAALS    =     12232.3824
 EELEC  =   -109436.4014  EHBOND  =         0.0000  RESTRAINT  =       153.5628
 EAMBER (non-restraint)  =    -88392.0461
 EKCMT  =      7861.2812  VIRIAL  =     10756.6241  VOLUME     =    368799.8900
                                                    Density    =         0.8007
 Ewald error estimate:   0.2294E-04
 ------------------------------------------------------------------------------


 NSTEP =      200   TIME(PS) =       4.400  TEMP(K) =   292.45  PRESS =  -444.5
 Etot   =    -70915.7508  EKtot   =     17273.4175  EPtot      =    -88189.1682
 BOND   =       409.1517  ANGLE   =      1039.5230  DIHED      =      1620.3475
 1-4 NB =       418.3804  1-4 EEL =      5361.8987  VDWAALS    =     12016.5193
 EELEC  =   -109209.2046  EHBOND  =         0.0000  RESTRAINT  =       154.2158
 EAMBER (non-restraint)  =    -88343.3840
 EKCMT  =      7883.1262  VIRIAL  =     11421.6629  VOLUME     =    368679.5956
                                                    Density    =         0.8010
 Ewald error estimate:   0.1439E-03
 ------------------------------------------------------------------------------


 NSTEP =      220   TIME(PS) =       4.440  TEMP(K) =   290.60  PRESS =  -495.9
 Etot   =    -70825.3764  EKtot   =     17163.9103  EPtot      =    -87989.2868
 BOND   =       360.7525  ANGLE   =      1048.5489  DIHED      =      1611.3412
 1-4 NB =       425.8016  1-4 EEL =      5351.8862  VDWAALS    =     11932.4366
 EELEC  =   -108876.4720  EHBOND  =         0.0000  RESTRAINT  =       156.4183
 EAMBER (non-restraint)  =    -88145.7050
 EKCMT  =      7802.6933  VIRIAL  =     11749.0774  VOLUME     =    368539.4795
                                                    Density    =         0.8013
 Ewald error estimate:   0.7018E-04
 ------------------------------------------------------------------------------


 NSTEP =      240   TIME(PS) =       4.480  TEMP(K) =   290.10  PRESS =  -357.0
 Etot   =    -70687.6588  EKtot   =     17134.4733  EPtot      =    -87822.1321
 BOND   =       385.6584  ANGLE   =      1034.6880  DIHED      =      1602.1975
 1-4 NB =       416.0512  1-4 EEL =      5379.5812  VDWAALS    =     11912.6358
 EELEC  =   -108708.1745  EHBOND  =         0.0000  RESTRAINT  =       155.2304
 EAMBER (non-restraint)  =    -87977.3625
 EKCMT  =      7844.1051  VIRIAL  =     10683.5480  VOLUME     =    368395.1317
                                                    Density    =         0.8016
 Ewald error estimate:   0.7293E-04
 ------------------------------------------------------------------------------


 NSTEP =      260   TIME(PS) =       4.520  TEMP(K) =   291.87  PRESS =  -381.6
 Etot   =    -70480.1588  EKtot   =     17239.2882  EPtot      =    -87719.4470
 BOND   =       380.5886  ANGLE   =      1047.5503  DIHED      =      1601.8240
 1-4 NB =       429.3700  1-4 EEL =      5405.1118  VDWAALS    =     11889.6832
 EELEC  =   -108624.4939  EHBOND  =         0.0000  RESTRAINT  =       150.9190
 EAMBER (non-restraint)  =    -87870.3660
 EKCMT  =      7904.0291  VIRIAL  =     10937.9438  VOLUME     =    368269.8790
                                                    Density    =         0.8019
 Ewald error estimate:   0.3075E-04
 ------------------------------------------------------------------------------


 NSTEP =      280   TIME(PS) =       4.560  TEMP(K) =   292.28  PRESS =  -382.0
 Etot   =    -70366.0961  EKtot   =     17263.3287  EPtot      =    -87629.4248
 BOND   =       361.3193  ANGLE   =      1083.9581  DIHED      =      1622.2391
 1-4 NB =       445.9862  1-4 EEL =      5371.3308  VDWAALS    =     11825.1775
 EELEC  =   -108489.3643  EHBOND  =         0.0000  RESTRAINT  =       149.9285
 EAMBER (non-restraint)  =    -87779.3533
 EKCMT  =      7888.6762  VIRIAL  =     10925.5296  VOLUME     =    368151.3501
                                                    Density    =         0.8021
 Ewald error estimate:   0.2895E-04
 ------------------------------------------------------------------------------


 NSTEP =      300   TIME(PS) =       4.600  TEMP(K) =   292.62  PRESS =  -264.8
 Etot   =    -70260.5482  EKtot   =     17283.2949  EPtot      =    -87543.8431
 BOND   =       393.7934  ANGLE   =      1054.8809  DIHED      =      1610.8411
 1-4 NB =       415.7612  1-4 EEL =      5351.2943  VDWAALS    =     11880.3354
 EELEC  =   -108394.2752  EHBOND  =         0.0000  RESTRAINT  =       143.5258
 EAMBER (non-restraint)  =    -87687.3689
 EKCMT  =      7874.2312  VIRIAL  =      9978.7455  VOLUME     =    368036.7774
                                                    Density    =         0.8024
 Ewald error estimate:   0.6938E-04
 ------------------------------------------------------------------------------


 NSTEP =      320   TIME(PS) =       4.640  TEMP(K) =   292.34  PRESS =  -315.7
 Etot   =    -70263.6173  EKtot   =     17266.8494  EPtot      =    -87530.4667
 BOND   =       392.5626  ANGLE   =      1019.7169  DIHED      =      1639.2495
 1-4 NB =       431.8758  1-4 EEL =      5415.1968  VDWAALS    =     11767.6837
 EELEC  =   -108343.0028  EHBOND  =         0.0000  RESTRAINT  =       146.2509
 EAMBER (non-restraint)  =    -87676.7175
 EKCMT  =      7937.3856  VIRIAL  =     10445.7036  VOLUME     =    367932.3878
                                                    Density    =         0.8026
 Ewald error estimate:   0.4751E-04
 ------------------------------------------------------------------------------


 NSTEP =      340   TIME(PS) =       4.680  TEMP(K) =   294.10  PRESS =  -349.5
 Etot   =    -70109.8997  EKtot   =     17371.0708  EPtot      =    -87480.9704
 BOND   =       368.1549  ANGLE   =      1015.3850  DIHED      =      1610.0965
 1-4 NB =       450.3894  1-4 EEL =      5387.7833  VDWAALS    =     11884.8305
 EELEC  =   -108344.1509  EHBOND  =         0.0000  RESTRAINT  =       146.5409
 EAMBER (non-restraint)  =    -87627.5113
 EKCMT  =      7932.1793  VIRIAL  =     10707.9289  VOLUME     =    367819.7914
                                                    Density    =         0.8029
 Ewald error estimate:   0.7339E-05
 ------------------------------------------------------------------------------


 NSTEP =      360   TIME(PS) =       4.720  TEMP(K) =   294.65  PRESS =  -288.8
 Etot   =    -70015.6899  EKtot   =     17403.5481  EPtot      =    -87419.2380
 BOND   =       387.2493  ANGLE   =      1048.7148  DIHED      =      1624.2919
 1-4 NB =       421.4278  1-4 EEL =      5339.9637  VDWAALS    =     11914.2532
 EELEC  =   -108308.9133  EHBOND  =         0.0000  RESTRAINT  =       153.7745
 EAMBER (non-restraint)  =    -87573.0125
 EKCMT  =      7926.8223  VIRIAL  =     10219.4641  VOLUME     =    367703.7797
                                                    Density    =         0.8031
 Ewald error estimate:   0.1300E-03
 ------------------------------------------------------------------------------


 NSTEP =      380   TIME(PS) =       4.760  TEMP(K) =   296.83  PRESS =  -459.0
 Etot   =    -69965.2885  EKtot   =     17532.1365  EPtot      =    -87497.4250
 BOND   =       407.0535  ANGLE   =      1042.5035  DIHED      =      1627.8188
 1-4 NB =       418.0213  1-4 EEL =      5379.3546  VDWAALS    =     11605.9536
 EELEC  =   -108131.0453  EHBOND  =         0.0000  RESTRAINT  =       152.9150
 EAMBER (non-restraint)  =    -87650.3400
 EKCMT  =      7967.2555  VIRIAL  =     11609.9598  VOLUME     =    367583.6381
                                                    Density    =         0.8034
 Ewald error estimate:   0.1136E-03
 ------------------------------------------------------------------------------


 NSTEP =      400   TIME(PS) =       4.800  TEMP(K) =   296.91  PRESS =  -473.1
 Etot   =    -69939.3371  EKtot   =     17536.7122  EPtot      =    -87476.0493
 BOND   =       400.2184  ANGLE   =      1058.9198  DIHED      =      1601.3169
 1-4 NB =       443.6434  1-4 EEL =      5387.2519  VDWAALS    =     11654.8153
 EELEC  =   -108167.1324  EHBOND  =         0.0000  RESTRAINT  =       144.9173
 EAMBER (non-restraint)  =    -87620.9667
 EKCMT  =      7930.5233  VIRIAL  =     11684.3138  VOLUME     =    367447.0632
                                                    Density    =         0.8037
 Ewald error estimate:   0.3999E-04
 ------------------------------------------------------------------------------


 NSTEP =      420   TIME(PS) =       4.840  TEMP(K) =   294.56  PRESS =  -305.8
 Etot   =    -69896.0245  EKtot   =     17398.1634  EPtot      =    -87294.1879
 BOND   =       401.5009  ANGLE   =      1022.9955  DIHED      =      1621.9808
 1-4 NB =       428.5586  1-4 EEL =      5383.0758  VDWAALS    =     11843.9200
 EELEC  =   -108139.6008  EHBOND  =         0.0000  RESTRAINT  =       143.3813
 EAMBER (non-restraint)  =    -87437.5692
 EKCMT  =      7951.3141  VIRIAL  =     10376.3990  VOLUME     =    367316.5533
                                                    Density    =         0.8040
 Ewald error estimate:   0.1011E-04
 ------------------------------------------------------------------------------


 NSTEP =      440   TIME(PS) =       4.880  TEMP(K) =   297.83  PRESS =  -451.0
 Etot   =    -69829.1729  EKtot   =     17591.0600  EPtot      =    -87420.2328
 BOND   =       407.5122  ANGLE   =      1023.1131  DIHED      =      1622.2410
 1-4 NB =       426.0697  1-4 EEL =      5355.1947  VDWAALS    =     11636.0544
 EELEC  =   -108043.9662  EHBOND  =         0.0000  RESTRAINT  =       153.5483
 EAMBER (non-restraint)  =    -87573.7812
 EKCMT  =      8084.1319  VIRIAL  =     11659.9419  VOLUME     =    367184.2807
                                                    Density    =         0.8042
 Ewald error estimate:   0.2736E-04
 ------------------------------------------------------------------------------


 NSTEP =      460   TIME(PS) =       4.920  TEMP(K) =   296.76  PRESS =  -397.1
 Etot   =    -69799.0581  EKtot   =     17527.7190  EPtot      =    -87326.7772
 BOND   =       398.5373  ANGLE   =      1047.9522  DIHED      =      1619.5034
 1-4 NB =       429.4340  1-4 EEL =      5383.6217  VDWAALS    =     11780.5554
 EELEC  =   -108140.1904  EHBOND  =         0.0000  RESTRAINT  =       153.8093
 EAMBER (non-restraint)  =    -87480.5865
 EKCMT  =      8036.4219  VIRIAL  =     11183.6856  VOLUME     =    367077.6564
                                                    Density    =         0.8045
 Ewald error estimate:   0.1096E-03
 ------------------------------------------------------------------------------


 NSTEP =      480   TIME(PS) =       4.960  TEMP(K) =   298.53  PRESS =  -355.0
 Etot   =    -69780.6834  EKtot   =     17632.4960  EPtot      =    -87413.1793
 BOND   =       352.8828  ANGLE   =      1037.2551  DIHED      =      1610.6943
 1-4 NB =       448.5483  1-4 EEL =      5376.2778  VDWAALS    =     11798.8004
 EELEC  =   -108191.2038  EHBOND  =         0.0000  RESTRAINT  =       153.5657
 EAMBER (non-restraint)  =    -87566.7450
 EKCMT  =      8101.4140  VIRIAL  =     10913.9965  VOLUME     =    366940.3451
                                                    Density    =         0.8048
 Ewald error estimate:   0.1182E-03
 ------------------------------------------------------------------------------


 NSTEP =      500   TIME(PS) =       5.000  TEMP(K) =   296.64  PRESS =  -364.2
 Etot   =    -69737.9548  EKtot   =     17521.0543  EPtot      =    -87259.0091
 BOND   =       369.9139  ANGLE   =      1088.4968  DIHED      =      1613.6544
 1-4 NB =       418.7481  1-4 EEL =      5351.5512  VDWAALS    =     11805.8022
 EELEC  =   -108058.8322  EHBOND  =         0.0000  RESTRAINT  =       151.6565
 EAMBER (non-restraint)  =    -87410.6656
 EKCMT  =      8093.5848  VIRIAL  =     10977.9454  VOLUME     =    366797.3227
                                                    Density    =         0.8051
 Ewald error estimate:   0.1616E-03
 ------------------------------------------------------------------------------


 NSTEP =      520   TIME(PS) =       5.040  TEMP(K) =   298.50  PRESS =  -610.6
 Etot   =    -69730.7699  EKtot   =     17630.7698  EPtot      =    -87361.5396
 BOND   =       380.2018  ANGLE   =      1044.5712  DIHED      =      1603.9653
 1-4 NB =       427.7915  1-4 EEL =      5362.3388  VDWAALS    =     11500.4357
 EELEC  =   -107840.4231  EHBOND  =         0.0000  RESTRAINT  =       159.5792
 EAMBER (non-restraint)  =    -87521.1188
 EKCMT  =      8088.2120  VIRIAL  =     12921.8690  VOLUME     =    366660.1859
                                                    Density    =         0.8054
 Ewald error estimate:   0.1384E-03
 ------------------------------------------------------------------------------


 NSTEP =      540   TIME(PS) =       5.080  TEMP(K) =   295.97  PRESS =  -515.1
 Etot   =    -69718.8307  EKtot   =     17481.4341  EPtot      =    -87200.2648
 BOND   =       400.8143  ANGLE   =      1049.7827  DIHED      =      1624.0137
 1-4 NB =       432.8457  1-4 EEL =      5366.1956  VDWAALS    =     11611.9256
 EELEC  =   -107845.8994  EHBOND  =         0.0000  RESTRAINT  =       160.0570
 EAMBER (non-restraint)  =    -87360.3218
 EKCMT  =      8017.7026  VIRIAL  =     12093.1878  VOLUME     =    366473.4031
                                                    Density    =         0.8058
 Ewald error estimate:   0.5496E-04
 ------------------------------------------------------------------------------


 NSTEP =      560   TIME(PS) =       5.120  TEMP(K) =   297.65  PRESS =  -351.5
 Etot   =    -69642.5938  EKtot   =     17580.5588  EPtot      =    -87223.1527
 BOND   =       414.1492  ANGLE   =      1021.5624  DIHED      =      1607.8585
 1-4 NB =       425.6380  1-4 EEL =      5372.2620  VDWAALS    =     11726.0974
 EELEC  =   -107954.6926  EHBOND  =         0.0000  RESTRAINT  =       163.9724
 EAMBER (non-restraint)  =    -87387.1250
 EKCMT  =      8063.0998  VIRIAL  =     10843.5377  VOLUME     =    366348.9554
                                                    Density    =         0.8061
 Ewald error estimate:   0.1024E-03
 ------------------------------------------------------------------------------


 NSTEP =      580   TIME(PS) =       5.160  TEMP(K) =   297.97  PRESS =  -509.4
 Etot   =    -69643.9364  EKtot   =     17599.5067  EPtot      =    -87243.4431
 BOND   =       383.2617  ANGLE   =      1042.4530  DIHED      =      1615.8318
 1-4 NB =       422.9392  1-4 EEL =      5389.5548  VDWAALS    =     11584.6259
 EELEC  =   -107846.6803  EHBOND  =         0.0000  RESTRAINT  =       164.5708
 EAMBER (non-restraint)  =    -87408.0140
 EKCMT  =      8043.5680  VIRIAL  =     12071.4315  VOLUME     =    366208.3410
                                                    Density    =         0.8064
 Ewald error estimate:   0.1139E-03
 ------------------------------------------------------------------------------


 NSTEP =      600   TIME(PS) =       5.200  TEMP(K) =   295.84  PRESS =  -303.1
 Etot   =    -69637.4224  EKtot   =     17473.8396  EPtot      =    -87111.2620
 BOND   =       394.3186  ANGLE   =      1100.7596  DIHED      =      1632.6769
 1-4 NB =       414.8307  1-4 EEL =      5318.8139  VDWAALS    =     11614.2332
 EELEC  =   -107751.6213  EHBOND  =         0.0000  RESTRAINT  =       164.7264
 EAMBER (non-restraint)  =    -87275.9884
 EKCMT  =      8056.9900  VIRIAL  =     10452.8677  VOLUME     =    366051.3268
                                                    Density    =         0.8067
 Ewald error estimate:   0.1952E-04
 ------------------------------------------------------------------------------


 NSTEP =      620   TIME(PS) =       5.240  TEMP(K) =   299.61  PRESS =  -437.2
 Etot   =    -69578.6191  EKtot   =     17696.0972  EPtot      =    -87274.7163
 BOND   =       392.8261  ANGLE   =      1037.7169  DIHED      =      1610.3761
 1-4 NB =       432.0740  1-4 EEL =      5367.6543  VDWAALS    =     11483.7513
 EELEC  =   -107757.8184  EHBOND  =         0.0000  RESTRAINT  =       158.7033
 EAMBER (non-restraint)  =    -87433.4196
 EKCMT  =      8154.8883  VIRIAL  =     11609.4577  VOLUME     =    365921.1436
                                                    Density    =         0.8070
 Ewald error estimate:   0.1127E-03
 ------------------------------------------------------------------------------


 NSTEP =      640   TIME(PS) =       5.280  TEMP(K) =   296.70  PRESS =  -605.6
 Etot   =    -69623.2900  EKtot   =     17524.1010  EPtot      =    -87147.3910
 BOND   =       407.1275  ANGLE   =      1033.8715  DIHED      =      1633.6461
 1-4 NB =       436.1678  1-4 EEL =      5354.7492  VDWAALS    =     11430.6523
 EELEC  =   -107608.3870  EHBOND  =         0.0000  RESTRAINT  =       164.7815
 EAMBER (non-restraint)  =    -87312.1726
 EKCMT  =      8078.2760  VIRIAL  =     12860.7098  VOLUME     =    365737.5612
                                                    Density    =         0.8074
 Ewald error estimate:   0.1350E-03
 ------------------------------------------------------------------------------


 NSTEP =      660   TIME(PS) =       5.320  TEMP(K) =   295.07  PRESS =  -763.7
 Etot   =    -69663.5168  EKtot   =     17427.9707  EPtot      =    -87091.4874
 BOND   =       411.5207  ANGLE   =      1071.0582  DIHED      =      1613.7411
 1-4 NB =       427.8889  1-4 EEL =      5318.7226  VDWAALS    =     11248.1224
 EELEC  =   -107349.2064  EHBOND  =         0.0000  RESTRAINT  =       166.6650
 EAMBER (non-restraint)  =    -87258.1524
 EKCMT  =      8018.4040  VIRIAL  =     14045.7073  VOLUME     =    365536.8064
                                                    Density    =         0.8079
 Ewald error estimate:   0.1297E-04
 ------------------------------------------------------------------------------


 NSTEP =      680   TIME(PS) =       5.360  TEMP(K) =   297.29  PRESS =  -641.2
 Etot   =    -69664.9864  EKtot   =     17559.2902  EPtot      =    -87224.2766
 BOND   =       392.8819  ANGLE   =      1037.2187  DIHED      =      1617.5441
 1-4 NB =       428.2592  1-4 EEL =      5383.8891  VDWAALS    =     11371.4530
 EELEC  =   -107623.3636  EHBOND  =         0.0000  RESTRAINT  =       167.8411
 EAMBER (non-restraint)  =    -87392.1177
 EKCMT  =      8084.1292  VIRIAL  =     13141.7429  VOLUME     =    365314.4837
                                                    Density    =         0.8084
 Ewald error estimate:   0.2891E-04
 ------------------------------------------------------------------------------


 NSTEP =      700   TIME(PS) =       5.400  TEMP(K) =   296.33  PRESS =  -435.4
 Etot   =    -69688.5066  EKtot   =     17502.4227  EPtot      =    -87190.9293
 BOND   =       389.9401  ANGLE   =      1077.3101  DIHED      =      1617.4716
 1-4 NB =       418.1473  1-4 EEL =      5320.4872  VDWAALS    =     11682.2253
 EELEC  =   -107860.9584  EHBOND  =         0.0000  RESTRAINT  =       164.4477
 EAMBER (non-restraint)  =    -87355.3770
 EKCMT  =      7993.6374  VIRIAL  =     11426.4632  VOLUME     =    365142.7319
                                                    Density    =         0.8087
 Ewald error estimate:   0.8796E-04
 ------------------------------------------------------------------------------


 NSTEP =      720   TIME(PS) =       5.440  TEMP(K) =   297.63  PRESS =  -596.4
 Etot   =    -69667.1155  EKtot   =     17579.3518  EPtot      =    -87246.4673
 BOND   =       382.0548  ANGLE   =      1035.2858  DIHED      =      1614.1764
 1-4 NB =       423.7543  1-4 EEL =      5348.1458  VDWAALS    =     11489.2074
 EELEC  =   -107702.9416  EHBOND  =         0.0000  RESTRAINT  =       163.8499
 EAMBER (non-restraint)  =    -87410.3172
 EKCMT  =      8083.4176  VIRIAL  =     12783.5862  VOLUME     =    364977.6010
                                                    Density    =         0.8091
 Ewald error estimate:   0.1548E-03
 ------------------------------------------------------------------------------


 NSTEP =      740   TIME(PS) =       5.480  TEMP(K) =   293.52  PRESS =  -492.1
 Etot   =    -69652.2121  EKtot   =     17336.8347  EPtot      =    -86989.0468
 BOND   =       375.3435  ANGLE   =      1066.5870  DIHED      =      1631.6095
 1-4 NB =       431.8008  1-4 EEL =      5410.8648  VDWAALS    =     11488.0324
 EELEC  =   -107560.1119  EHBOND  =         0.0000  RESTRAINT  =       166.8271
 EAMBER (non-restraint)  =    -87155.8739
 EKCMT  =      7927.6920  VIRIAL  =     11803.6988  VOLUME     =    364786.2118
                                                    Density    =         0.8095
 Ewald error estimate:   0.5079E-04
 ------------------------------------------------------------------------------


 NSTEP =      760   TIME(PS) =       5.520  TEMP(K) =   296.57  PRESS =  -526.7
 Etot   =    -69584.9213  EKtot   =     17516.9564  EPtot      =    -87101.8777
 BOND   =       406.1705  ANGLE   =      1055.0586  DIHED      =      1621.9900
 1-4 NB =       427.6660  1-4 EEL =      5374.3622  VDWAALS    =     11400.6006
 EELEC  =   -107547.1543  EHBOND  =         0.0000  RESTRAINT  =       159.4288
 EAMBER (non-restraint)  =    -87261.3065
 EKCMT  =      7973.7282  VIRIAL  =     12120.0499  VOLUME     =    364629.9966
                                                    Density    =         0.8099
 Ewald error estimate:   0.3560E-04
 ------------------------------------------------------------------------------


 NSTEP =      780   TIME(PS) =       5.560  TEMP(K) =   294.56  PRESS =  -418.8
 Etot   =    -69702.3953  EKtot   =     17397.6951  EPtot      =    -87100.0904
 BOND   =       408.9134  ANGLE   =      1051.0612  DIHED      =      1616.5642
 1-4 NB =       427.4000  1-4 EEL =      5377.8285  VDWAALS    =     11470.5817
 EELEC  =   -107613.1231  EHBOND  =         0.0000  RESTRAINT  =       160.6836
 EAMBER (non-restraint)  =    -87260.7740
 EKCMT  =      8048.4458  VIRIAL  =     11344.4187  VOLUME     =    364472.0734
                                                    Density    =         0.8102
 Ewald error estimate:   0.8897E-05
 ------------------------------------------------------------------------------


 NSTEP =      800   TIME(PS) =       5.600  TEMP(K) =   295.91  PRESS =  -572.3
 Etot   =    -69729.4235  EKtot   =     17477.6861  EPtot      =    -87207.1096
 BOND   =       405.9419  ANGLE   =      1048.5125  DIHED      =      1611.0940
 1-4 NB =       429.5578  1-4 EEL =      5355.6138  VDWAALS    =     11580.1324
 EELEC  =   -107794.0963  EHBOND  =         0.0000  RESTRAINT  =       156.1343
 EAMBER (non-restraint)  =    -87363.2438
 EKCMT  =      8057.6173  VIRIAL  =     12559.1839  VOLUME     =    364301.0117
                                                    Density    =         0.8106
 Ewald error estimate:   0.1812E-05
 ------------------------------------------------------------------------------


 NSTEP =      820   TIME(PS) =       5.640  TEMP(K) =   297.94  PRESS =  -606.5
 Etot   =    -69704.0284  EKtot   =     17597.4377  EPtot      =    -87301.4661
 BOND   =       389.6589  ANGLE   =      1060.4859  DIHED      =      1609.0984
 1-4 NB =       430.4084  1-4 EEL =      5370.8655  VDWAALS    =     11537.0107
 EELEC  =   -107854.6194  EHBOND  =         0.0000  RESTRAINT  =       155.6255
 EAMBER (non-restraint)  =    -87457.0916
 EKCMT  =      8110.3394  VIRIAL  =     12878.4142  VOLUME     =    364113.6431
                                                    Density    =         0.8110
 Ewald error estimate:   0.4184E-04
 ------------------------------------------------------------------------------


 NSTEP =      840   TIME(PS) =       5.680  TEMP(K) =   296.58  PRESS =  -385.9
 Etot   =    -69698.8123  EKtot   =     17517.0639  EPtot      =    -87215.8763
 BOND   =       407.5280  ANGLE   =      1066.4022  DIHED      =      1611.4292
 1-4 NB =       430.4004  1-4 EEL =      5368.0394  VDWAALS    =     11714.0547
 EELEC  =   -107974.4843  EHBOND  =         0.0000  RESTRAINT  =       160.7541
 EAMBER (non-restraint)  =    -87376.6304
 EKCMT  =      8023.8415  VIRIAL  =     11056.4484  VOLUME     =    363963.8699
                                                    Density    =         0.8114
 Ewald error estimate:   0.1440E-05
 ------------------------------------------------------------------------------


 NSTEP =      860   TIME(PS) =       5.720  TEMP(K) =   298.24  PRESS =  -414.8
 Etot   =    -69633.0285  EKtot   =     17615.3096  EPtot      =    -87248.3380
 BOND   =       392.9342  ANGLE   =      1074.9155  DIHED      =      1613.9538
 1-4 NB =       421.9955  1-4 EEL =      5313.5110  VDWAALS    =     11640.9210
 EELEC  =   -107867.5401  EHBOND  =         0.0000  RESTRAINT  =       160.9712
 EAMBER (non-restraint)  =    -87409.3092
 EKCMT  =      8136.3836  VIRIAL  =     11394.8337  VOLUME     =    363828.1463
                                                    Density    =         0.8117
 Ewald error estimate:   0.5080E-04
 ------------------------------------------------------------------------------


 NSTEP =      880   TIME(PS) =       5.760  TEMP(K) =   297.43  PRESS =  -417.3
 Etot   =    -69722.6395  EKtot   =     17567.2478  EPtot      =    -87289.8873
 BOND   =       357.2215  ANGLE   =      1077.9138  DIHED      =      1611.0896
 1-4 NB =       433.9264  1-4 EEL =      5376.3834  VDWAALS    =     11432.6413
 EELEC  =   -107747.8279  EHBOND  =         0.0000  RESTRAINT  =       168.7647
 EAMBER (non-restraint)  =    -87458.6519
 EKCMT  =      8138.4672  VIRIAL  =     11415.3532  VOLUME     =    363692.3450
                                                    Density    =         0.8120
 Ewald error estimate:   0.7201E-04
 ------------------------------------------------------------------------------


 NSTEP =      900   TIME(PS) =       5.800  TEMP(K) =   298.04  PRESS =  -556.2
 Etot   =    -69599.8653  EKtot   =     17603.3799  EPtot      =    -87203.2452
 BOND   =       399.9987  ANGLE   =      1039.5022  DIHED      =      1617.7382
 1-4 NB =       435.7992  1-4 EEL =      5377.1535  VDWAALS    =     11361.5432
 EELEC  =   -107603.7731  EHBOND  =         0.0000  RESTRAINT  =       168.7930
 EAMBER (non-restraint)  =    -87372.0382
 EKCMT  =      8062.4978  VIRIAL  =     12428.1607  VOLUME     =    363525.9115
                                                    Density    =         0.8123
 Ewald error estimate:   0.1154E-03
 ------------------------------------------------------------------------------


 NSTEP =      920   TIME(PS) =       5.840  TEMP(K) =   298.63  PRESS =  -559.8
 Etot   =    -69588.9034  EKtot   =     17638.6172  EPtot      =    -87227.5206
 BOND   =       383.5635  ANGLE   =      1042.7233  DIHED      =      1637.1948
 1-4 NB =       427.2397  1-4 EEL =      5360.1706  VDWAALS    =     11382.6239
 EELEC  =   -107635.4566  EHBOND  =         0.0000  RESTRAINT  =       174.4203
 EAMBER (non-restraint)  =    -87401.9409
 EKCMT  =      8072.4191  VIRIAL  =     12464.4891  VOLUME     =    363347.1009
                                                    Density    =         0.8127
 Ewald error estimate:   0.5139E-04
 ------------------------------------------------------------------------------


 NSTEP =      940   TIME(PS) =       5.880  TEMP(K) =   296.58  PRESS =  -525.2
 Etot   =    -69585.1684  EKtot   =     17517.3541  EPtot      =    -87102.5225
 BOND   =       393.2777  ANGLE   =      1006.1622  DIHED      =      1645.3540
 1-4 NB =       448.3644  1-4 EEL =      5430.0720  VDWAALS    =     11606.0293
 EELEC  =   -107804.2317  EHBOND  =         0.0000  RESTRAINT  =       172.4497
 EAMBER (non-restraint)  =    -87274.9722
 EKCMT  =      8060.2062  VIRIAL  =     12178.0878  VOLUME     =    363170.5583
                                                    Density    =         0.8131
 Ewald error estimate:   0.1069E-04
 ------------------------------------------------------------------------------


 NSTEP =      960   TIME(PS) =       5.920  TEMP(K) =   298.91  PRESS =  -429.0
 Etot   =    -69524.7702  EKtot   =     17655.1787  EPtot      =    -87179.9489
 BOND   =       390.0986  ANGLE   =      1043.8224  DIHED      =      1633.8059
 1-4 NB =       430.4975  1-4 EEL =      5359.9439  VDWAALS    =     11616.4139
 EELEC  =   -107824.5293  EHBOND  =         0.0000  RESTRAINT  =       169.9982
 EAMBER (non-restraint)  =    -87349.9471
 EKCMT  =      8090.2376  VIRIAL  =     11452.8274  VOLUME     =    363010.4103
                                                    Density    =         0.8135
 Ewald error estimate:   0.9952E-04
 ------------------------------------------------------------------------------


 NSTEP =      980   TIME(PS) =       5.960  TEMP(K) =   298.15  PRESS =  -397.5
 Etot   =    -69592.6987  EKtot   =     17610.1691  EPtot      =    -87202.8679
 BOND   =       414.7745  ANGLE   =      1058.3636  DIHED      =      1642.2120
 1-4 NB =       412.2383  1-4 EEL =      5340.2823  VDWAALS    =     11549.2157
 EELEC  =   -107796.7197  EHBOND  =         0.0000  RESTRAINT  =       176.7654
 EAMBER (non-restraint)  =    -87379.6333
 EKCMT  =      8072.3365  VIRIAL  =     11186.9983  VOLUME     =    362886.2881
                                                    Density    =         0.8138
 Ewald error estimate:   0.6195E-04
 ------------------------------------------------------------------------------


 NSTEP =     1000   TIME(PS) =       6.000  TEMP(K) =   300.13  PRESS =  -562.7
 Etot   =    -69557.1164  EKtot   =     17727.1813  EPtot      =    -87284.2977
 BOND   =       387.3534  ANGLE   =      1030.1965  DIHED      =      1641.6947
 1-4 NB =       429.7390  1-4 EEL =      5372.5508  VDWAALS    =     11451.3832
 EELEC  =   -107778.5203  EHBOND  =         0.0000  RESTRAINT  =       181.3050
 EAMBER (non-restraint)  =    -87465.6028
 EKCMT  =      8116.9235  VIRIAL  =     12523.6748  VOLUME     =    362714.9662
                                                    Density    =         0.8142
 Ewald error estimate:   0.5909E-04
 ------------------------------------------------------------------------------


 NSTEP =     1020   TIME(PS) =       6.040  TEMP(K) =   296.61  PRESS =  -498.8
 Etot   =    -69583.5767  EKtot   =     17519.3415  EPtot      =    -87102.9181
 BOND   =       400.8064  ANGLE   =      1063.0155  DIHED      =      1625.8135
 1-4 NB =       422.3822  1-4 EEL =      5349.7694  VDWAALS    =     11565.4440
 EELEC  =   -107711.7661  EHBOND  =         0.0000  RESTRAINT  =       181.6169
 EAMBER (non-restraint)  =    -87284.5351
 EKCMT  =      8021.8989  VIRIAL  =     11926.5003  VOLUME     =    362544.3866
                                                    Density    =         0.8145
 Ewald error estimate:   0.5343E-04
 ------------------------------------------------------------------------------


 NSTEP =     1040   TIME(PS) =       6.080  TEMP(K) =   299.19  PRESS =  -487.5
 Etot   =    -69536.5964  EKtot   =     17671.3312  EPtot      =    -87207.9276
 BOND   =       375.6765  ANGLE   =      1056.3135  DIHED      =      1601.3949
 1-4 NB =       428.3840  1-4 EEL =      5390.0557  VDWAALS    =     11431.6152
 EELEC  =   -107664.3988  EHBOND  =         0.0000  RESTRAINT  =       173.0314
 EAMBER (non-restraint)  =    -87380.9590
 EKCMT  =      8085.3505  VIRIAL  =     11899.3639  VOLUME     =    362380.8010
                                                    Density    =         0.8149
 Ewald error estimate:   0.8866E-05
 ------------------------------------------------------------------------------


 NSTEP =     1060   TIME(PS) =       6.120  TEMP(K) =   296.64  PRESS =  -512.1
 Etot   =    -69488.0730  EKtot   =     17521.0873  EPtot      =    -87009.1604
 BOND   =       381.3637  ANGLE   =      1051.6376  DIHED      =      1621.5699
 1-4 NB =       440.6333  1-4 EEL =      5385.2355  VDWAALS    =     11436.3557
 EELEC  =   -107508.4211  EHBOND  =         0.0000  RESTRAINT  =       182.4651
 EAMBER (non-restraint)  =    -87191.6254
 EKCMT  =      8005.5393  VIRIAL  =     12010.5957  VOLUME     =    362215.7620
                                                    Density    =         0.8153
 Ewald error estimate:   0.6096E-04
 ------------------------------------------------------------------------------


 NSTEP =     1080   TIME(PS) =       6.160  TEMP(K) =   300.14  PRESS =  -643.6
 Etot   =    -69450.5405  EKtot   =     17727.3116  EPtot      =    -87177.8521
 BOND   =       387.1911  ANGLE   =      1057.1237  DIHED      =      1621.3627
 1-4 NB =       415.8238  1-4 EEL =      5348.5776  VDWAALS    =     11391.7135
 EELEC  =   -107580.0000  EHBOND  =         0.0000  RESTRAINT  =       180.3556
 EAMBER (non-restraint)  =    -87358.2077
 EKCMT  =      8044.2205  VIRIAL  =     13074.9136  VOLUME     =    362035.6041
                                                    Density    =         0.8157
 Ewald error estimate:   0.9734E-04
 ------------------------------------------------------------------------------


 NSTEP =     1100   TIME(PS) =       6.200  TEMP(K) =   301.09  PRESS =  -676.5
 Etot   =    -69433.1966  EKtot   =     17783.9132  EPtot      =    -87217.1098
 BOND   =       403.5766  ANGLE   =      1052.5411  DIHED      =      1625.7535
 1-4 NB =       419.4386  1-4 EEL =      5358.3856  VDWAALS    =     11317.6183
 EELEC  =   -107575.5133  EHBOND  =         0.0000  RESTRAINT  =       181.0897
 EAMBER (non-restraint)  =    -87398.1996
 EKCMT  =      8137.5294  VIRIAL  =     13422.7333  VOLUME     =    361820.6888
                                                    Density    =         0.8162
 Ewald error estimate:   0.5089E-04
 ------------------------------------------------------------------------------


 NSTEP =     1120   TIME(PS) =       6.240  TEMP(K) =   299.66  PRESS =  -558.1
 Etot   =    -69372.0192  EKtot   =     17699.5018  EPtot      =    -87071.5210
 BOND   =       381.4999  ANGLE   =      1077.1965  DIHED      =      1619.8933
 1-4 NB =       426.0765  1-4 EEL =      5380.1660  VDWAALS    =     11392.6195
 EELEC  =   -107531.6069  EHBOND  =         0.0000  RESTRAINT  =       182.6342
 EAMBER (non-restraint)  =    -87254.1552
 EKCMT  =      8127.0858  VIRIAL  =     12484.7214  VOLUME     =    361623.8179
                                                    Density    =         0.8166
 Ewald error estimate:   0.2704E-04
 ------------------------------------------------------------------------------


 NSTEP =     1140   TIME(PS) =       6.280  TEMP(K) =   300.30  PRESS =  -550.5
 Etot   =    -69400.9385  EKtot   =     17736.8714  EPtot      =    -87137.8099
 BOND   =       390.3710  ANGLE   =      1048.1668  DIHED      =      1624.5401
 1-4 NB =       435.0472  1-4 EEL =      5372.6215  VDWAALS    =     11336.2745
 EELEC  =   -107535.4176  EHBOND  =         0.0000  RESTRAINT  =       190.5866
 EAMBER (non-restraint)  =    -87328.3966
 EKCMT  =      8133.3793  VIRIAL  =     12429.1907  VOLUME     =    361432.4493
                                                    Density    =         0.8170
 Ewald error estimate:   0.4856E-05
 ------------------------------------------------------------------------------


 NSTEP =     1160   TIME(PS) =       6.320  TEMP(K) =   300.74  PRESS =  -583.7
 Etot   =    -69489.7328  EKtot   =     17762.8055  EPtot      =    -87252.5383
 BOND   =       364.4129  ANGLE   =      1082.7771  DIHED      =      1627.1769
 1-4 NB =       433.1750  1-4 EEL =      5369.4842  VDWAALS    =     11376.4619
 EELEC  =   -107700.5894  EHBOND  =         0.0000  RESTRAINT  =       194.5631
 EAMBER (non-restraint)  =    -87447.1014
 EKCMT  =      8042.1356  VIRIAL  =     12594.6057  VOLUME     =    361242.8995
                                                    Density    =         0.8175
 Ewald error estimate:   0.2350E-04
 ------------------------------------------------------------------------------


 NSTEP =     1180   TIME(PS) =       6.360  TEMP(K) =   298.39  PRESS =  -357.7
 Etot   =    -69574.6242  EKtot   =     17624.2819  EPtot      =    -87198.9061
 BOND   =       379.4258  ANGLE   =      1048.8923  DIHED      =      1623.2134
 1-4 NB =       433.4364  1-4 EEL =      5417.1915  VDWAALS    =     11478.4922
 EELEC  =   -107764.5954  EHBOND  =         0.0000  RESTRAINT  =       185.0378
 EAMBER (non-restraint)  =    -87383.9439
 EKCMT  =      7941.9592  VIRIAL  =     10730.9793  VOLUME     =    361093.2941
                                                    Density    =         0.8178
 Ewald error estimate:   0.3979E-04
 ------------------------------------------------------------------------------


 NSTEP =     1200   TIME(PS) =       6.400  TEMP(K) =   299.08  PRESS =  -641.6
 Etot   =    -69587.7426  EKtot   =     17665.1530  EPtot      =    -87252.8956
 BOND   =       366.1312  ANGLE   =      1065.5638  DIHED      =      1631.9466
 1-4 NB =       434.3355  1-4 EEL =      5381.1573  VDWAALS    =     11284.5987
 EELEC  =   -107597.0690  EHBOND  =         0.0000  RESTRAINT  =       180.4404
 EAMBER (non-restraint)  =    -87433.3360
 EKCMT  =      8119.7500  VIRIAL  =     13120.0999  VOLUME     =    360933.2899
                                                    Density    =         0.8182
 Ewald error estimate:   0.4057E-04
 ------------------------------------------------------------------------------


 NSTEP =     1220   TIME(PS) =       6.440  TEMP(K) =   298.96  PRESS =  -563.4
 Etot   =    -69539.2206  EKtot   =     17657.6815  EPtot      =    -87196.9021
 BOND   =       387.4386  ANGLE   =      1060.0756  DIHED      =      1618.5359
 1-4 NB =       429.4876  1-4 EEL =      5400.1118  VDWAALS    =     11428.6432
 EELEC  =   -107698.9504  EHBOND  =         0.0000  RESTRAINT  =       177.7556
 EAMBER (non-restraint)  =    -87374.6577
 EKCMT  =      8068.1775  VIRIAL  =     12456.4097  VOLUME     =    360739.4324
                                                    Density    =         0.8186
 Ewald error estimate:   0.2576E-04
 ------------------------------------------------------------------------------


 NSTEP =     1240   TIME(PS) =       6.480  TEMP(K) =   299.05  PRESS =  -437.8
 Etot   =    -69497.4669  EKtot   =     17663.1342  EPtot      =    -87160.6011
 BOND   =       358.6312  ANGLE   =      1083.3879  DIHED      =      1639.0112
 1-4 NB =       437.0620  1-4 EEL =      5386.3862  VDWAALS    =     11472.4940
 EELEC  =   -107720.5945  EHBOND  =         0.0000  RESTRAINT  =       183.0209
 EAMBER (non-restraint)  =    -87343.6220
 EKCMT  =      8101.4259  VIRIAL  =     11510.1704  VOLUME     =    360582.3040
                                                    Density    =         0.8190
 Ewald error estimate:   0.1540E-04
 ------------------------------------------------------------------------------


 NSTEP =     1260   TIME(PS) =       6.520  TEMP(K) =   300.71  PRESS =  -489.0
 Etot   =    -69454.5753  EKtot   =     17761.2222  EPtot      =    -87215.7976
 BOND   =       399.7264  ANGLE   =      1052.7694  DIHED      =      1631.5007
 1-4 NB =       420.0384  1-4 EEL =      5353.2212  VDWAALS    =     11407.9786
 EELEC  =   -107659.7622  EHBOND  =         0.0000  RESTRAINT  =       178.7299
 EAMBER (non-restraint)  =    -87394.5274
 EKCMT  =      8168.0494  VIRIAL  =     11973.4526  VOLUME     =    360451.8427
                                                    Density    =         0.8193
 Ewald error estimate:   0.8679E-04
 ------------------------------------------------------------------------------


 NSTEP =     1280   TIME(PS) =       6.560  TEMP(K) =   297.50  PRESS =  -409.6
 Etot   =    -69528.7170  EKtot   =     17571.7190  EPtot      =    -87100.4360
 BOND   =       389.3463  ANGLE   =      1061.7281  DIHED      =      1619.5426
 1-4 NB =       415.1851  1-4 EEL =      5384.4916  VDWAALS    =     11525.7519
 EELEC  =   -107680.3056  EHBOND  =         0.0000  RESTRAINT  =       183.8241
 EAMBER (non-restraint)  =    -87284.2601
 EKCMT  =      7933.1036  VIRIAL  =     11119.5224  VOLUME     =    360297.2506
                                                    Density    =         0.8196
 Ewald error estimate:   0.8614E-04
 ------------------------------------------------------------------------------


 NSTEP =     1300   TIME(PS) =       6.600  TEMP(K) =   296.27  PRESS =  -398.4
 Etot   =    -69493.4240  EKtot   =     17499.1913  EPtot      =    -86992.6152
 BOND   =       395.9801  ANGLE   =      1053.4428  DIHED      =      1598.5505
 1-4 NB =       429.2344  1-4 EEL =      5350.5598  VDWAALS    =     11517.8136
 EELEC  =   -107525.1606  EHBOND  =         0.0000  RESTRAINT  =       186.9640
 EAMBER (non-restraint)  =    -87179.5793
 EKCMT  =      7918.6946  VIRIAL  =     11016.7587  VOLUME     =    360167.9754
                                                    Density    =         0.8199
 Ewald error estimate:   0.1622E-03
 ------------------------------------------------------------------------------


 NSTEP =     1320   TIME(PS) =       6.640  TEMP(K) =   296.47  PRESS =  -610.9
 Etot   =    -69607.4532  EKtot   =     17510.9805  EPtot      =    -87118.4337
 BOND   =       411.0459  ANGLE   =      1057.4302  DIHED      =      1612.0708
 1-4 NB =       427.8949  1-4 EEL =      5335.6540  VDWAALS    =     11387.8441
 EELEC  =   -107530.0040  EHBOND  =         0.0000  RESTRAINT  =       179.6302
 EAMBER (non-restraint)  =    -87298.0640
 EKCMT  =      7909.0801  VIRIAL  =     12657.0988  VOLUME     =    359991.7483
                                                    Density    =         0.8203
 Ewald error estimate:   0.2852E-04
 ------------------------------------------------------------------------------


 NSTEP =     1340   TIME(PS) =       6.680  TEMP(K) =   295.96  PRESS =  -514.8
 Etot   =    -69552.0266  EKtot   =     17480.5504  EPtot      =    -87032.5770
 BOND   =       401.4846  ANGLE   =      1077.0371  DIHED      =      1618.1948
 1-4 NB =       408.7132  1-4 EEL =      5342.7653  VDWAALS    =     11491.6207
 EELEC  =   -107549.1638  EHBOND  =         0.0000  RESTRAINT  =       176.7712
 EAMBER (non-restraint)  =    -87209.3482
 EKCMT  =      7945.8086  VIRIAL  =     11945.3147  VOLUME     =    359798.7870
                                                    Density    =         0.8207
 Ewald error estimate:   0.1071E-03
 ------------------------------------------------------------------------------


 NSTEP =     1360   TIME(PS) =       6.720  TEMP(K) =   299.34  PRESS =  -598.8
 Etot   =    -69595.6194  EKtot   =     17680.0299  EPtot      =    -87275.6493
 BOND   =       413.9019  ANGLE   =      1039.3138  DIHED      =      1608.3765
 1-4 NB =       437.7426  1-4 EEL =      5402.1242  VDWAALS    =     11582.4778
 EELEC  =   -107935.8514  EHBOND  =         0.0000  RESTRAINT  =       176.2652
 EAMBER (non-restraint)  =    -87451.9145
 EKCMT  =      8076.7239  VIRIAL  =     12726.4995  VOLUME     =    359640.1379
                                                    Density    =         0.8211
 Ewald error estimate:   0.1288E-03
 ------------------------------------------------------------------------------


 NSTEP =     1380   TIME(PS) =       6.760  TEMP(K) =   298.92  PRESS =  -581.2
 Etot   =    -69565.7670  EKtot   =     17655.2668  EPtot      =    -87221.0338
 BOND   =       359.0062  ANGLE   =      1031.2576  DIHED      =      1629.9254
 1-4 NB =       428.2997  1-4 EEL =      5386.1272  VDWAALS    =     11471.0662
 EELEC  =   -107713.0015  EHBOND  =         0.0000  RESTRAINT  =       186.2853
 EAMBER (non-restraint)  =    -87407.3191
 EKCMT  =      8136.7284  VIRIAL  =     12647.8028  VOLUME     =    359461.1677
                                                    Density    =         0.8215
 Ewald error estimate:   0.1994E-04
 ------------------------------------------------------------------------------


 NSTEP =     1400   TIME(PS) =       6.800  TEMP(K) =   298.50  PRESS =  -462.9
 Etot   =    -69582.2173  EKtot   =     17630.7781  EPtot      =    -87212.9954
 BOND   =       399.1625  ANGLE   =      1049.0682  DIHED      =      1626.7155
 1-4 NB =       419.3129  1-4 EEL =      5366.9522  VDWAALS    =     11610.2168
 EELEC  =   -107871.9458  EHBOND  =         0.0000  RESTRAINT  =       187.5224
 EAMBER (non-restraint)  =    -87400.5178
 EKCMT  =      8115.4401  VIRIAL  =     11706.0458  VOLUME     =    359283.1566
                                                    Density    =         0.8219
 Ewald error estimate:   0.7879E-04
 ------------------------------------------------------------------------------


 NSTEP =     1420   TIME(PS) =       6.840  TEMP(K) =   300.25  PRESS =  -601.1
 Etot   =    -69495.4099  EKtot   =     17734.0467  EPtot      =    -87229.4566
 BOND   =       396.6892  ANGLE   =      1086.2341  DIHED      =      1615.8343
 1-4 NB =       424.2025  1-4 EEL =      5342.0850  VDWAALS    =     11426.5878
 EELEC  =   -107697.4008  EHBOND  =         0.0000  RESTRAINT  =       176.3111
 EAMBER (non-restraint)  =    -87405.7677
 EKCMT  =      8197.6297  VIRIAL  =     12858.7686  VOLUME     =    359113.3161
                                                    Density    =         0.8223
 Ewald error estimate:   0.6132E-04
 ------------------------------------------------------------------------------


 NSTEP =     1440   TIME(PS) =       6.880  TEMP(K) =   298.52  PRESS =  -494.4
 Etot   =    -69498.5701  EKtot   =     17631.7862  EPtot      =    -87130.3564
 BOND   =       342.8536  ANGLE   =      1085.8432  DIHED      =      1619.7837
 1-4 NB =       432.7924  1-4 EEL =      5377.7648  VDWAALS    =     11297.8217
 EELEC  =   -107468.5196  EHBOND  =         0.0000  RESTRAINT  =       181.3038
 EAMBER (non-restraint)  =    -87311.6601
 EKCMT  =      8123.6143  VIRIAL  =     11954.8526  VOLUME     =    358937.6304
                                                    Density    =         0.8227
 Ewald error estimate:   0.1890E-04
 ------------------------------------------------------------------------------


 NSTEP =     1460   TIME(PS) =       6.920  TEMP(K) =   298.56  PRESS =  -561.4
 Etot   =    -69519.2467  EKtot   =     17634.3148  EPtot      =    -87153.5615
 BOND   =       393.4129  ANGLE   =      1024.6987  DIHED      =      1627.6492
 1-4 NB =       423.4814  1-4 EEL =      5363.0147  VDWAALS    =     11357.9544
 EELEC  =   -107529.2122  EHBOND  =         0.0000  RESTRAINT  =       185.4393
 EAMBER (non-restraint)  =    -87339.0008
 EKCMT  =      8075.7654  VIRIAL  =     12424.4981  VOLUME     =    358758.6443
                                                    Density    =         0.8231
 Ewald error estimate:   0.8107E-04
 ------------------------------------------------------------------------------


 NSTEP =     1480   TIME(PS) =       6.960  TEMP(K) =   296.77  PRESS =  -506.5
 Etot   =    -69513.6515  EKtot   =     17528.7426  EPtot      =    -87042.3942
 BOND   =       382.6575  ANGLE   =      1084.7065  DIHED      =      1633.7739
 1-4 NB =       427.4177  1-4 EEL =      5378.9514  VDWAALS    =     11433.7605
 EELEC  =   -107573.8168  EHBOND  =         0.0000  RESTRAINT  =       190.1551
 EAMBER (non-restraint)  =    -87232.5493
 EKCMT  =      8064.0011  VIRIAL  =     11985.6748  VOLUME     =    358579.9118
                                                    Density    =         0.8235
 Ewald error estimate:   0.4703E-04
 ------------------------------------------------------------------------------


 NSTEP =     1500   TIME(PS) =       7.000  TEMP(K) =   300.04  PRESS =  -526.9
 Etot   =    -69504.1280  EKtot   =     17721.5731  EPtot      =    -87225.7011
 BOND   =       370.6754  ANGLE   =      1051.2120  DIHED      =      1609.3565
 1-4 NB =       427.0159  1-4 EEL =      5379.5239  VDWAALS    =     11308.1342
 EELEC  =   -107560.4347  EHBOND  =         0.0000  RESTRAINT  =       188.8158
 EAMBER (non-restraint)  =    -87414.5169
 EKCMT  =      8185.6960  VIRIAL  =     12263.7280  VOLUME     =    358434.5139
                                                    Density    =         0.8239
 Ewald error estimate:   0.6813E-04
 ------------------------------------------------------------------------------


 NSTEP =     1520   TIME(PS) =       7.040  TEMP(K) =   299.11  PRESS =  -574.6
 Etot   =    -69534.3451  EKtot   =     17666.6586  EPtot      =    -87201.0037
 BOND   =       384.0240  ANGLE   =      1070.5264  DIHED      =      1602.0741
 1-4 NB =       435.4820  1-4 EEL =      5320.4020  VDWAALS    =     11403.6406
 EELEC  =   -107609.0683  EHBOND  =         0.0000  RESTRAINT  =       191.9155
 EAMBER (non-restraint)  =    -87392.9192
 EKCMT  =      8104.1830  VIRIAL  =     12548.6491  VOLUME     =    358235.6146
                                                    Density    =         0.8243
 Ewald error estimate:   0.1622E-03
 ------------------------------------------------------------------------------


 NSTEP =     1540   TIME(PS) =       7.080  TEMP(K) =   302.87  PRESS =  -598.5
 Etot   =    -69409.1888  EKtot   =     17888.5563  EPtot      =    -87297.7451
 BOND   =       357.8068  ANGLE   =      1052.4131  DIHED      =      1647.2515
 1-4 NB =       433.1941  1-4 EEL =      5371.3435  VDWAALS    =     11236.3513
 EELEC  =   -107591.2673  EHBOND  =         0.0000  RESTRAINT  =       195.1619
 EAMBER (non-restraint)  =    -87492.9070
 EKCMT  =      8239.5073  VIRIAL  =     12866.7698  VOLUME     =    358066.1416
                                                    Density    =         0.8247
 Ewald error estimate:   0.1429E-03
 ------------------------------------------------------------------------------


 NSTEP =     1560   TIME(PS) =       7.120  TEMP(K) =   301.55  PRESS =  -527.9
 Etot   =    -69338.6825  EKtot   =     17810.5616  EPtot      =    -87149.2441
 BOND   =       339.9536  ANGLE   =      1067.9019  DIHED      =      1650.7563
 1-4 NB =       427.6514  1-4 EEL =      5345.9123  VDWAALS    =     11407.0306
 EELEC  =   -107587.8136  EHBOND  =         0.0000  RESTRAINT  =       199.3634
 EAMBER (non-restraint)  =    -87348.6075
 EKCMT  =      8213.2633  VIRIAL  =     12292.5505  VOLUME     =    357872.7373
                                                    Density    =         0.8252
 Ewald error estimate:   0.3842E-04
 ------------------------------------------------------------------------------


 NSTEP =     1580   TIME(PS) =       7.160  TEMP(K) =   302.89  PRESS =  -573.7
 Etot   =    -69359.2133  EKtot   =     17890.0613  EPtot      =    -87249.2747
 BOND   =       405.5760  ANGLE   =      1037.0804  DIHED      =      1627.4584
 1-4 NB =       436.3664  1-4 EEL =      5380.0656  VDWAALS    =     11454.6768
 EELEC  =   -107786.6185  EHBOND  =         0.0000  RESTRAINT  =       196.1202
 EAMBER (non-restraint)  =    -87445.3949
 EKCMT  =      8216.2607  VIRIAL  =     12647.0953  VOLUME     =    357707.1548
                                                    Density    =         0.8255
 Ewald error estimate:   0.9165E-04
 ------------------------------------------------------------------------------


 NSTEP =     1600   TIME(PS) =       7.200  TEMP(K) =   303.86  PRESS =  -487.8
 Etot   =    -69319.3261  EKtot   =     17947.1049  EPtot      =    -87266.4310
 BOND   =       394.8449  ANGLE   =      1055.8827  DIHED      =      1631.2433
 1-4 NB =       421.5968  1-4 EEL =      5370.0308  VDWAALS    =     11360.5040
 EELEC  =   -107695.7302  EHBOND  =         0.0000  RESTRAINT  =       195.1967
 EAMBER (non-restraint)  =    -87461.6277
 EKCMT  =      8269.6666  VIRIAL  =     12035.5227  VOLUME     =    357549.8122
                                                    Density    =         0.8259
 Ewald error estimate:   0.5635E-04
 ------------------------------------------------------------------------------


 NSTEP =     1620   TIME(PS) =       7.240  TEMP(K) =   303.31  PRESS =  -537.6
 Etot   =    -69365.6345  EKtot   =     17914.5379  EPtot      =    -87280.1724
 BOND   =       351.5629  ANGLE   =      1055.8265  DIHED      =      1640.2012
 1-4 NB =       425.0985  1-4 EEL =      5353.7102  VDWAALS    =     11416.7575
 EELEC  =   -107715.6733  EHBOND  =         0.0000  RESTRAINT  =       192.3441
 EAMBER (non-restraint)  =    -87472.5165
 EKCMT  =      8307.1227  VIRIAL  =     12455.6748  VOLUME     =    357387.4920
                                                    Density    =         0.8263
 Ewald error estimate:   0.4872E-05
 ------------------------------------------------------------------------------


 NSTEP =     1640   TIME(PS) =       7.280  TEMP(K) =   301.24  PRESS =  -482.7
 Etot   =    -69439.6236  EKtot   =     17792.4455  EPtot      =    -87232.0690
 BOND   =       381.3268  ANGLE   =      1018.3963  DIHED      =      1641.8213
 1-4 NB =       428.3870  1-4 EEL =      5366.4062  VDWAALS    =     11512.9756
 EELEC  =   -107765.4201  EHBOND  =         0.0000  RESTRAINT  =       184.0379
 EAMBER (non-restraint)  =    -87416.1070
 EKCMT  =      8186.8262  VIRIAL  =     11909.8104  VOLUME     =    357245.2033
                                                    Density    =         0.8266
 Ewald error estimate:   0.1403E-03
 ------------------------------------------------------------------------------


 NSTEP =     1660   TIME(PS) =       7.320  TEMP(K) =   300.97  PRESS =  -475.3
 Etot   =    -69427.8513  EKtot   =     17776.7761  EPtot      =    -87204.6275
 BOND   =       364.0240  ANGLE   =      1042.8867  DIHED      =      1628.1723
 1-4 NB =       434.2439  1-4 EEL =      5358.7977  VDWAALS    =     11440.3009
 EELEC  =   -107646.3753  EHBOND  =         0.0000  RESTRAINT  =       173.3223
 EAMBER (non-restraint)  =    -87377.9497
 EKCMT  =      8140.9782  VIRIAL  =     11804.9604  VOLUME     =    357063.5786
                                                    Density    =         0.8270
 Ewald error estimate:   0.2061E-03
 ------------------------------------------------------------------------------


 NSTEP =     1680   TIME(PS) =       7.360  TEMP(K) =   299.57  PRESS =  -439.7
 Etot   =    -69502.5233  EKtot   =     17693.6437  EPtot      =    -87196.1670
 BOND   =       391.4243  ANGLE   =      1043.9348  DIHED      =      1635.3085
 1-4 NB =       433.4006  1-4 EEL =      5358.3149  VDWAALS    =     11541.1345
 EELEC  =   -107771.0977  EHBOND  =         0.0000  RESTRAINT  =       171.4130
 EAMBER (non-restraint)  =    -87367.5800
 EKCMT  =      8063.0967  VIRIAL  =     11452.0217  VOLUME     =    356932.2042
                                                    Density    =         0.8273
 Ewald error estimate:   0.2948E-04
 ------------------------------------------------------------------------------


 NSTEP =     1700   TIME(PS) =       7.400  TEMP(K) =   301.52  PRESS =  -442.7
 Etot   =    -69502.5730  EKtot   =     17808.9213  EPtot      =    -87311.4943
 BOND   =       380.5323  ANGLE   =      1026.6695  DIHED      =      1641.7985
 1-4 NB =       426.4966  1-4 EEL =      5379.9537  VDWAALS    =     11505.4113
 EELEC  =   -107839.4249  EHBOND  =         0.0000  RESTRAINT  =       167.0688
 EAMBER (non-restraint)  =    -87478.5631
 EKCMT  =      8163.8787  VIRIAL  =     11573.9706  VOLUME     =    356782.5330
                                                    Density    =         0.8277
 Ewald error estimate:   0.2002E-04
 ------------------------------------------------------------------------------


 NSTEP =     1720   TIME(PS) =       7.440  TEMP(K) =   299.75  PRESS =  -403.3
 Etot   =    -69520.7397  EKtot   =     17704.5340  EPtot      =    -87225.2737
 BOND   =       372.2563  ANGLE   =      1040.7125  DIHED      =      1633.4759
 1-4 NB =       439.0350  1-4 EEL =      5375.7832  VDWAALS    =     11539.6118
 EELEC  =   -107794.7809  EHBOND  =         0.0000  RESTRAINT  =       168.6325
 EAMBER (non-restraint)  =    -87393.9062
 EKCMT  =      8050.1622  VIRIAL  =     11155.4600  VOLUME     =    356655.9009
                                                    Density    =         0.8280
 Ewald error estimate:   0.7548E-05
 ------------------------------------------------------------------------------


 NSTEP =     1740   TIME(PS) =       7.480  TEMP(K) =   299.05  PRESS =  -471.0
 Etot   =    -69539.4815  EKtot   =     17663.3186  EPtot      =    -87202.8000
 BOND   =       388.2254  ANGLE   =      1037.9651  DIHED      =      1631.0310
 1-4 NB =       435.2107  1-4 EEL =      5362.1404  VDWAALS    =     11500.2489
 EELEC  =   -107730.3354  EHBOND  =         0.0000  RESTRAINT  =       172.7139
 EAMBER (non-restraint)  =    -87375.5139
 EKCMT  =      8059.9252  VIRIAL  =     11685.2788  VOLUME     =    356499.5788
                                                    Density    =         0.8283
 Ewald error estimate:   0.3365E-04
 ------------------------------------------------------------------------------


 NSTEP =     1760   TIME(PS) =       7.520  TEMP(K) =   300.37  PRESS =  -435.6
 Etot   =    -69514.7319  EKtot   =     17741.2079  EPtot      =    -87255.9398
 BOND   =       376.0464  ANGLE   =      1075.9918  DIHED      =      1608.8925
 1-4 NB =       421.3013  1-4 EEL =      5357.9298  VDWAALS    =     11395.5565
 EELEC  =   -107671.5553  EHBOND  =         0.0000  RESTRAINT  =       179.8972
 EAMBER (non-restraint)  =    -87435.8370
 EKCMT  =      8141.0763  VIRIAL  =     11492.1909  VOLUME     =    356344.9471
                                                    Density    =         0.8287
 Ewald error estimate:   0.1226E-05
 ------------------------------------------------------------------------------


 NSTEP =     1780   TIME(PS) =       7.560  TEMP(K) =   300.09  PRESS =  -655.9
 Etot   =    -69584.4199  EKtot   =     17724.5748  EPtot      =    -87308.9947
 BOND   =       373.6744  ANGLE   =      1076.1788  DIHED      =      1639.2049
 1-4 NB =       438.0499  1-4 EEL =      5400.8535  VDWAALS    =     11169.0865
 EELEC  =   -107587.2544  EHBOND  =         0.0000  RESTRAINT  =       181.2117
 EAMBER (non-restraint)  =    -87490.2064
 EKCMT  =      8107.6685  VIRIAL  =     13152.0568  VOLUME     =    356172.2865
                                                    Density    =         0.8291
 Ewald error estimate:   0.2388E-04
 ------------------------------------------------------------------------------


 NSTEP =     1800   TIME(PS) =       7.600  TEMP(K) =   298.61  PRESS =  -623.8
 Etot   =    -69617.1374  EKtot   =     17637.0728  EPtot      =    -87254.2102
 BOND   =       396.8053  ANGLE   =      1089.3704  DIHED      =      1628.4482
 1-4 NB =       431.0421  1-4 EEL =      5382.4034  VDWAALS    =     11263.4101
 EELEC  =   -107614.8989  EHBOND  =         0.0000  RESTRAINT  =       169.2091
 EAMBER (non-restraint)  =    -87423.4194
 EKCMT  =      8101.5870  VIRIAL  =     12895.8937  VOLUME     =    355983.7610
                                                    Density    =         0.8295
 Ewald error estimate:   0.1234E-03
 ------------------------------------------------------------------------------


 NSTEP =     1820   TIME(PS) =       7.640  TEMP(K) =   302.82  PRESS =  -519.7
 Etot   =    -69532.4036  EKtot   =     17885.7416  EPtot      =    -87418.1452
 BOND   =       396.8206  ANGLE   =      1052.6199  DIHED      =      1623.3098
 1-4 NB =       421.4600  1-4 EEL =      5370.7628  VDWAALS    =     11340.3664
 EELEC  =   -107789.2414  EHBOND  =         0.0000  RESTRAINT  =       165.7567
 EAMBER (non-restraint)  =    -87583.9019
 EKCMT  =      8195.0045  VIRIAL  =     12187.4530  VOLUME     =    355799.1353
                                                    Density    =         0.8300
 Ewald error estimate:   0.1362E-03
 ------------------------------------------------------------------------------


 NSTEP =     1840   TIME(PS) =       7.680  TEMP(K) =   299.83  PRESS =  -570.3
 Etot   =    -69542.9638  EKtot   =     17709.3344  EPtot      =    -87252.2982
 BOND   =       369.1748  ANGLE   =      1055.6561  DIHED      =      1639.1563
 1-4 NB =       427.2706  1-4 EEL =      5366.7753  VDWAALS    =     11329.4493
 EELEC  =   -107603.0529  EHBOND  =         0.0000  RESTRAINT  =       163.2722
 EAMBER (non-restraint)  =    -87415.5704
 EKCMT  =      8124.2024  VIRIAL  =     12502.6059  VOLUME     =    355608.6228
                                                    Density    =         0.8304
 Ewald error estimate:   0.7359E-04
 ------------------------------------------------------------------------------


 NSTEP =     1860   TIME(PS) =       7.720  TEMP(K) =   299.56  PRESS =  -666.8
 Etot   =    -69673.1444  EKtot   =     17693.4363  EPtot      =    -87366.5808
 BOND   =       372.3321  ANGLE   =      1052.9981  DIHED      =      1624.9650
 1-4 NB =       438.5925  1-4 EEL =      5391.9484  VDWAALS    =     11225.6992
 EELEC  =   -107636.5455  EHBOND  =         0.0000  RESTRAINT  =       163.4295
 EAMBER (non-restraint)  =    -87530.0103
 EKCMT  =      8092.6688  VIRIAL  =     13209.8877  VOLUME     =    355414.0124
                                                    Density    =         0.8309
 Ewald error estimate:   0.1054E-04
 ------------------------------------------------------------------------------


 NSTEP =     1880   TIME(PS) =       7.760  TEMP(K) =   297.95  PRESS =  -479.3
 Etot   =    -69676.1336  EKtot   =     17598.2422  EPtot      =    -87274.3759
 BOND   =       393.9718  ANGLE   =      1077.9765  DIHED      =      1619.8812
 1-4 NB =       424.2652  1-4 EEL =      5416.1177  VDWAALS    =     11523.0679
 EELEC  =   -107894.6997  EHBOND  =         0.0000  RESTRAINT  =       165.0436
 EAMBER (non-restraint)  =    -87439.4195
 EKCMT  =      8063.6748  VIRIAL  =     11739.4806  VOLUME     =    355218.7881
                                                    Density    =         0.8313
 Ewald error estimate:   0.5370E-04
 ------------------------------------------------------------------------------


 NSTEP =     1900   TIME(PS) =       7.800  TEMP(K) =   300.45  PRESS =  -419.7
 Etot   =    -69656.2140  EKtot   =     17745.7025  EPtot      =    -87401.9164
 BOND   =       372.8373  ANGLE   =      1062.9870  DIHED      =      1617.3107
 1-4 NB =       421.2696  1-4 EEL =      5401.5809  VDWAALS    =     11556.5500
 EELEC  =   -107998.8482  EHBOND  =         0.0000  RESTRAINT  =       164.3962
 EAMBER (non-restraint)  =    -87566.3127
 EKCMT  =      8111.8580  VIRIAL  =     11329.5923  VOLUME     =    355059.5251
                                                    Density    =         0.8317
 Ewald error estimate:   0.3682E-04
 ------------------------------------------------------------------------------


 NSTEP =     1920   TIME(PS) =       7.840  TEMP(K) =   299.83  PRESS =  -336.3
 Etot   =    -69605.2730  EKtot   =     17709.2675  EPtot      =    -87314.5405
 BOND   =       372.4868  ANGLE   =      1074.7735  DIHED      =      1620.6970
 1-4 NB =       434.0236  1-4 EEL =      5359.9404  VDWAALS    =     11544.5119
 EELEC  =   -107890.1441  EHBOND  =         0.0000  RESTRAINT  =       169.1705
 EAMBER (non-restraint)  =    -87483.7110
 EKCMT  =      8076.4290  VIRIAL  =     10653.5169  VOLUME     =    354966.1641
                                                    Density    =         0.8319
 Ewald error estimate:   0.7446E-04
 ------------------------------------------------------------------------------


 NSTEP =     1940   TIME(PS) =       7.880  TEMP(K) =   301.65  PRESS =  -574.2
 Etot   =    -69632.8307  EKtot   =     17817.0428  EPtot      =    -87449.8735
 BOND   =       387.3808  ANGLE   =      1070.1934  DIHED      =      1614.3603
 1-4 NB =       440.7104  1-4 EEL =      5382.5694  VDWAALS    =     11472.7736
 EELEC  =   -107988.5517  EHBOND  =         0.0000  RESTRAINT  =       170.6904
 EAMBER (non-restraint)  =    -87620.5638
 EKCMT  =      8136.6454  VIRIAL  =     12535.6797  VOLUME     =    354820.5275
                                                    Density    =         0.8323
 Ewald error estimate:   0.8027E-04
 ------------------------------------------------------------------------------


 NSTEP =     1960   TIME(PS) =       7.920  TEMP(K) =   300.61  PRESS =  -395.1
 Etot   =    -69689.0338  EKtot   =     17755.2313  EPtot      =    -87444.2651
 BOND   =       356.4231  ANGLE   =      1076.3624  DIHED      =      1633.2225
 1-4 NB =       422.5766  1-4 EEL =      5348.0919  VDWAALS    =     11596.8359
 EELEC  =   -108047.6590  EHBOND  =         0.0000  RESTRAINT  =       169.8815
 EAMBER (non-restraint)  =    -87614.1467
 EKCMT  =      8122.5822  VIRIAL  =     11147.7359  VOLUME     =    354661.1525
                                                    Density    =         0.8326
 Ewald error estimate:   0.4865E-04
 ------------------------------------------------------------------------------


 NSTEP =     1980   TIME(PS) =       7.960  TEMP(K) =   299.75  PRESS =  -378.9
 Etot   =    -69816.1875  EKtot   =     17704.8177  EPtot      =    -87521.0052
 BOND   =       366.5001  ANGLE   =      1107.4908  DIHED      =      1610.6803
 1-4 NB =       424.4926  1-4 EEL =      5393.9894  VDWAALS    =     11531.7703
 EELEC  =   -108124.6527  EHBOND  =         0.0000  RESTRAINT  =       168.7240
 EAMBER (non-restraint)  =    -87689.7292
 EKCMT  =      8033.2499  VIRIAL  =     10933.6262  VOLUME     =    354561.6843
                                                    Density    =         0.8329
 Ewald error estimate:   0.1101E-03
 ------------------------------------------------------------------------------


 NSTEP =     2000   TIME(PS) =       8.000  TEMP(K) =   299.15  PRESS =  -529.8
 Etot   =    -69756.6352  EKtot   =     17669.3232  EPtot      =    -87425.9584
 BOND   =       360.6579  ANGLE   =      1081.7661  DIHED      =      1640.0137
 1-4 NB =       442.1096  1-4 EEL =      5392.8142  VDWAALS    =     11442.4089
 EELEC  =   -107954.2632  EHBOND  =         0.0000  RESTRAINT  =       168.5343
 EAMBER (non-restraint)  =    -87594.4928
 EKCMT  =      8067.4226  VIRIAL  =     12121.5874  VOLUME     =    354410.0882
                                                    Density    =         0.8332
 Ewald error estimate:   0.1527E-04
 ------------------------------------------------------------------------------


      A V E R A G E S   O V E R     100 S T E P S


 NSTEP =     2000   TIME(PS) =       8.000  TEMP(K) =   297.15  PRESS =  -474.8
 Etot   =    -69847.2521  EKtot   =     17550.8328  EPtot      =    -87398.0848
 BOND   =       384.8253  ANGLE   =      1052.0410  DIHED      =      1622.9687
 1-4 NB =       429.0718  1-4 EEL =      5369.8187  VDWAALS    =     11588.1131
 EELEC  =   -108012.2354  EHBOND  =         0.0000  RESTRAINT  =       167.3119
 EAMBER (non-restraint)  =    -87565.3967
 EKCMT  =      8034.6922  VIRIAL  =     11745.3274  VOLUME     =    362422.0732
                                                    Density    =         0.8149
 Ewald error estimate:   0.6605E-04
 ------------------------------------------------------------------------------


      R M S  F L U C T U A T I O N S


 NSTEP =     2000   TIME(PS) =       8.000  TEMP(K) =     3.98  PRESS =   110.5
 Etot   =       625.7174  EKtot   =       235.1946  EPtot      =       425.6079
 BOND   =        16.7739  ANGLE   =        21.6678  DIHED      =        11.8889
 1-4 NB =         7.9925  1-4 EEL =        22.3992  VDWAALS    =       270.9562
 EELEC  =       646.4270  EHBOND  =         0.0000  RESTRAINT  =        17.9657
 EAMBER (non-restraint)  =       407.6422
 EKCMT  =       131.2145  VIRIAL  =       923.2579  VOLUME     =      4633.8479
                                                    Density    =         0.0104
 Ewald error estimate:   0.4736E-04
 ------------------------------------------------------------------------------

--------------------------------------------------------------------------------
   5.  TIMINGS
--------------------------------------------------------------------------------

|  NonSetup CPU Time in Major Routines, Average for All Tasks:
|
|     Routine           Sec        %
|     ------------------------------
|     DataDistrib       3.14   35.09
|     Nonbond           5.33   59.65
|     Bond              0.00    0.04
|     Angle             0.01    0.12
|     Dihedral          0.03    0.36
|     Shake             0.01    0.10
|     RunMD             0.41    4.59
|     Other             0.00    0.05
|     ------------------------------
|     Total             8.94

|  PME Nonbond Pairlist CPU Time, Average for All Tasks:
|
|     Routine              Sec        %
|     ---------------------------------
|     Set Up Cit           0.14    1.54
|     Build List           0.45    5.05
|     ---------------------------------
|     Total                0.59    6.59

|  PME Direct Force CPU Time, Average for All Tasks:
|
|     Routine              Sec        %
|     ---------------------------------
|     NonBonded Calc       2.98   33.35
|     Exclude Masked       0.04    0.39
|     Other                0.29    3.26
|     ---------------------------------
|     Total                3.31   37.00

|  PME Reciprocal Force CPU Time, Average for All Tasks:
|
|     Routine              Sec        %
|     ---------------------------------
|     1D bspline           0.11    1.24
|     Grid Charges         0.10    1.07
|     Scalar Sum           0.02    0.18
|     Gradient Sum         0.09    1.02
|     FFT                  1.11   12.43
|     ---------------------------------
|     Total                1.43   15.94

|  PME Load Balancing CPU Time, Average for All Tasks:
|
|     Routine                 Sec        %
|     ------------------------------------
|     Atom Reassign           0.00    0.00
|     Image Reassign          0.00    0.03
|     FFT Reassign            0.01    0.06
|     ------------------------------------
|     Total                   0.01    0.09

|  Final Performance Info:
|     -----------------------------------------------------
|     Average timings for last    1980 steps:
|     Elapsed(s) =       9.55 Per Step(ms) =       4.83
|         ns/day =      35.81   seconds/ns =    2412.85
|
|     Average timings for all steps:
|     Elapsed(s) =      10.53 Per Step(ms) =       5.26
|         ns/day =      32.83   seconds/ns =    2631.54
|     -----------------------------------------------------

|  Master Setup CPU time:            0.47 seconds
|  Master NonSetup CPU time:         8.92 seconds
|  Master Total CPU time:            9.39 seconds     0.00 hours

|  Master Setup wall time:           1    seconds
|  Master NonSetup wall time:       10    seconds
|  Master Total wall time:          11    seconds     0.00 hours
